---------------------------------------------------------------
[ 2019-06-17T03:42:02+08:00 ] 127.0.0.1 GET project-tp5-fastadmin181210.test/admin/index/login
[运行时间：0.094073s] [吞吐率：10.63req/s] [内存消耗：2,761.26kb] [文件加载：70]
[ info ] [ BEHAVIOR ] Run Closure @app_init [ RunTime:0.000254s ]
[ info ] [ CACHE ] INIT File
[ info ] [ BEHAVIOR ] Run Closure @app_init [ RunTime:0.002256s ]
[ info ] [ LANG ] /Users/cenyebao/web/project-tp5-fastadmin181210/thinkphp/lang/zh-cn.php
[ info ] [ ROUTE ] array (
  'type' => 'module',
  'module' => 
  array (
    0 => 'admin',
    1 => 'index',
    2 => 'login',
  ),
)
[ info ] [ HEADER ] array (
  'host' => 'project-tp5-fastadmin181210.test',
  'connection' => 'keep-alive',
  'upgrade-insecure-requests' => '1',
  'user-agent' => 'Mozilla/5.0 (Macintosh; Intel Mac OS X 10_12_4) AppleWebKit/537.36 (KHTML, like Gecko) Chrome/74.0.3729.169 Safari/537.36',
  'accept' => 'text/html,application/xhtml+xml,application/xml;q=0.9,image/webp,image/apng,*/*;q=0.8,application/signed-exchange;v=b3',
  'accept-encoding' => 'gzip, deflate',
  'accept-language' => 'zh-CN,zh;q=0.9',
  'cookie' => 'PHPSESSID=e54854849cc353b70c2df993952eb166',
)
[ info ] [ PARAM ] array (
)
[ info ] [ LANG ] /Users/cenyebao/web/project-tp5-fastadmin181210/public/../application/admin/lang/zh-cn.php
[ info ] [ BEHAVIOR ] Run app\common\behavior\Common @module_init [ RunTime:0.005055s ]
[ info ] [ SESSION ] INIT array (
  'id' => '',
  'var_session_id' => '',
  'prefix' => 'think',
  'type' => '',
  'auto_start' => true,
)
[ info ] [ LANG ] /Users/cenyebao/web/project-tp5-fastadmin181210/public/../application/admin/lang/zh-cn/index.php
[ info ] [ RUN ] app\admin\controller\Index->login[ /Users/cenyebao/web/project-tp5-fastadmin181210/application/admin/controller/Index.php ]
[ info ] [ VIEW ] /Users/cenyebao/web/project-tp5-fastadmin181210/public/../application/common/view/tpl/dispatch_jump.tpl [ array (
  0 => 'breadcrumb',
  1 => 'site',
  2 => 'config',
  3 => 'auth',
  4 => 'admin',
  5 => 'code',
  6 => 'msg',
  7 => 'data',
  8 => 'url',
  9 => 'wait',
) ]
[ info ] [ BEHAVIOR ] Run app\admin\behavior\AdminLog @app_end [ RunTime:0.000437s ]
[ info ] [ LOG ] INIT File
---------------------------------------------------------------
[ 2019-06-17T03:42:06+08:00 ] 127.0.0.1 GET project-tp5-fastadmin181210.test/admin/index/index
[运行时间：0.177133s] [吞吐率：5.65req/s] [内存消耗：3,983.43kb] [文件加载：89]
[ info ] [ BEHAVIOR ] Run Closure @app_init [ RunTime:0.000034s ]
[ info ] [ CACHE ] INIT File
[ info ] [ BEHAVIOR ] Run Closure @app_init [ RunTime:0.001464s ]
[ info ] [ LANG ] /Users/cenyebao/web/project-tp5-fastadmin181210/thinkphp/lang/zh-cn.php
[ info ] [ ROUTE ] array (
  'type' => 'module',
  'module' => 
  array (
    0 => 'admin',
    1 => 'index',
    2 => 'index',
  ),
)
[ info ] [ HEADER ] array (
  'host' => 'project-tp5-fastadmin181210.test',
  'connection' => 'keep-alive',
  'upgrade-insecure-requests' => '1',
  'user-agent' => 'Mozilla/5.0 (Macintosh; Intel Mac OS X 10_12_4) AppleWebKit/537.36 (KHTML, like Gecko) Chrome/74.0.3729.169 Safari/537.36',
  'accept' => 'text/html,application/xhtml+xml,application/xml;q=0.9,image/webp,image/apng,*/*;q=0.8,application/signed-exchange;v=b3',
  'referer' => 'http://project-tp5-fastadmin181210.test/admin/index/login',
  'accept-encoding' => 'gzip, deflate',
  'accept-language' => 'zh-CN,zh;q=0.9',
  'cookie' => 'PHPSESSID=e54854849cc353b70c2df993952eb166',
)
[ info ] [ PARAM ] array (
)
[ info ] [ LANG ] /Users/cenyebao/web/project-tp5-fastadmin181210/public/../application/admin/lang/zh-cn.php
[ info ] [ BEHAVIOR ] Run app\common\behavior\Common @module_init [ RunTime:0.003176s ]
[ info ] [ SESSION ] INIT array (
  'id' => '',
  'var_session_id' => '',
  'prefix' => 'think',
  'type' => '',
  'auto_start' => true,
)
[ info ] [ LANG ] /Users/cenyebao/web/project-tp5-fastadmin181210/public/../application/admin/lang/zh-cn/index.php
[ info ] [ RUN ] app\admin\controller\Index->index[ /Users/cenyebao/web/project-tp5-fastadmin181210/application/admin/controller/Index.php ]
[ info ] [ DB ] INIT mysql
[ info ] [ VIEW ] /Users/cenyebao/web/project-tp5-fastadmin181210/public/../application/admin/view/index/index.html [ array (
  0 => 'breadcrumb',
  1 => 'site',
  2 => 'config',
  3 => 'auth',
  4 => 'admin',
  5 => 'menulist',
  6 => 'navlist',
  7 => 'fixedmenu',
  8 => 'referermenu',
  9 => 'title',
) ]
[ info ] [ BEHAVIOR ] Run app\admin\behavior\AdminLog @app_end [ RunTime:0.000107s ]
[ info ] [ LOG ] INIT File
[ sql ] [ DB ] CONNECT:[ UseTime:0.001822s ] mysql:host=127.0.0.1;port=3306;dbname=p_tp5_fadmin181210;charset=utf8
[ sql ] [ SQL ] SHOW COLUMNS FROM `fa_auth_group_access` [ RunTime:0.003668s ]
[ sql ] [ SQL ] SELECT `aga`.`uid`,`aga`.`group_id`,`ag`.`id`,`ag`.`pid`,`ag`.`name`,`ag`.`rules` FROM `fa_auth_group_access` `aga` LEFT JOIN `fa_auth_group` `ag` ON `aga`.`group_id`=`ag`.`id` WHERE  (  aga.uid='1' and ag.status='normal' ) [ RunTime:0.002472s ]
[ sql ] [ SQL ] SHOW COLUMNS FROM `fa_auth_rule` [ RunTime:0.004065s ]
[ sql ] [ SQL ] SELECT `id`,`pid`,`condition`,`icon`,`name`,`title`,`ismenu` FROM `fa_auth_rule` WHERE  `status` = 'normal' [ RunTime:0.001365s ]
---------------------------------------------------------------
[ 2019-06-17T03:42:06+08:00 ] 127.0.0.1 GET project-tp5-fastadmin181210.test/admin/dashboard?addtabs=1
[运行时间：0.075782s] [吞吐率：13.20req/s] [内存消耗：3,748.30kb] [文件加载：79]
[ info ] [ BEHAVIOR ] Run Closure @app_init [ RunTime:0.000047s ]
[ info ] [ CACHE ] INIT File
[ info ] [ BEHAVIOR ] Run Closure @app_init [ RunTime:0.001639s ]
[ info ] [ LANG ] /Users/cenyebao/web/project-tp5-fastadmin181210/thinkphp/lang/zh-cn.php
[ info ] [ ROUTE ] array (
  'type' => 'module',
  'module' => 
  array (
    0 => 'admin',
    1 => 'dashboard',
    2 => NULL,
  ),
)
[ info ] [ HEADER ] array (
  'host' => 'project-tp5-fastadmin181210.test',
  'connection' => 'keep-alive',
  'upgrade-insecure-requests' => '1',
  'user-agent' => 'Mozilla/5.0 (Macintosh; Intel Mac OS X 10_12_4) AppleWebKit/537.36 (KHTML, like Gecko) Chrome/74.0.3729.169 Safari/537.36',
  'accept' => 'text/html,application/xhtml+xml,application/xml;q=0.9,image/webp,image/apng,*/*;q=0.8,application/signed-exchange;v=b3',
  'referer' => 'http://project-tp5-fastadmin181210.test/admin/index/index',
  'accept-encoding' => 'gzip, deflate',
  'accept-language' => 'zh-CN,zh;q=0.9',
  'cookie' => 'PHPSESSID=e54854849cc353b70c2df993952eb166',
)
[ info ] [ PARAM ] array (
  'addtabs' => '1',
)
[ info ] [ LANG ] /Users/cenyebao/web/project-tp5-fastadmin181210/public/../application/admin/lang/zh-cn.php
[ info ] [ BEHAVIOR ] Run app\common\behavior\Common @module_init [ RunTime:0.002212s ]
[ info ] [ SESSION ] INIT array (
  'id' => '',
  'var_session_id' => '',
  'prefix' => 'think',
  'type' => '',
  'auto_start' => true,
)
[ info ] [ DB ] INIT mysql
[ info ] [ LANG ] /Users/cenyebao/web/project-tp5-fastadmin181210/public/../application/admin/lang/zh-cn/dashboard.php
[ info ] [ RUN ] app\admin\controller\Dashboard->index[ /Users/cenyebao/web/project-tp5-fastadmin181210/application/admin/controller/Dashboard.php ]
[ info ] [ VIEW ] /Users/cenyebao/web/project-tp5-fastadmin181210/public/../application/admin/view/dashboard/index.html [ array (
  0 => 'breadcrumb',
  1 => 'site',
  2 => 'config',
  3 => 'auth',
  4 => 'admin',
  5 => 'totaluser',
  6 => 'totalviews',
  7 => 'totalorder',
  8 => 'totalorderamount',
  9 => 'todayuserlogin',
  10 => 'todayusersignup',
  11 => 'todayorder',
  12 => 'unsettleorder',
  13 => 'sevendnu',
  14 => 'sevendau',
  15 => 'paylist',
  16 => 'createlist',
  17 => 'addonversion',
  18 => 'uploadmode',
) ]
[ info ] [ BEHAVIOR ] Run app\admin\behavior\AdminLog @app_end [ RunTime:0.000137s ]
[ info ] [ LOG ] INIT File
[ sql ] [ DB ] CONNECT:[ UseTime:0.000527s ] mysql:host=127.0.0.1;port=3306;dbname=p_tp5_fadmin181210;charset=utf8
[ sql ] [ SQL ] SHOW COLUMNS FROM `fa_auth_group_access` [ RunTime:0.002421s ]
[ sql ] [ SQL ] SELECT `aga`.`uid`,`aga`.`group_id`,`ag`.`id`,`ag`.`pid`,`ag`.`name`,`ag`.`rules` FROM `fa_auth_group_access` `aga` LEFT JOIN `fa_auth_group` `ag` ON `aga`.`group_id`=`ag`.`id` WHERE  (  aga.uid='1' and ag.status='normal' ) [ RunTime:0.000825s ]
[ sql ] [ SQL ] SHOW COLUMNS FROM `fa_auth_rule` [ RunTime:0.002711s ]
[ sql ] [ SQL ] SELECT `id`,`pid`,`condition`,`icon`,`name`,`title`,`ismenu` FROM `fa_auth_rule` WHERE  `status` = 'normal' [ RunTime:0.001341s ]
[ sql ] [ SQL ] SELECT `title`,`remark` FROM `fa_auth_rule` WHERE  `name` = 'dashboard' LIMIT 1 [ RunTime:0.000666s ]
---------------------------------------------------------------
[ 2019-06-17T03:42:06+08:00 ] 127.0.0.1 GET project-tp5-fastadmin181210.test/admin/ajax/lang?callback=define&controllername=index&v=1560714126
[运行时间：0.060172s] [吞吐率：16.62req/s] [内存消耗：2,789.06kb] [文件加载：70]
[ info ] [ BEHAVIOR ] Run Closure @app_init [ RunTime:0.000050s ]
[ info ] [ CACHE ] INIT File
[ info ] [ BEHAVIOR ] Run Closure @app_init [ RunTime:0.001716s ]
[ info ] [ LANG ] /Users/cenyebao/web/project-tp5-fastadmin181210/thinkphp/lang/zh-cn.php
[ info ] [ ROUTE ] array (
  'type' => 'module',
  'module' => 
  array (
    0 => 'admin',
    1 => 'ajax',
    2 => 'lang',
  ),
)
[ info ] [ HEADER ] array (
  'host' => 'project-tp5-fastadmin181210.test',
  'connection' => 'keep-alive',
  'user-agent' => 'Mozilla/5.0 (Macintosh; Intel Mac OS X 10_12_4) AppleWebKit/537.36 (KHTML, like Gecko) Chrome/74.0.3729.169 Safari/537.36',
  'accept' => '*/*',
  'referer' => 'http://project-tp5-fastadmin181210.test/admin/index/index',
  'accept-encoding' => 'gzip, deflate',
  'accept-language' => 'zh-CN,zh;q=0.9',
  'cookie' => 'PHPSESSID=e54854849cc353b70c2df993952eb166',
)
[ info ] [ PARAM ] array (
  'callback' => 'define',
  'controllername' => 'index',
  'v' => '1560714126',
)
[ info ] [ LANG ] /Users/cenyebao/web/project-tp5-fastadmin181210/public/../application/admin/lang/zh-cn.php
[ info ] [ BEHAVIOR ] Run app\common\behavior\Common @module_init [ RunTime:0.002662s ]
[ info ] [ SESSION ] INIT array (
  'id' => '',
  'var_session_id' => '',
  'prefix' => 'think',
  'type' => '',
  'auto_start' => true,
)
[ info ] [ LANG ] /Users/cenyebao/web/project-tp5-fastadmin181210/public/../application/admin/lang/zh-cn/ajax.php
[ info ] [ RUN ] app\admin\controller\Ajax->lang[ /Users/cenyebao/web/project-tp5-fastadmin181210/application/admin/controller/Ajax.php ]
[ info ] [ LANG ] /Users/cenyebao/web/project-tp5-fastadmin181210/public/../application/admin/lang/zh-cn/index.php
[ info ] [ BEHAVIOR ] Run app\admin\behavior\AdminLog @app_end [ RunTime:0.000134s ]
[ info ] [ LOG ] INIT File
---------------------------------------------------------------
[ 2019-06-17T03:42:06+08:00 ] 127.0.0.1 GET project-tp5-fastadmin181210.test/admin/ajax/lang?callback=define&controllername=dashboard&v=1560714126
[运行时间：0.071365s] [吞吐率：14.01req/s] [内存消耗：2,787.68kb] [文件加载：70]
[ info ] [ BEHAVIOR ] Run Closure @app_init [ RunTime:0.000234s ]
[ info ] [ CACHE ] INIT File
[ info ] [ BEHAVIOR ] Run Closure @app_init [ RunTime:0.001782s ]
[ info ] [ LANG ] /Users/cenyebao/web/project-tp5-fastadmin181210/thinkphp/lang/zh-cn.php
[ info ] [ ROUTE ] array (
  'type' => 'module',
  'module' => 
  array (
    0 => 'admin',
    1 => 'ajax',
    2 => 'lang',
  ),
)
[ info ] [ HEADER ] array (
  'host' => 'project-tp5-fastadmin181210.test',
  'connection' => 'keep-alive',
  'user-agent' => 'Mozilla/5.0 (Macintosh; Intel Mac OS X 10_12_4) AppleWebKit/537.36 (KHTML, like Gecko) Chrome/74.0.3729.169 Safari/537.36',
  'accept' => '*/*',
  'referer' => 'http://project-tp5-fastadmin181210.test/admin/dashboard?addtabs=1',
  'accept-encoding' => 'gzip, deflate',
  'accept-language' => 'zh-CN,zh;q=0.9',
  'cookie' => 'PHPSESSID=e54854849cc353b70c2df993952eb166',
)
[ info ] [ PARAM ] array (
  'callback' => 'define',
  'controllername' => 'dashboard',
  'v' => '1560714126',
)
[ info ] [ LANG ] /Users/cenyebao/web/project-tp5-fastadmin181210/public/../application/admin/lang/zh-cn.php
[ info ] [ BEHAVIOR ] Run app\common\behavior\Common @module_init [ RunTime:0.003562s ]
[ info ] [ SESSION ] INIT array (
  'id' => '',
  'var_session_id' => '',
  'prefix' => 'think',
  'type' => '',
  'auto_start' => true,
)
[ info ] [ LANG ] /Users/cenyebao/web/project-tp5-fastadmin181210/public/../application/admin/lang/zh-cn/ajax.php
[ info ] [ RUN ] app\admin\controller\Ajax->lang[ /Users/cenyebao/web/project-tp5-fastadmin181210/application/admin/controller/Ajax.php ]
[ info ] [ LANG ] /Users/cenyebao/web/project-tp5-fastadmin181210/public/../application/admin/lang/zh-cn/dashboard.php
[ info ] [ BEHAVIOR ] Run app\admin\behavior\AdminLog @app_end [ RunTime:0.000302s ]
[ info ] [ LOG ] INIT File
---------------------------------------------------------------
[ 2019-06-17T03:42:12+08:00 ] 127.0.0.1 GET project-tp5-fastadmin181210.test/admin/test?addtabs=1
[运行时间：0.077597s] [吞吐率：12.89req/s] [内存消耗：3,757.38kb] [文件加载：78]
[ info ] [ BEHAVIOR ] Run Closure @app_init [ RunTime:0.000030s ]
[ info ] [ CACHE ] INIT File
[ info ] [ BEHAVIOR ] Run Closure @app_init [ RunTime:0.002194s ]
[ info ] [ LANG ] /Users/cenyebao/web/project-tp5-fastadmin181210/thinkphp/lang/zh-cn.php
[ info ] [ ROUTE ] array (
  'type' => 'module',
  'module' => 
  array (
    0 => 'admin',
    1 => 'test',
    2 => NULL,
  ),
)
[ info ] [ HEADER ] array (
  'host' => 'project-tp5-fastadmin181210.test',
  'connection' => 'keep-alive',
  'upgrade-insecure-requests' => '1',
  'user-agent' => 'Mozilla/5.0 (Macintosh; Intel Mac OS X 10_12_4) AppleWebKit/537.36 (KHTML, like Gecko) Chrome/74.0.3729.169 Safari/537.36',
  'accept' => 'text/html,application/xhtml+xml,application/xml;q=0.9,image/webp,image/apng,*/*;q=0.8,application/signed-exchange;v=b3',
  'referer' => 'http://project-tp5-fastadmin181210.test/admin/test?ref=addtabs',
  'accept-encoding' => 'gzip, deflate',
  'accept-language' => 'zh-CN,zh;q=0.9',
  'cookie' => 'PHPSESSID=e54854849cc353b70c2df993952eb166',
)
[ info ] [ PARAM ] array (
  'addtabs' => '1',
)
[ info ] [ LANG ] /Users/cenyebao/web/project-tp5-fastadmin181210/public/../application/admin/lang/zh-cn.php
[ info ] [ BEHAVIOR ] Run app\common\behavior\Common @module_init [ RunTime:0.002826s ]
[ info ] [ SESSION ] INIT array (
  'id' => '',
  'var_session_id' => '',
  'prefix' => 'think',
  'type' => '',
  'auto_start' => true,
)
[ info ] [ DB ] INIT mysql
[ info ] [ LANG ] /Users/cenyebao/web/project-tp5-fastadmin181210/public/../application/admin/lang/zh-cn/test.php
[ info ] [ RUN ] app\common\controller\Backend->index[ /Users/cenyebao/web/project-tp5-fastadmin181210/application/admin/library/traits/Backend.php ]
[ info ] [ VIEW ] /Users/cenyebao/web/project-tp5-fastadmin181210/public/../application/admin/view/test/index.html [ array (
  0 => 'breadcrumb',
  1 => 'site',
  2 => 'config',
  3 => 'auth',
  4 => 'admin',
  5 => 'weekList',
  6 => 'flagList',
  7 => 'genderdataList',
  8 => 'hobbydataList',
  9 => 'statusList',
  10 => 'stateList',
) ]
[ info ] [ BEHAVIOR ] Run app\admin\behavior\AdminLog @app_end [ RunTime:0.000108s ]
[ info ] [ LOG ] INIT File
[ sql ] [ DB ] CONNECT:[ UseTime:0.000519s ] mysql:host=127.0.0.1;port=3306;dbname=p_tp5_fadmin181210;charset=utf8
[ sql ] [ SQL ] SHOW COLUMNS FROM `fa_auth_group_access` [ RunTime:0.002026s ]
[ sql ] [ SQL ] SELECT `aga`.`uid`,`aga`.`group_id`,`ag`.`id`,`ag`.`pid`,`ag`.`name`,`ag`.`rules` FROM `fa_auth_group_access` `aga` LEFT JOIN `fa_auth_group` `ag` ON `aga`.`group_id`=`ag`.`id` WHERE  (  aga.uid='1' and ag.status='normal' ) [ RunTime:0.000664s ]
[ sql ] [ SQL ] SHOW COLUMNS FROM `fa_auth_rule` [ RunTime:0.002410s ]
[ sql ] [ SQL ] SELECT `id`,`pid`,`condition`,`icon`,`name`,`title`,`ismenu` FROM `fa_auth_rule` WHERE  `status` = 'normal' [ RunTime:0.001088s ]
[ sql ] [ SQL ] SELECT `title`,`remark` FROM `fa_auth_rule` WHERE  `name` = 'test' LIMIT 1 [ RunTime:0.000643s ]
---------------------------------------------------------------
[ 2019-06-17T03:42:12+08:00 ] 127.0.0.1 GET project-tp5-fastadmin181210.test/admin/ajax/lang?callback=define&controllername=test&v=1560714132
[运行时间：0.042051s] [吞吐率：23.78req/s] [内存消耗：2,786.77kb] [文件加载：70]
[ info ] [ BEHAVIOR ] Run Closure @app_init [ RunTime:0.000056s ]
[ info ] [ CACHE ] INIT File
[ info ] [ BEHAVIOR ] Run Closure @app_init [ RunTime:0.001608s ]
[ info ] [ LANG ] /Users/cenyebao/web/project-tp5-fastadmin181210/thinkphp/lang/zh-cn.php
[ info ] [ ROUTE ] array (
  'type' => 'module',
  'module' => 
  array (
    0 => 'admin',
    1 => 'ajax',
    2 => 'lang',
  ),
)
[ info ] [ HEADER ] array (
  'host' => 'project-tp5-fastadmin181210.test',
  'connection' => 'keep-alive',
  'user-agent' => 'Mozilla/5.0 (Macintosh; Intel Mac OS X 10_12_4) AppleWebKit/537.36 (KHTML, like Gecko) Chrome/74.0.3729.169 Safari/537.36',
  'accept' => '*/*',
  'referer' => 'http://project-tp5-fastadmin181210.test/admin/test?addtabs=1',
  'accept-encoding' => 'gzip, deflate',
  'accept-language' => 'zh-CN,zh;q=0.9',
  'cookie' => 'PHPSESSID=e54854849cc353b70c2df993952eb166',
)
[ info ] [ PARAM ] array (
  'callback' => 'define',
  'controllername' => 'test',
  'v' => '1560714132',
)
[ info ] [ LANG ] /Users/cenyebao/web/project-tp5-fastadmin181210/public/../application/admin/lang/zh-cn.php
[ info ] [ BEHAVIOR ] Run app\common\behavior\Common @module_init [ RunTime:0.002025s ]
[ info ] [ SESSION ] INIT array (
  'id' => '',
  'var_session_id' => '',
  'prefix' => 'think',
  'type' => '',
  'auto_start' => true,
)
[ info ] [ LANG ] /Users/cenyebao/web/project-tp5-fastadmin181210/public/../application/admin/lang/zh-cn/ajax.php
[ info ] [ RUN ] app\admin\controller\Ajax->lang[ /Users/cenyebao/web/project-tp5-fastadmin181210/application/admin/controller/Ajax.php ]
[ info ] [ LANG ] /Users/cenyebao/web/project-tp5-fastadmin181210/public/../application/admin/lang/zh-cn/test.php
[ info ] [ BEHAVIOR ] Run app\admin\behavior\AdminLog @app_end [ RunTime:0.000102s ]
[ info ] [ LOG ] INIT File
---------------------------------------------------------------
[ 2019-06-17T03:42:13+08:00 ] 127.0.0.1 GET project-tp5-fastadmin181210.test/admin/test/index?sort=weigh&order=desc&offset=0&limit=10&filter=%7B%7D&op=%7B%7D&_=1560714132742
[运行时间：0.112444s] [吞吐率：8.89req/s] [内存消耗：3,825.42kb] [文件加载：80]
[ info ] [ BEHAVIOR ] Run Closure @app_init [ RunTime:0.000465s ]
[ info ] [ CACHE ] INIT File
[ info ] [ BEHAVIOR ] Run Closure @app_init [ RunTime:0.003018s ]
[ info ] [ LANG ] /Users/cenyebao/web/project-tp5-fastadmin181210/thinkphp/lang/zh-cn.php
[ info ] [ ROUTE ] array (
  'type' => 'module',
  'module' => 
  array (
    0 => 'admin',
    1 => 'test',
    2 => 'index',
  ),
)
[ info ] [ HEADER ] array (
  'host' => 'project-tp5-fastadmin181210.test',
  'connection' => 'keep-alive',
  'accept' => 'application/json, text/javascript, */*; q=0.01',
  'x-requested-with' => 'XMLHttpRequest',
  'user-agent' => 'Mozilla/5.0 (Macintosh; Intel Mac OS X 10_12_4) AppleWebKit/537.36 (KHTML, like Gecko) Chrome/74.0.3729.169 Safari/537.36',
  'content-type' => 'application/json',
  'referer' => 'http://project-tp5-fastadmin181210.test/admin/test?addtabs=1',
  'accept-encoding' => 'gzip, deflate',
  'accept-language' => 'zh-CN,zh;q=0.9',
  'cookie' => 'PHPSESSID=e54854849cc353b70c2df993952eb166',
)
[ info ] [ PARAM ] array (
  'sort' => 'weigh',
  'order' => 'desc',
  'offset' => '0',
  'limit' => '10',
  'filter' => '{}',
  'op' => '{}',
  '_' => '1560714132742',
)
[ info ] [ LANG ] /Users/cenyebao/web/project-tp5-fastadmin181210/public/../application/admin/lang/zh-cn.php
[ info ] [ BEHAVIOR ] Run app\common\behavior\Common @module_init [ RunTime:0.002605s ]
[ info ] [ SESSION ] INIT array (
  'id' => '',
  'var_session_id' => '',
  'prefix' => 'think',
  'type' => '',
  'auto_start' => true,
)
[ info ] [ DB ] INIT mysql
[ info ] [ LANG ] /Users/cenyebao/web/project-tp5-fastadmin181210/public/../application/admin/lang/zh-cn/test.php
[ info ] [ RUN ] app\common\controller\Backend->index[ /Users/cenyebao/web/project-tp5-fastadmin181210/application/admin/library/traits/Backend.php ]
[ info ] [ BEHAVIOR ] Run app\admin\behavior\AdminLog @app_end [ RunTime:0.000207s ]
[ info ] [ LOG ] INIT File
[ sql ] [ DB ] CONNECT:[ UseTime:0.001214s ] mysql:host=127.0.0.1;port=3306;dbname=p_tp5_fadmin181210;charset=utf8
[ sql ] [ SQL ] SHOW COLUMNS FROM `fa_auth_group_access` [ RunTime:0.002439s ]
[ sql ] [ SQL ] SELECT `aga`.`uid`,`aga`.`group_id`,`ag`.`id`,`ag`.`pid`,`ag`.`name`,`ag`.`rules` FROM `fa_auth_group_access` `aga` LEFT JOIN `fa_auth_group` `ag` ON `aga`.`group_id`=`ag`.`id` WHERE  (  aga.uid='1' and ag.status='normal' ) [ RunTime:0.000794s ]
[ sql ] [ SQL ] SHOW COLUMNS FROM `fa_auth_rule` [ RunTime:0.003062s ]
[ sql ] [ SQL ] SELECT `id`,`pid`,`condition`,`icon`,`name`,`title`,`ismenu` FROM `fa_auth_rule` WHERE  `status` = 'normal' [ RunTime:0.001395s ]
[ sql ] [ SQL ] SHOW COLUMNS FROM `fa_test` [ RunTime:0.003105s ]
[ sql ] [ SQL ] SELECT COUNT(*) AS tp_count FROM `fa_test` ORDER BY `weigh` DESC LIMIT 1 [ RunTime:0.002301s ]
[ sql ] [ SQL ] SELECT * FROM `fa_test` ORDER BY `weigh` DESC LIMIT 0,10 [ RunTime:0.001680s ]
---------------------------------------------------------------
[ 2019-06-17T03:47:05+08:00 ] 127.0.0.1 GET project-tp5-fastadmin181210.test/api/demo/test
[运行时间：0.057855s] [吞吐率：17.28req/s] [内存消耗：2,274.43kb] [文件加载：59]
[ info ] [ BEHAVIOR ] Run Closure @app_init [ RunTime:0.000313s ]
[ info ] [ CACHE ] INIT File
[ info ] [ BEHAVIOR ] Run Closure @app_init [ RunTime:0.001885s ]
[ info ] [ LANG ] /Users/cenyebao/web/project-tp5-fastadmin181210/thinkphp/lang/zh-cn.php
[ info ] [ ROUTE ] array (
  'type' => 'module',
  'module' => 
  array (
    0 => 'api',
    1 => 'demo',
    2 => 'test',
  ),
)
[ info ] [ HEADER ] array (
  'cache-control' => 'no-cache',
  'postman-token' => '1bc0f440-02e8-446e-af5e-c3926c11663c',
  'user-agent' => 'PostmanRuntime/7.4.0',
  'accept' => '*/*',
  'host' => 'project-tp5-fastadmin181210.test',
  'accept-encoding' => 'gzip, deflate',
  'connection' => 'keep-alive',
)
[ info ] [ PARAM ] array (
)
[ info ] [ LANG ] /Users/cenyebao/web/project-tp5-fastadmin181210/public/../application/api/lang/zh-cn.php
[ info ] [ BEHAVIOR ] Run app\common\behavior\Common @module_init [ RunTime:0.003959s ]
[ info ] [ RUN ] app\api\controller\Demo->test[ /Users/cenyebao/web/project-tp5-fastadmin181210/application/api/controller/Demo.php ]
[ info ] [ LOG ] INIT File
---------------------------------------------------------------
[ 2019-06-17T03:47:53+08:00 ] 127.0.0.1 GET project-tp5-fastadmin181210.test/api/demo/test?name=cyb
[运行时间：0.061774s] [吞吐率：16.19req/s] [内存消耗：2,276.93kb] [文件加载：59]
[ info ] [ BEHAVIOR ] Run Closure @app_init [ RunTime:0.000257s ]
[ info ] [ CACHE ] INIT File
[ info ] [ BEHAVIOR ] Run Closure @app_init [ RunTime:0.002630s ]
[ info ] [ LANG ] /Users/cenyebao/web/project-tp5-fastadmin181210/thinkphp/lang/zh-cn.php
[ info ] [ ROUTE ] array (
  'type' => 'module',
  'module' => 
  array (
    0 => 'api',
    1 => 'demo',
    2 => 'test',
  ),
)
[ info ] [ HEADER ] array (
  'cache-control' => 'no-cache',
  'postman-token' => '1ad9cf15-7647-4980-8bc7-f13be050c4f9',
  'user-agent' => 'PostmanRuntime/7.4.0',
  'accept' => '*/*',
  'host' => 'project-tp5-fastadmin181210.test',
  'accept-encoding' => 'gzip, deflate',
  'connection' => 'keep-alive',
)
[ info ] [ PARAM ] array (
  'name' => 'cyb',
)
[ info ] [ LANG ] /Users/cenyebao/web/project-tp5-fastadmin181210/public/../application/api/lang/zh-cn.php
[ info ] [ BEHAVIOR ] Run app\common\behavior\Common @module_init [ RunTime:0.002365s ]
[ info ] [ RUN ] app\api\controller\Demo->test[ /Users/cenyebao/web/project-tp5-fastadmin181210/application/api/controller/Demo.php ]
[ info ] [ LOG ] INIT File
---------------------------------------------------------------
[ 2019-06-17T03:55:43+08:00 ] 127.0.0.1 POST project-tp5-fastadmin181210.test/api/demo/test1
[运行时间：0.062877s] [吞吐率：15.90req/s] [内存消耗：2,275.91kb] [文件加载：59]
[ info ] [ BEHAVIOR ] Run Closure @app_init [ RunTime:0.000406s ]
[ info ] [ CACHE ] INIT File
[ info ] [ BEHAVIOR ] Run Closure @app_init [ RunTime:0.002303s ]
[ info ] [ LANG ] /Users/cenyebao/web/project-tp5-fastadmin181210/thinkphp/lang/zh-cn.php
[ info ] [ ROUTE ] array (
  'type' => 'module',
  'module' => 
  array (
    0 => 'api',
    1 => 'demo',
    2 => 'test1',
  ),
)
[ info ] [ HEADER ] array (
  'cache-control' => 'no-cache',
  'postman-token' => 'd0b1eaf9-6330-45be-bc45-2663fa80f04b',
  'user-agent' => 'PostmanRuntime/7.4.0',
  'accept' => '*/*',
  'host' => 'project-tp5-fastadmin181210.test',
  'accept-encoding' => 'gzip, deflate',
  'content-length' => '0',
  'connection' => 'keep-alive',
)
[ info ] [ PARAM ] array (
)
[ info ] [ LANG ] /Users/cenyebao/web/project-tp5-fastadmin181210/public/../application/api/lang/zh-cn.php
[ info ] [ BEHAVIOR ] Run app\common\behavior\Common @module_init [ RunTime:0.003523s ]
[ info ] [ RUN ] app\api\controller\Demo->test1[ /Users/cenyebao/web/project-tp5-fastadmin181210/application/api/controller/Demo.php ]
[ info ] [ LOG ] INIT File
---------------------------------------------------------------
[ 2019-06-17T03:57:20+08:00 ] 127.0.0.1 POST project-tp5-fastadmin181210.test/api/demo/test2
[运行时间：0.074591s] [吞吐率：13.41req/s] [内存消耗：2,797.94kb] [文件加载：66]
[ info ] [ BEHAVIOR ] Run Closure @app_init [ RunTime:0.000253s ]
[ info ] [ CACHE ] INIT File
[ info ] [ BEHAVIOR ] Run Closure @app_init [ RunTime:0.001783s ]
[ info ] [ LANG ] /Users/cenyebao/web/project-tp5-fastadmin181210/thinkphp/lang/zh-cn.php
[ info ] [ ROUTE ] array (
  'type' => 'module',
  'module' => 
  array (
    0 => 'api',
    1 => 'demo',
    2 => 'test2',
  ),
)
[ info ] [ HEADER ] array (
  'cache-control' => 'no-cache',
  'postman-token' => 'b7ebea4f-9fa0-4828-b80b-84c8aafbfb87',
  'user-agent' => 'PostmanRuntime/7.4.0',
  'accept' => '*/*',
  'host' => 'project-tp5-fastadmin181210.test',
  'accept-encoding' => 'gzip, deflate',
  'content-length' => '0',
  'connection' => 'keep-alive',
)
[ info ] [ PARAM ] array (
)
[ info ] [ LANG ] /Users/cenyebao/web/project-tp5-fastadmin181210/public/../application/api/lang/zh-cn.php
[ info ] [ BEHAVIOR ] Run app\common\behavior\Common @module_init [ RunTime:0.004144s ]
[ info ] [ TOKEN ] INIT Mysql
[ info ] [ DB ] INIT mysql
[ info ] [ LOG ] INIT File
[ sql ] [ DB ] CONNECT:[ UseTime:0.000756s ] mysql:host=127.0.0.1;port=3306;dbname=p_tp5_fadmin181210;charset=utf8
[ sql ] [ SQL ] SHOW COLUMNS FROM `fa_user_token` [ RunTime:0.002186s ]
[ sql ] [ SQL ] SELECT * FROM `fa_user_token` WHERE  `token` = 'd8aa945b8448d8a41ab99c04b04f9e522294b47c' LIMIT 1 [ RunTime:0.000641s ]
---------------------------------------------------------------
[ 2019-06-17T15:01:03+08:00 ] 127.0.0.1 GET project-tp5-fastadmin181210.test/admin/test?ref=addtabs
[运行时间：0.098855s] [吞吐率：10.12req/s] [内存消耗：3,351.99kb] [文件加载：74]
[ info ] [ BEHAVIOR ] Run Closure @app_init [ RunTime:0.001755s ]
[ info ] [ CACHE ] INIT File
[ info ] [ BEHAVIOR ] Run Closure @app_init [ RunTime:0.002811s ]
[ info ] [ LANG ] /Users/cenyebao/web/project-tp5-fastadmin181210/thinkphp/lang/zh-cn.php
[ info ] [ ROUTE ] array (
  'type' => 'module',
  'module' => 
  array (
    0 => 'admin',
    1 => 'test',
    2 => NULL,
  ),
)
[ info ] [ HEADER ] array (
  'host' => 'project-tp5-fastadmin181210.test',
  'connection' => 'keep-alive',
  'cache-control' => 'max-age=0',
  'upgrade-insecure-requests' => '1',
  'user-agent' => 'Mozilla/5.0 (Macintosh; Intel Mac OS X 10_12_4) AppleWebKit/537.36 (KHTML, like Gecko) Chrome/74.0.3729.169 Safari/537.36',
  'accept' => 'text/html,application/xhtml+xml,application/xml;q=0.9,image/webp,image/apng,*/*;q=0.8,application/signed-exchange;v=b3',
  'referer' => 'http://project-tp5-fastadmin181210.test/admin/dashboard?ref=addtabs',
  'accept-encoding' => 'gzip, deflate',
  'accept-language' => 'zh-CN,zh;q=0.9',
  'cookie' => 'PHPSESSID=e54854849cc353b70c2df993952eb166',
)
[ info ] [ PARAM ] array (
  'ref' => 'addtabs',
)
[ info ] [ LANG ] /Users/cenyebao/web/project-tp5-fastadmin181210/public/../application/admin/lang/zh-cn.php
[ info ] [ BEHAVIOR ] Run app\common\behavior\Common @module_init [ RunTime:0.003122s ]
[ info ] [ SESSION ] INIT array (
  'id' => '',
  'var_session_id' => '',
  'prefix' => 'think',
  'type' => '',
  'auto_start' => true,
)
[ info ] [ DB ] INIT mysql
[ info ] [ BEHAVIOR ] Run app\admin\behavior\AdminLog @app_end [ RunTime:0.000346s ]
[ info ] [ LOG ] INIT File
[ sql ] [ DB ] CONNECT:[ UseTime:0.001733s ] mysql:host=127.0.0.1;port=3306;dbname=p_tp5_fadmin181210;charset=utf8
[ sql ] [ SQL ] SHOW COLUMNS FROM `fa_auth_group_access` [ RunTime:0.003393s ]
[ sql ] [ SQL ] SELECT `aga`.`uid`,`aga`.`group_id`,`ag`.`id`,`ag`.`pid`,`ag`.`name`,`ag`.`rules` FROM `fa_auth_group_access` `aga` LEFT JOIN `fa_auth_group` `ag` ON `aga`.`group_id`=`ag`.`id` WHERE  (  aga.uid='1' and ag.status='normal' ) [ RunTime:0.000795s ]
[ sql ] [ SQL ] SHOW COLUMNS FROM `fa_auth_rule` [ RunTime:0.002634s ]
[ sql ] [ SQL ] SELECT `id`,`pid`,`condition`,`icon`,`name`,`title`,`ismenu` FROM `fa_auth_rule` WHERE  `status` = 'normal' [ RunTime:0.001441s ]
---------------------------------------------------------------
[ 2019-06-17T15:01:04+08:00 ] 127.0.0.1 GET project-tp5-fastadmin181210.test/admin/index/index
[运行时间：0.175679s] [吞吐率：5.69req/s] [内存消耗：3,985.38kb] [文件加载：89]
[ info ] [ BEHAVIOR ] Run Closure @app_init [ RunTime:0.000032s ]
[ info ] [ CACHE ] INIT File
[ info ] [ BEHAVIOR ] Run Closure @app_init [ RunTime:0.001417s ]
[ info ] [ LANG ] /Users/cenyebao/web/project-tp5-fastadmin181210/thinkphp/lang/zh-cn.php
[ info ] [ ROUTE ] array (
  'type' => 'module',
  'module' => 
  array (
    0 => 'admin',
    1 => 'index',
    2 => 'index',
  ),
)
[ info ] [ HEADER ] array (
  'host' => 'project-tp5-fastadmin181210.test',
  'connection' => 'keep-alive',
  'cache-control' => 'max-age=0',
  'upgrade-insecure-requests' => '1',
  'user-agent' => 'Mozilla/5.0 (Macintosh; Intel Mac OS X 10_12_4) AppleWebKit/537.36 (KHTML, like Gecko) Chrome/74.0.3729.169 Safari/537.36',
  'accept' => 'text/html,application/xhtml+xml,application/xml;q=0.9,image/webp,image/apng,*/*;q=0.8,application/signed-exchange;v=b3',
  'referer' => 'http://project-tp5-fastadmin181210.test/admin/dashboard?ref=addtabs',
  'accept-encoding' => 'gzip, deflate',
  'accept-language' => 'zh-CN,zh;q=0.9',
  'cookie' => 'PHPSESSID=e54854849cc353b70c2df993952eb166',
)
[ info ] [ PARAM ] array (
)
[ info ] [ LANG ] /Users/cenyebao/web/project-tp5-fastadmin181210/public/../application/admin/lang/zh-cn.php
[ info ] [ BEHAVIOR ] Run app\common\behavior\Common @module_init [ RunTime:0.002491s ]
[ info ] [ SESSION ] INIT array (
  'id' => '',
  'var_session_id' => '',
  'prefix' => 'think',
  'type' => '',
  'auto_start' => true,
)
[ info ] [ LANG ] /Users/cenyebao/web/project-tp5-fastadmin181210/public/../application/admin/lang/zh-cn/index.php
[ info ] [ RUN ] app\admin\controller\Index->index[ /Users/cenyebao/web/project-tp5-fastadmin181210/application/admin/controller/Index.php ]
[ info ] [ DB ] INIT mysql
[ info ] [ VIEW ] /Users/cenyebao/web/project-tp5-fastadmin181210/public/../application/admin/view/index/index.html [ array (
  0 => 'breadcrumb',
  1 => 'site',
  2 => 'config',
  3 => 'auth',
  4 => 'admin',
  5 => 'menulist',
  6 => 'navlist',
  7 => 'fixedmenu',
  8 => 'referermenu',
  9 => 'title',
) ]
[ info ] [ BEHAVIOR ] Run app\admin\behavior\AdminLog @app_end [ RunTime:0.000276s ]
[ info ] [ LOG ] INIT File
[ sql ] [ DB ] CONNECT:[ UseTime:0.000630s ] mysql:host=127.0.0.1;port=3306;dbname=p_tp5_fadmin181210;charset=utf8
[ sql ] [ SQL ] SHOW COLUMNS FROM `fa_auth_group_access` [ RunTime:0.002528s ]
[ sql ] [ SQL ] SELECT `aga`.`uid`,`aga`.`group_id`,`ag`.`id`,`ag`.`pid`,`ag`.`name`,`ag`.`rules` FROM `fa_auth_group_access` `aga` LEFT JOIN `fa_auth_group` `ag` ON `aga`.`group_id`=`ag`.`id` WHERE  (  aga.uid='1' and ag.status='normal' ) [ RunTime:0.000771s ]
[ sql ] [ SQL ] SHOW COLUMNS FROM `fa_auth_rule` [ RunTime:0.003716s ]
[ sql ] [ SQL ] SELECT `id`,`pid`,`condition`,`icon`,`name`,`title`,`ismenu` FROM `fa_auth_rule` WHERE  `status` = 'normal' [ RunTime:0.001187s ]
---------------------------------------------------------------
[ 2019-06-17T15:01:04+08:00 ] 127.0.0.1 GET project-tp5-fastadmin181210.test/admin/dashboard?addtabs=1
[运行时间：0.100734s] [吞吐率：9.93req/s] [内存消耗：3,748.30kb] [文件加载：79]
[ info ] [ BEHAVIOR ] Run Closure @app_init [ RunTime:0.000040s ]
[ info ] [ CACHE ] INIT File
[ info ] [ BEHAVIOR ] Run Closure @app_init [ RunTime:0.001429s ]
[ info ] [ LANG ] /Users/cenyebao/web/project-tp5-fastadmin181210/thinkphp/lang/zh-cn.php
[ info ] [ ROUTE ] array (
  'type' => 'module',
  'module' => 
  array (
    0 => 'admin',
    1 => 'dashboard',
    2 => NULL,
  ),
)
[ info ] [ HEADER ] array (
  'host' => 'project-tp5-fastadmin181210.test',
  'connection' => 'keep-alive',
  'upgrade-insecure-requests' => '1',
  'user-agent' => 'Mozilla/5.0 (Macintosh; Intel Mac OS X 10_12_4) AppleWebKit/537.36 (KHTML, like Gecko) Chrome/74.0.3729.169 Safari/537.36',
  'accept' => 'text/html,application/xhtml+xml,application/xml;q=0.9,image/webp,image/apng,*/*;q=0.8,application/signed-exchange;v=b3',
  'referer' => 'http://project-tp5-fastadmin181210.test/admin/index/index',
  'accept-encoding' => 'gzip, deflate',
  'accept-language' => 'zh-CN,zh;q=0.9',
  'cookie' => 'PHPSESSID=e54854849cc353b70c2df993952eb166',
)
[ info ] [ PARAM ] array (
  'addtabs' => '1',
)
[ info ] [ LANG ] /Users/cenyebao/web/project-tp5-fastadmin181210/public/../application/admin/lang/zh-cn.php
[ info ] [ BEHAVIOR ] Run app\common\behavior\Common @module_init [ RunTime:0.005990s ]
[ info ] [ SESSION ] INIT array (
  'id' => '',
  'var_session_id' => '',
  'prefix' => 'think',
  'type' => '',
  'auto_start' => true,
)
[ info ] [ DB ] INIT mysql
[ info ] [ LANG ] /Users/cenyebao/web/project-tp5-fastadmin181210/public/../application/admin/lang/zh-cn/dashboard.php
[ info ] [ RUN ] app\admin\controller\Dashboard->index[ /Users/cenyebao/web/project-tp5-fastadmin181210/application/admin/controller/Dashboard.php ]
[ info ] [ VIEW ] /Users/cenyebao/web/project-tp5-fastadmin181210/public/../application/admin/view/dashboard/index.html [ array (
  0 => 'breadcrumb',
  1 => 'site',
  2 => 'config',
  3 => 'auth',
  4 => 'admin',
  5 => 'totaluser',
  6 => 'totalviews',
  7 => 'totalorder',
  8 => 'totalorderamount',
  9 => 'todayuserlogin',
  10 => 'todayusersignup',
  11 => 'todayorder',
  12 => 'unsettleorder',
  13 => 'sevendnu',
  14 => 'sevendau',
  15 => 'paylist',
  16 => 'createlist',
  17 => 'addonversion',
  18 => 'uploadmode',
) ]
[ info ] [ BEHAVIOR ] Run app\admin\behavior\AdminLog @app_end [ RunTime:0.000340s ]
[ info ] [ LOG ] INIT File
[ sql ] [ DB ] CONNECT:[ UseTime:0.000558s ] mysql:host=127.0.0.1;port=3306;dbname=p_tp5_fadmin181210;charset=utf8
[ sql ] [ SQL ] SHOW COLUMNS FROM `fa_auth_group_access` [ RunTime:0.002175s ]
[ sql ] [ SQL ] SELECT `aga`.`uid`,`aga`.`group_id`,`ag`.`id`,`ag`.`pid`,`ag`.`name`,`ag`.`rules` FROM `fa_auth_group_access` `aga` LEFT JOIN `fa_auth_group` `ag` ON `aga`.`group_id`=`ag`.`id` WHERE  (  aga.uid='1' and ag.status='normal' ) [ RunTime:0.000783s ]
[ sql ] [ SQL ] SHOW COLUMNS FROM `fa_auth_rule` [ RunTime:0.002841s ]
[ sql ] [ SQL ] SELECT `id`,`pid`,`condition`,`icon`,`name`,`title`,`ismenu` FROM `fa_auth_rule` WHERE  `status` = 'normal' [ RunTime:0.001256s ]
[ sql ] [ SQL ] SELECT `title`,`remark` FROM `fa_auth_rule` WHERE  `name` = 'dashboard' LIMIT 1 [ RunTime:0.000776s ]
---------------------------------------------------------------
[ 2019-06-17T15:01:04+08:00 ] 127.0.0.1 GET project-tp5-fastadmin181210.test/admin/test?addtabs=1
[运行时间：0.159601s] [吞吐率：6.27req/s] [内存消耗：3,757.38kb] [文件加载：78]
[ info ] [ BEHAVIOR ] Run Closure @app_init [ RunTime:0.000322s ]
[ info ] [ CACHE ] INIT File
[ info ] [ BEHAVIOR ] Run Closure @app_init [ RunTime:0.002559s ]
[ info ] [ LANG ] /Users/cenyebao/web/project-tp5-fastadmin181210/thinkphp/lang/zh-cn.php
[ info ] [ ROUTE ] array (
  'type' => 'module',
  'module' => 
  array (
    0 => 'admin',
    1 => 'test',
    2 => NULL,
  ),
)
[ info ] [ HEADER ] array (
  'host' => 'project-tp5-fastadmin181210.test',
  'connection' => 'keep-alive',
  'upgrade-insecure-requests' => '1',
  'user-agent' => 'Mozilla/5.0 (Macintosh; Intel Mac OS X 10_12_4) AppleWebKit/537.36 (KHTML, like Gecko) Chrome/74.0.3729.169 Safari/537.36',
  'accept' => 'text/html,application/xhtml+xml,application/xml;q=0.9,image/webp,image/apng,*/*;q=0.8,application/signed-exchange;v=b3',
  'referer' => 'http://project-tp5-fastadmin181210.test/admin/index/index',
  'accept-encoding' => 'gzip, deflate',
  'accept-language' => 'zh-CN,zh;q=0.9',
  'cookie' => 'PHPSESSID=e54854849cc353b70c2df993952eb166',
)
[ info ] [ PARAM ] array (
  'addtabs' => '1',
)
[ info ] [ LANG ] /Users/cenyebao/web/project-tp5-fastadmin181210/public/../application/admin/lang/zh-cn.php
[ info ] [ BEHAVIOR ] Run app\common\behavior\Common @module_init [ RunTime:0.005460s ]
[ info ] [ SESSION ] INIT array (
  'id' => '',
  'var_session_id' => '',
  'prefix' => 'think',
  'type' => '',
  'auto_start' => true,
)
[ info ] [ DB ] INIT mysql
[ info ] [ LANG ] /Users/cenyebao/web/project-tp5-fastadmin181210/public/../application/admin/lang/zh-cn/test.php
[ info ] [ RUN ] app\common\controller\Backend->index[ /Users/cenyebao/web/project-tp5-fastadmin181210/application/admin/library/traits/Backend.php ]
[ info ] [ VIEW ] /Users/cenyebao/web/project-tp5-fastadmin181210/public/../application/admin/view/test/index.html [ array (
  0 => 'breadcrumb',
  1 => 'site',
  2 => 'config',
  3 => 'auth',
  4 => 'admin',
  5 => 'weekList',
  6 => 'flagList',
  7 => 'genderdataList',
  8 => 'hobbydataList',
  9 => 'statusList',
  10 => 'stateList',
) ]
[ info ] [ BEHAVIOR ] Run app\admin\behavior\AdminLog @app_end [ RunTime:0.000383s ]
[ info ] [ LOG ] INIT File
[ sql ] [ DB ] CONNECT:[ UseTime:0.000890s ] mysql:host=127.0.0.1;port=3306;dbname=p_tp5_fadmin181210;charset=utf8
[ sql ] [ SQL ] SHOW COLUMNS FROM `fa_auth_group_access` [ RunTime:0.003259s ]
[ sql ] [ SQL ] SELECT `aga`.`uid`,`aga`.`group_id`,`ag`.`id`,`ag`.`pid`,`ag`.`name`,`ag`.`rules` FROM `fa_auth_group_access` `aga` LEFT JOIN `fa_auth_group` `ag` ON `aga`.`group_id`=`ag`.`id` WHERE  (  aga.uid='1' and ag.status='normal' ) [ RunTime:0.001608s ]
[ sql ] [ SQL ] SHOW COLUMNS FROM `fa_auth_rule` [ RunTime:0.003030s ]
[ sql ] [ SQL ] SELECT `id`,`pid`,`condition`,`icon`,`name`,`title`,`ismenu` FROM `fa_auth_rule` WHERE  `status` = 'normal' [ RunTime:0.001654s ]
[ sql ] [ SQL ] SELECT `title`,`remark` FROM `fa_auth_rule` WHERE  `name` = 'test' LIMIT 1 [ RunTime:0.000902s ]
---------------------------------------------------------------
[ 2019-06-17T15:01:04+08:00 ] 127.0.0.1 GET project-tp5-fastadmin181210.test/admin/ajax/lang?callback=define&controllername=index&v=1560754864
[运行时间：0.066377s] [吞吐率：15.07req/s] [内存消耗：2,789.06kb] [文件加载：70]
[ info ] [ BEHAVIOR ] Run Closure @app_init [ RunTime:0.000374s ]
[ info ] [ CACHE ] INIT File
[ info ] [ BEHAVIOR ] Run Closure @app_init [ RunTime:0.002756s ]
[ info ] [ LANG ] /Users/cenyebao/web/project-tp5-fastadmin181210/thinkphp/lang/zh-cn.php
[ info ] [ ROUTE ] array (
  'type' => 'module',
  'module' => 
  array (
    0 => 'admin',
    1 => 'ajax',
    2 => 'lang',
  ),
)
[ info ] [ HEADER ] array (
  'host' => 'project-tp5-fastadmin181210.test',
  'connection' => 'keep-alive',
  'user-agent' => 'Mozilla/5.0 (Macintosh; Intel Mac OS X 10_12_4) AppleWebKit/537.36 (KHTML, like Gecko) Chrome/74.0.3729.169 Safari/537.36',
  'accept' => '*/*',
  'referer' => 'http://project-tp5-fastadmin181210.test/admin/index/index',
  'accept-encoding' => 'gzip, deflate',
  'accept-language' => 'zh-CN,zh;q=0.9',
  'cookie' => 'PHPSESSID=e54854849cc353b70c2df993952eb166',
)
[ info ] [ PARAM ] array (
  'callback' => 'define',
  'controllername' => 'index',
  'v' => '1560754864',
)
[ info ] [ LANG ] /Users/cenyebao/web/project-tp5-fastadmin181210/public/../application/admin/lang/zh-cn.php
[ info ] [ BEHAVIOR ] Run app\common\behavior\Common @module_init [ RunTime:0.003765s ]
[ info ] [ SESSION ] INIT array (
  'id' => '',
  'var_session_id' => '',
  'prefix' => 'think',
  'type' => '',
  'auto_start' => true,
)
[ info ] [ LANG ] /Users/cenyebao/web/project-tp5-fastadmin181210/public/../application/admin/lang/zh-cn/ajax.php
[ info ] [ RUN ] app\admin\controller\Ajax->lang[ /Users/cenyebao/web/project-tp5-fastadmin181210/application/admin/controller/Ajax.php ]
[ info ] [ LANG ] /Users/cenyebao/web/project-tp5-fastadmin181210/public/../application/admin/lang/zh-cn/index.php
[ info ] [ BEHAVIOR ] Run app\admin\behavior\AdminLog @app_end [ RunTime:0.000140s ]
[ info ] [ LOG ] INIT File
---------------------------------------------------------------
[ 2019-06-17T15:01:04+08:00 ] 127.0.0.1 GET project-tp5-fastadmin181210.test/admin/ajax/lang?callback=define&controllername=dashboard&v=1560754864
[运行时间：0.067266s] [吞吐率：14.87req/s] [内存消耗：2,787.68kb] [文件加载：70]
[ info ] [ BEHAVIOR ] Run Closure @app_init [ RunTime:0.000152s ]
[ info ] [ CACHE ] INIT File
[ info ] [ BEHAVIOR ] Run Closure @app_init [ RunTime:0.003360s ]
[ info ] [ LANG ] /Users/cenyebao/web/project-tp5-fastadmin181210/thinkphp/lang/zh-cn.php
[ info ] [ ROUTE ] array (
  'type' => 'module',
  'module' => 
  array (
    0 => 'admin',
    1 => 'ajax',
    2 => 'lang',
  ),
)
[ info ] [ HEADER ] array (
  'host' => 'project-tp5-fastadmin181210.test',
  'connection' => 'keep-alive',
  'user-agent' => 'Mozilla/5.0 (Macintosh; Intel Mac OS X 10_12_4) AppleWebKit/537.36 (KHTML, like Gecko) Chrome/74.0.3729.169 Safari/537.36',
  'accept' => '*/*',
  'referer' => 'http://project-tp5-fastadmin181210.test/admin/dashboard?addtabs=1',
  'accept-encoding' => 'gzip, deflate',
  'accept-language' => 'zh-CN,zh;q=0.9',
  'cookie' => 'PHPSESSID=e54854849cc353b70c2df993952eb166',
)
[ info ] [ PARAM ] array (
  'callback' => 'define',
  'controllername' => 'dashboard',
  'v' => '1560754864',
)
[ info ] [ LANG ] /Users/cenyebao/web/project-tp5-fastadmin181210/public/../application/admin/lang/zh-cn.php
[ info ] [ BEHAVIOR ] Run app\common\behavior\Common @module_init [ RunTime:0.002355s ]
[ info ] [ SESSION ] INIT array (
  'id' => '',
  'var_session_id' => '',
  'prefix' => 'think',
  'type' => '',
  'auto_start' => true,
)
[ info ] [ LANG ] /Users/cenyebao/web/project-tp5-fastadmin181210/public/../application/admin/lang/zh-cn/ajax.php
[ info ] [ RUN ] app\admin\controller\Ajax->lang[ /Users/cenyebao/web/project-tp5-fastadmin181210/application/admin/controller/Ajax.php ]
[ info ] [ LANG ] /Users/cenyebao/web/project-tp5-fastadmin181210/public/../application/admin/lang/zh-cn/dashboard.php
[ info ] [ BEHAVIOR ] Run app\admin\behavior\AdminLog @app_end [ RunTime:0.000160s ]
[ info ] [ LOG ] INIT File
---------------------------------------------------------------
[ 2019-06-17T15:01:04+08:00 ] 127.0.0.1 GET project-tp5-fastadmin181210.test/admin/ajax/lang?callback=define&controllername=test&v=1560754864
[运行时间：0.073270s] [吞吐率：13.65req/s] [内存消耗：2,786.77kb] [文件加载：70]
[ info ] [ BEHAVIOR ] Run Closure @app_init [ RunTime:0.000053s ]
[ info ] [ CACHE ] INIT File
[ info ] [ BEHAVIOR ] Run Closure @app_init [ RunTime:0.003317s ]
[ info ] [ LANG ] /Users/cenyebao/web/project-tp5-fastadmin181210/thinkphp/lang/zh-cn.php
[ info ] [ ROUTE ] array (
  'type' => 'module',
  'module' => 
  array (
    0 => 'admin',
    1 => 'ajax',
    2 => 'lang',
  ),
)
[ info ] [ HEADER ] array (
  'host' => 'project-tp5-fastadmin181210.test',
  'connection' => 'keep-alive',
  'user-agent' => 'Mozilla/5.0 (Macintosh; Intel Mac OS X 10_12_4) AppleWebKit/537.36 (KHTML, like Gecko) Chrome/74.0.3729.169 Safari/537.36',
  'accept' => '*/*',
  'referer' => 'http://project-tp5-fastadmin181210.test/admin/test?addtabs=1',
  'accept-encoding' => 'gzip, deflate',
  'accept-language' => 'zh-CN,zh;q=0.9',
  'cookie' => 'PHPSESSID=e54854849cc353b70c2df993952eb166',
)
[ info ] [ PARAM ] array (
  'callback' => 'define',
  'controllername' => 'test',
  'v' => '1560754864',
)
[ info ] [ LANG ] /Users/cenyebao/web/project-tp5-fastadmin181210/public/../application/admin/lang/zh-cn.php
[ info ] [ BEHAVIOR ] Run app\common\behavior\Common @module_init [ RunTime:0.006150s ]
[ info ] [ SESSION ] INIT array (
  'id' => '',
  'var_session_id' => '',
  'prefix' => 'think',
  'type' => '',
  'auto_start' => true,
)
[ info ] [ LANG ] /Users/cenyebao/web/project-tp5-fastadmin181210/public/../application/admin/lang/zh-cn/ajax.php
[ info ] [ RUN ] app\admin\controller\Ajax->lang[ /Users/cenyebao/web/project-tp5-fastadmin181210/application/admin/controller/Ajax.php ]
[ info ] [ LANG ] /Users/cenyebao/web/project-tp5-fastadmin181210/public/../application/admin/lang/zh-cn/test.php
[ info ] [ BEHAVIOR ] Run app\admin\behavior\AdminLog @app_end [ RunTime:0.000105s ]
[ info ] [ LOG ] INIT File
---------------------------------------------------------------
[ 2019-06-17T15:01:04+08:00 ] 127.0.0.1 GET project-tp5-fastadmin181210.test/admin/test/index?sort=weigh&order=desc&offset=0&limit=10&filter=%7B%7D&op=%7B%7D&_=1560754864483
[运行时间：0.071746s] [吞吐率：13.94req/s] [内存消耗：3,825.42kb] [文件加载：80]
[ info ] [ BEHAVIOR ] Run Closure @app_init [ RunTime:0.000037s ]
[ info ] [ CACHE ] INIT File
[ info ] [ BEHAVIOR ] Run Closure @app_init [ RunTime:0.001411s ]
[ info ] [ LANG ] /Users/cenyebao/web/project-tp5-fastadmin181210/thinkphp/lang/zh-cn.php
[ info ] [ ROUTE ] array (
  'type' => 'module',
  'module' => 
  array (
    0 => 'admin',
    1 => 'test',
    2 => 'index',
  ),
)
[ info ] [ HEADER ] array (
  'host' => 'project-tp5-fastadmin181210.test',
  'connection' => 'keep-alive',
  'accept' => 'application/json, text/javascript, */*; q=0.01',
  'x-requested-with' => 'XMLHttpRequest',
  'user-agent' => 'Mozilla/5.0 (Macintosh; Intel Mac OS X 10_12_4) AppleWebKit/537.36 (KHTML, like Gecko) Chrome/74.0.3729.169 Safari/537.36',
  'content-type' => 'application/json',
  'referer' => 'http://project-tp5-fastadmin181210.test/admin/test?addtabs=1',
  'accept-encoding' => 'gzip, deflate',
  'accept-language' => 'zh-CN,zh;q=0.9',
  'cookie' => 'PHPSESSID=e54854849cc353b70c2df993952eb166',
)
[ info ] [ PARAM ] array (
  'sort' => 'weigh',
  'order' => 'desc',
  'offset' => '0',
  'limit' => '10',
  'filter' => '{}',
  'op' => '{}',
  '_' => '1560754864483',
)
[ info ] [ LANG ] /Users/cenyebao/web/project-tp5-fastadmin181210/public/../application/admin/lang/zh-cn.php
[ info ] [ BEHAVIOR ] Run app\common\behavior\Common @module_init [ RunTime:0.002084s ]
[ info ] [ SESSION ] INIT array (
  'id' => '',
  'var_session_id' => '',
  'prefix' => 'think',
  'type' => '',
  'auto_start' => true,
)
[ info ] [ DB ] INIT mysql
[ info ] [ LANG ] /Users/cenyebao/web/project-tp5-fastadmin181210/public/../application/admin/lang/zh-cn/test.php
[ info ] [ RUN ] app\common\controller\Backend->index[ /Users/cenyebao/web/project-tp5-fastadmin181210/application/admin/library/traits/Backend.php ]
[ info ] [ BEHAVIOR ] Run app\admin\behavior\AdminLog @app_end [ RunTime:0.000234s ]
[ info ] [ LOG ] INIT File
[ sql ] [ DB ] CONNECT:[ UseTime:0.000513s ] mysql:host=127.0.0.1;port=3306;dbname=p_tp5_fadmin181210;charset=utf8
[ sql ] [ SQL ] SHOW COLUMNS FROM `fa_auth_group_access` [ RunTime:0.002251s ]
[ sql ] [ SQL ] SELECT `aga`.`uid`,`aga`.`group_id`,`ag`.`id`,`ag`.`pid`,`ag`.`name`,`ag`.`rules` FROM `fa_auth_group_access` `aga` LEFT JOIN `fa_auth_group` `ag` ON `aga`.`group_id`=`ag`.`id` WHERE  (  aga.uid='1' and ag.status='normal' ) [ RunTime:0.000672s ]
[ sql ] [ SQL ] SHOW COLUMNS FROM `fa_auth_rule` [ RunTime:0.002624s ]
[ sql ] [ SQL ] SELECT `id`,`pid`,`condition`,`icon`,`name`,`title`,`ismenu` FROM `fa_auth_rule` WHERE  `status` = 'normal' [ RunTime:0.001072s ]
[ sql ] [ SQL ] SHOW COLUMNS FROM `fa_test` [ RunTime:0.003921s ]
[ sql ] [ SQL ] SELECT COUNT(*) AS tp_count FROM `fa_test` ORDER BY `weigh` DESC LIMIT 1 [ RunTime:0.001474s ]
[ sql ] [ SQL ] SELECT * FROM `fa_test` ORDER BY `weigh` DESC LIMIT 0,10 [ RunTime:0.001581s ]
