---------------------------------------------------------------
[ 2019-06-19T03:07:54+08:00 ] 127.0.0.1 POST project-tp5-fastadmin181210.test/api/user/third
[运行时间：0.076340s] [吞吐率：13.10req/s] [内存消耗：2,370.80kb] [文件加载：61]
[ info ] [ BEHAVIOR ] Run Closure @app_init [ RunTime:0.000059s ]
[ info ] [ CACHE ] INIT File
[ info ] [ BEHAVIOR ] Run Closure @app_init [ RunTime:0.002581s ]
[ info ] [ LANG ] /Users/cenyebao/web/project-tp5-fastadmin181210/thinkphp/lang/zh-cn.php
[ info ] [ ROUTE ] array (
  'type' => 'module',
  'module' => 
  array (
    0 => 'api',
    1 => 'user',
    2 => 'third',
  ),
)
[ info ] [ HEADER ] array (
  'cache-control' => 'no-cache',
  'postman-token' => 'ce20943b-6982-40bd-a233-3a34c4e388e6',
  'user-agent' => 'PostmanRuntime/7.4.0',
  'accept' => '*/*',
  'host' => 'project-tp5-fastadmin181210.test',
  'accept-encoding' => 'gzip, deflate',
  'content-length' => '0',
  'connection' => 'keep-alive',
)
[ info ] [ PARAM ] array (
)
[ info ] [ LANG ] /Users/cenyebao/web/project-tp5-fastadmin181210/public/../application/api/lang/zh-cn.php
[ info ] [ BEHAVIOR ] Run app\common\behavior\Common @module_init [ RunTime:0.003249s ]
[ info ] [ LANG ] /Users/cenyebao/web/project-tp5-fastadmin181210/public/../application/api/lang/zh-cn/user.php
[ info ] [ RUN ] app\api\controller\User->third[ /Users/cenyebao/web/project-tp5-fastadmin181210/application/api/controller/User.php ]
[ info ] [ LOG ] INIT File
---------------------------------------------------------------
[ 2019-06-19T03:08:21+08:00 ] 127.0.0.1 POST project-tp5-fastadmin181210.test/api/user/third
[运行时间：0.064396s] [吞吐率：15.53req/s] [内存消耗：2,370.80kb] [文件加载：61]
[ info ] [ BEHAVIOR ] Run Closure @app_init [ RunTime:0.000077s ]
[ info ] [ CACHE ] INIT File
[ info ] [ BEHAVIOR ] Run Closure @app_init [ RunTime:0.002293s ]
[ info ] [ LANG ] /Users/cenyebao/web/project-tp5-fastadmin181210/thinkphp/lang/zh-cn.php
[ info ] [ ROUTE ] array (
  'type' => 'module',
  'module' => 
  array (
    0 => 'api',
    1 => 'user',
    2 => 'third',
  ),
)
[ info ] [ HEADER ] array (
  'cache-control' => 'no-cache',
  'postman-token' => '467ba9e9-9561-4b1f-a39a-4ec12088e93f',
  'user-agent' => 'PostmanRuntime/7.4.0',
  'accept' => '*/*',
  'host' => 'project-tp5-fastadmin181210.test',
  'accept-encoding' => 'gzip, deflate',
  'content-length' => '0',
  'connection' => 'keep-alive',
)
[ info ] [ PARAM ] array (
)
[ info ] [ LANG ] /Users/cenyebao/web/project-tp5-fastadmin181210/public/../application/api/lang/zh-cn.php
[ info ] [ BEHAVIOR ] Run app\common\behavior\Common @module_init [ RunTime:0.002811s ]
[ info ] [ LANG ] /Users/cenyebao/web/project-tp5-fastadmin181210/public/../application/api/lang/zh-cn/user.php
[ info ] [ RUN ] app\api\controller\User->third[ /Users/cenyebao/web/project-tp5-fastadmin181210/application/api/controller/User.php ]
[ info ] [ LOG ] INIT File
---------------------------------------------------------------
[ 2019-06-19T03:31:47+08:00 ] 127.0.0.1 GET project-tp5-fastadmin181210.test/admin/user/rule/index?sort=weigh&order=desc&_=1560854917437
[运行时间：0.129161s] [吞吐率：7.74req/s] [内存消耗：3,802.44kb] [文件加载：80]
[ info ] [ BEHAVIOR ] Run Closure @app_init [ RunTime:0.000121s ]
[ info ] [ CACHE ] INIT File
[ info ] [ BEHAVIOR ] Run Closure @app_init [ RunTime:0.004063s ]
[ info ] [ LANG ] /Users/cenyebao/web/project-tp5-fastadmin181210/thinkphp/lang/zh-cn.php
[ info ] [ ROUTE ] array (
  'type' => 'module',
  'module' => 
  array (
    0 => 'admin',
    1 => 'user.rule',
    2 => 'index',
  ),
)
[ info ] [ HEADER ] array (
  'host' => 'project-tp5-fastadmin181210.test',
  'connection' => 'keep-alive',
  'accept' => 'application/json, text/javascript, */*; q=0.01',
  'x-requested-with' => 'XMLHttpRequest',
  'user-agent' => 'Mozilla/5.0 (Macintosh; Intel Mac OS X 10_12_4) AppleWebKit/537.36 (KHTML, like Gecko) Chrome/74.0.3729.169 Safari/537.36',
  'content-type' => 'application/json',
  'referer' => 'http://project-tp5-fastadmin181210.test/admin/user/rule?addtabs=1',
  'accept-encoding' => 'gzip, deflate',
  'accept-language' => 'zh-CN,zh;q=0.9',
  'cookie' => 'PHPSESSID=e54854849cc353b70c2df993952eb166; uid=2; token=ac5945fa-940c-460c-8c8e-5d4d787266fa; Hm_lvt_f8d0a8c400404989e195270b0bbf060a=1560855807; Hm_lpvt_f8d0a8c400404989e195270b0bbf060a=1560856227',
)
[ info ] [ PARAM ] array (
  'sort' => 'weigh',
  'order' => 'desc',
  '_' => '1560854917437',
)
[ info ] [ LANG ] /Users/cenyebao/web/project-tp5-fastadmin181210/public/../application/admin/lang/zh-cn.php
[ info ] [ BEHAVIOR ] Run app\common\behavior\Common @module_init [ RunTime:0.003835s ]
[ info ] [ SESSION ] INIT array (
  'id' => '',
  'var_session_id' => '',
  'prefix' => 'think',
  'type' => '',
  'auto_start' => true,
)
[ info ] [ DB ] INIT mysql
[ info ] [ LANG ] /Users/cenyebao/web/project-tp5-fastadmin181210/public/../application/admin/lang/zh-cn/user/rule.php
[ info ] [ RUN ] app\admin\controller\user\Rule->index[ /Users/cenyebao/web/project-tp5-fastadmin181210/application/admin/controller/user/Rule.php ]
[ info ] [ BEHAVIOR ] Run app\admin\behavior\AdminLog @app_end [ RunTime:0.000367s ]
[ info ] [ LOG ] INIT File
[ sql ] [ DB ] CONNECT:[ UseTime:0.005185s ] mysql:host=127.0.0.1;port=3306;dbname=p_tp5_fadmin181210;charset=utf8
[ sql ] [ SQL ] SHOW COLUMNS FROM `fa_auth_group_access` [ RunTime:0.006703s ]
[ sql ] [ SQL ] SELECT `aga`.`uid`,`aga`.`group_id`,`ag`.`id`,`ag`.`pid`,`ag`.`name`,`ag`.`rules` FROM `fa_auth_group_access` `aga` LEFT JOIN `fa_auth_group` `ag` ON `aga`.`group_id`=`ag`.`id` WHERE  (  aga.uid='1' and ag.status='normal' ) [ RunTime:0.003126s ]
[ sql ] [ SQL ] SHOW COLUMNS FROM `fa_auth_rule` [ RunTime:0.003737s ]
[ sql ] [ SQL ] SELECT `id`,`pid`,`condition`,`icon`,`name`,`title`,`ismenu` FROM `fa_auth_rule` WHERE  `status` = 'normal' [ RunTime:0.001322s ]
[ sql ] [ SQL ] SHOW COLUMNS FROM `fa_user_rule` [ RunTime:0.003372s ]
[ sql ] [ SQL ] SELECT * FROM `fa_user_rule` ORDER BY `weigh` DESC [ RunTime:0.001386s ]
---------------------------------------------------------------
[ 2019-06-19T03:32:04+08:00 ] 127.0.0.1 GET project-tp5-fastadmin181210.test/admin/user/rule/edit/ids/12?dialog=1
[运行时间：0.129859s] [吞吐率：7.70req/s] [内存消耗：3,959.50kb] [文件加载：82]
[ info ] [ BEHAVIOR ] Run Closure @app_init [ RunTime:0.000069s ]
[ info ] [ CACHE ] INIT File
[ info ] [ BEHAVIOR ] Run Closure @app_init [ RunTime:0.001814s ]
[ info ] [ LANG ] /Users/cenyebao/web/project-tp5-fastadmin181210/thinkphp/lang/zh-cn.php
[ info ] [ ROUTE ] array (
  'type' => 'module',
  'module' => 
  array (
    0 => 'admin',
    1 => 'user.rule',
    2 => 'edit',
  ),
)
[ info ] [ HEADER ] array (
  'host' => 'project-tp5-fastadmin181210.test',
  'connection' => 'keep-alive',
  'upgrade-insecure-requests' => '1',
  'user-agent' => 'Mozilla/5.0 (Macintosh; Intel Mac OS X 10_12_4) AppleWebKit/537.36 (KHTML, like Gecko) Chrome/74.0.3729.169 Safari/537.36',
  'accept' => 'text/html,application/xhtml+xml,application/xml;q=0.9,image/webp,image/apng,*/*;q=0.8,application/signed-exchange;v=b3',
  'referer' => 'http://project-tp5-fastadmin181210.test/admin/user/rule?addtabs=1',
  'accept-encoding' => 'gzip, deflate',
  'accept-language' => 'zh-CN,zh;q=0.9',
  'cookie' => 'PHPSESSID=e54854849cc353b70c2df993952eb166; uid=2; token=ac5945fa-940c-460c-8c8e-5d4d787266fa; Hm_lvt_f8d0a8c400404989e195270b0bbf060a=1560855807; Hm_lpvt_f8d0a8c400404989e195270b0bbf060a=1560856227',
)
[ info ] [ PARAM ] array (
  'dialog' => '1',
  'ids' => '12',
)
[ info ] [ LANG ] /Users/cenyebao/web/project-tp5-fastadmin181210/public/../application/admin/lang/zh-cn.php
[ info ] [ BEHAVIOR ] Run app\common\behavior\Common @module_init [ RunTime:0.002938s ]
[ info ] [ SESSION ] INIT array (
  'id' => '',
  'var_session_id' => '',
  'prefix' => 'think',
  'type' => '',
  'auto_start' => true,
)
[ info ] [ DB ] INIT mysql
[ info ] [ LANG ] /Users/cenyebao/web/project-tp5-fastadmin181210/public/../application/admin/lang/zh-cn/user/rule.php
[ info ] [ RUN ] app\common\controller\Backend->edit[ /Users/cenyebao/web/project-tp5-fastadmin181210/application/admin/library/traits/Backend.php ]
[ info ] [ VIEW ] /Users/cenyebao/web/project-tp5-fastadmin181210/public/../application/admin/view/user/rule/edit.html [ array (
  0 => 'breadcrumb',
  1 => 'site',
  2 => 'config',
  3 => 'auth',
  4 => 'admin',
  5 => 'statusList',
  6 => 'ruledata',
  7 => 'row',
) ]
[ info ] [ BEHAVIOR ] Run app\admin\behavior\AdminLog @app_end [ RunTime:0.000139s ]
[ info ] [ LOG ] INIT File
[ sql ] [ DB ] CONNECT:[ UseTime:0.001343s ] mysql:host=127.0.0.1;port=3306;dbname=p_tp5_fadmin181210;charset=utf8
[ sql ] [ SQL ] SHOW COLUMNS FROM `fa_auth_group_access` [ RunTime:0.005682s ]
[ sql ] [ SQL ] SELECT `aga`.`uid`,`aga`.`group_id`,`ag`.`id`,`ag`.`pid`,`ag`.`name`,`ag`.`rules` FROM `fa_auth_group_access` `aga` LEFT JOIN `fa_auth_group` `ag` ON `aga`.`group_id`=`ag`.`id` WHERE  (  aga.uid='1' and ag.status='normal' ) [ RunTime:0.001178s ]
[ sql ] [ SQL ] SHOW COLUMNS FROM `fa_auth_rule` [ RunTime:0.003616s ]
[ sql ] [ SQL ] SELECT `id`,`pid`,`condition`,`icon`,`name`,`title`,`ismenu` FROM `fa_auth_rule` WHERE  `status` = 'normal' [ RunTime:0.001278s ]
[ sql ] [ SQL ] SHOW COLUMNS FROM `fa_user_rule` [ RunTime:0.004771s ]
[ sql ] [ SQL ] SELECT * FROM `fa_user_rule` ORDER BY `weigh` DESC [ RunTime:0.001776s ]
[ sql ] [ SQL ] SELECT * FROM `fa_user_rule` WHERE  `id` = 12 LIMIT 1 [ RunTime:0.000830s ]
---------------------------------------------------------------
[ 2019-06-19T03:32:04+08:00 ] 127.0.0.1 GET project-tp5-fastadmin181210.test/admin/ajax/lang?callback=define&controllername=user.rule&v=1560886323
[运行时间：0.065752s] [吞吐率：15.21req/s] [内存消耗：2,785.88kb] [文件加载：70]
[ info ] [ BEHAVIOR ] Run Closure @app_init [ RunTime:0.000104s ]
[ info ] [ CACHE ] INIT File
[ info ] [ BEHAVIOR ] Run Closure @app_init [ RunTime:0.001694s ]
[ info ] [ LANG ] /Users/cenyebao/web/project-tp5-fastadmin181210/thinkphp/lang/zh-cn.php
[ info ] [ ROUTE ] array (
  'type' => 'module',
  'module' => 
  array (
    0 => 'admin',
    1 => 'ajax',
    2 => 'lang',
  ),
)
[ info ] [ HEADER ] array (
  'host' => 'project-tp5-fastadmin181210.test',
  'connection' => 'keep-alive',
  'user-agent' => 'Mozilla/5.0 (Macintosh; Intel Mac OS X 10_12_4) AppleWebKit/537.36 (KHTML, like Gecko) Chrome/74.0.3729.169 Safari/537.36',
  'accept' => '*/*',
  'referer' => 'http://project-tp5-fastadmin181210.test/admin/user/rule/edit/ids/12?dialog=1',
  'accept-encoding' => 'gzip, deflate',
  'accept-language' => 'zh-CN,zh;q=0.9',
  'cookie' => 'PHPSESSID=e54854849cc353b70c2df993952eb166; uid=2; token=ac5945fa-940c-460c-8c8e-5d4d787266fa; Hm_lvt_f8d0a8c400404989e195270b0bbf060a=1560855807; Hm_lpvt_f8d0a8c400404989e195270b0bbf060a=1560856227',
)
[ info ] [ PARAM ] array (
  'callback' => 'define',
  'controllername' => 'user.rule',
  'v' => '1560886323',
)
[ info ] [ LANG ] /Users/cenyebao/web/project-tp5-fastadmin181210/public/../application/admin/lang/zh-cn.php
[ info ] [ BEHAVIOR ] Run app\common\behavior\Common @module_init [ RunTime:0.004125s ]
[ info ] [ SESSION ] INIT array (
  'id' => '',
  'var_session_id' => '',
  'prefix' => 'think',
  'type' => '',
  'auto_start' => true,
)
[ info ] [ LANG ] /Users/cenyebao/web/project-tp5-fastadmin181210/public/../application/admin/lang/zh-cn/ajax.php
[ info ] [ RUN ] app\admin\controller\Ajax->lang[ /Users/cenyebao/web/project-tp5-fastadmin181210/application/admin/controller/Ajax.php ]
[ info ] [ LANG ] /Users/cenyebao/web/project-tp5-fastadmin181210/public/../application/admin/lang/zh-cn/user/rule.php
[ info ] [ BEHAVIOR ] Run app\admin\behavior\AdminLog @app_end [ RunTime:0.000147s ]
[ info ] [ LOG ] INIT File
---------------------------------------------------------------
[ 2019-06-19T03:32:26+08:00 ] 127.0.0.1 GET project-tp5-fastadmin181210.test/admin/user/rule/edit/ids/12?dialog=1
[运行时间：0.108894s] [吞吐率：9.18req/s] [内存消耗：3,810.29kb] [文件加载：80]
[ info ] [ BEHAVIOR ] Run Closure @app_init [ RunTime:0.000061s ]
[ info ] [ CACHE ] INIT File
[ info ] [ BEHAVIOR ] Run Closure @app_init [ RunTime:0.001564s ]
[ info ] [ LANG ] /Users/cenyebao/web/project-tp5-fastadmin181210/thinkphp/lang/zh-cn.php
[ info ] [ ROUTE ] array (
  'type' => 'module',
  'module' => 
  array (
    0 => 'admin',
    1 => 'user.rule',
    2 => 'edit',
  ),
)
[ info ] [ HEADER ] array (
  'host' => 'project-tp5-fastadmin181210.test',
  'connection' => 'keep-alive',
  'upgrade-insecure-requests' => '1',
  'user-agent' => 'Mozilla/5.0 (Macintosh; Intel Mac OS X 10_12_4) AppleWebKit/537.36 (KHTML, like Gecko) Chrome/74.0.3729.169 Safari/537.36',
  'accept' => 'text/html,application/xhtml+xml,application/xml;q=0.9,image/webp,image/apng,*/*;q=0.8,application/signed-exchange;v=b3',
  'referer' => 'http://project-tp5-fastadmin181210.test/admin/user/rule?addtabs=1',
  'accept-encoding' => 'gzip, deflate',
  'accept-language' => 'zh-CN,zh;q=0.9',
  'cookie' => 'PHPSESSID=e54854849cc353b70c2df993952eb166; uid=2; token=ac5945fa-940c-460c-8c8e-5d4d787266fa; Hm_lvt_f8d0a8c400404989e195270b0bbf060a=1560855807; Hm_lpvt_f8d0a8c400404989e195270b0bbf060a=1560856227',
)
[ info ] [ PARAM ] array (
  'dialog' => '1',
  'ids' => '12',
)
[ info ] [ LANG ] /Users/cenyebao/web/project-tp5-fastadmin181210/public/../application/admin/lang/zh-cn.php
[ info ] [ BEHAVIOR ] Run app\common\behavior\Common @module_init [ RunTime:0.002712s ]
[ info ] [ SESSION ] INIT array (
  'id' => '',
  'var_session_id' => '',
  'prefix' => 'think',
  'type' => '',
  'auto_start' => true,
)
[ info ] [ DB ] INIT mysql
[ info ] [ LANG ] /Users/cenyebao/web/project-tp5-fastadmin181210/public/../application/admin/lang/zh-cn/user/rule.php
[ info ] [ RUN ] app\common\controller\Backend->edit[ /Users/cenyebao/web/project-tp5-fastadmin181210/application/admin/library/traits/Backend.php ]
[ info ] [ VIEW ] /Users/cenyebao/web/project-tp5-fastadmin181210/public/../application/admin/view/user/rule/edit.html [ array (
  0 => 'breadcrumb',
  1 => 'site',
  2 => 'config',
  3 => 'auth',
  4 => 'admin',
  5 => 'statusList',
  6 => 'ruledata',
  7 => 'row',
) ]
[ info ] [ BEHAVIOR ] Run app\admin\behavior\AdminLog @app_end [ RunTime:0.000178s ]
[ info ] [ LOG ] INIT File
[ sql ] [ DB ] CONNECT:[ UseTime:0.000806s ] mysql:host=127.0.0.1;port=3306;dbname=p_tp5_fadmin181210;charset=utf8
[ sql ] [ SQL ] SHOW COLUMNS FROM `fa_auth_group_access` [ RunTime:0.005015s ]
[ sql ] [ SQL ] SELECT `aga`.`uid`,`aga`.`group_id`,`ag`.`id`,`ag`.`pid`,`ag`.`name`,`ag`.`rules` FROM `fa_auth_group_access` `aga` LEFT JOIN `fa_auth_group` `ag` ON `aga`.`group_id`=`ag`.`id` WHERE  (  aga.uid='1' and ag.status='normal' ) [ RunTime:0.001263s ]
[ sql ] [ SQL ] SHOW COLUMNS FROM `fa_auth_rule` [ RunTime:0.002740s ]
[ sql ] [ SQL ] SELECT `id`,`pid`,`condition`,`icon`,`name`,`title`,`ismenu` FROM `fa_auth_rule` WHERE  `status` = 'normal' [ RunTime:0.001266s ]
[ sql ] [ SQL ] SHOW COLUMNS FROM `fa_user_rule` [ RunTime:0.002573s ]
[ sql ] [ SQL ] SELECT * FROM `fa_user_rule` ORDER BY `weigh` DESC [ RunTime:0.000681s ]
[ sql ] [ SQL ] SELECT * FROM `fa_user_rule` WHERE  `id` = 12 LIMIT 1 [ RunTime:0.001326s ]
---------------------------------------------------------------
[ 2019-06-19T03:32:27+08:00 ] 127.0.0.1 GET project-tp5-fastadmin181210.test/admin/ajax/lang?callback=define&controllername=user.rule&v=1560886346
[运行时间：0.064837s] [吞吐率：15.42req/s] [内存消耗：2,785.88kb] [文件加载：70]
[ info ] [ BEHAVIOR ] Run Closure @app_init [ RunTime:0.000147s ]
[ info ] [ CACHE ] INIT File
[ info ] [ BEHAVIOR ] Run Closure @app_init [ RunTime:0.001884s ]
[ info ] [ LANG ] /Users/cenyebao/web/project-tp5-fastadmin181210/thinkphp/lang/zh-cn.php
[ info ] [ ROUTE ] array (
  'type' => 'module',
  'module' => 
  array (
    0 => 'admin',
    1 => 'ajax',
    2 => 'lang',
  ),
)
[ info ] [ HEADER ] array (
  'host' => 'project-tp5-fastadmin181210.test',
  'connection' => 'keep-alive',
  'user-agent' => 'Mozilla/5.0 (Macintosh; Intel Mac OS X 10_12_4) AppleWebKit/537.36 (KHTML, like Gecko) Chrome/74.0.3729.169 Safari/537.36',
  'accept' => '*/*',
  'referer' => 'http://project-tp5-fastadmin181210.test/admin/user/rule/edit/ids/12?dialog=1',
  'accept-encoding' => 'gzip, deflate',
  'accept-language' => 'zh-CN,zh;q=0.9',
  'cookie' => 'PHPSESSID=e54854849cc353b70c2df993952eb166; uid=2; token=ac5945fa-940c-460c-8c8e-5d4d787266fa; Hm_lvt_f8d0a8c400404989e195270b0bbf060a=1560855807; Hm_lpvt_f8d0a8c400404989e195270b0bbf060a=1560856227',
)
[ info ] [ PARAM ] array (
  'callback' => 'define',
  'controllername' => 'user.rule',
  'v' => '1560886346',
)
[ info ] [ LANG ] /Users/cenyebao/web/project-tp5-fastadmin181210/public/../application/admin/lang/zh-cn.php
[ info ] [ BEHAVIOR ] Run app\common\behavior\Common @module_init [ RunTime:0.003200s ]
[ info ] [ SESSION ] INIT array (
  'id' => '',
  'var_session_id' => '',
  'prefix' => 'think',
  'type' => '',
  'auto_start' => true,
)
[ info ] [ LANG ] /Users/cenyebao/web/project-tp5-fastadmin181210/public/../application/admin/lang/zh-cn/ajax.php
[ info ] [ RUN ] app\admin\controller\Ajax->lang[ /Users/cenyebao/web/project-tp5-fastadmin181210/application/admin/controller/Ajax.php ]
[ info ] [ LANG ] /Users/cenyebao/web/project-tp5-fastadmin181210/public/../application/admin/lang/zh-cn/user/rule.php
[ info ] [ BEHAVIOR ] Run app\admin\behavior\AdminLog @app_end [ RunTime:0.000120s ]
[ info ] [ LOG ] INIT File
---------------------------------------------------------------
[ 2019-06-19T03:33:49+08:00 ] 127.0.0.1 GET project-tp5-fastadmin181210.test/admin/user/rule?ref=addtabs
[运行时间：0.081790s] [吞吐率：12.23req/s] [内存消耗：3,358.70kb] [文件加载：74]
[ info ] [ BEHAVIOR ] Run Closure @app_init [ RunTime:0.000135s ]
[ info ] [ CACHE ] INIT File
[ info ] [ BEHAVIOR ] Run Closure @app_init [ RunTime:0.001798s ]
[ info ] [ LANG ] /Users/cenyebao/web/project-tp5-fastadmin181210/thinkphp/lang/zh-cn.php
[ info ] [ ROUTE ] array (
  'type' => 'module',
  'module' => 
  array (
    0 => 'admin',
    1 => 'user.rule',
    2 => NULL,
  ),
)
[ info ] [ HEADER ] array (
  'host' => 'project-tp5-fastadmin181210.test',
  'connection' => 'keep-alive',
  'cache-control' => 'max-age=0',
  'upgrade-insecure-requests' => '1',
  'user-agent' => 'Mozilla/5.0 (Macintosh; Intel Mac OS X 10_12_4) AppleWebKit/537.36 (KHTML, like Gecko) Chrome/74.0.3729.169 Safari/537.36',
  'accept' => 'text/html,application/xhtml+xml,application/xml;q=0.9,image/webp,image/apng,*/*;q=0.8,application/signed-exchange;v=b3',
  'referer' => 'http://project-tp5-fastadmin181210.test/admin/user/rule?ref=addtabs',
  'accept-encoding' => 'gzip, deflate',
  'accept-language' => 'zh-CN,zh;q=0.9',
  'cookie' => 'PHPSESSID=e54854849cc353b70c2df993952eb166; uid=2; token=ac5945fa-940c-460c-8c8e-5d4d787266fa; Hm_lvt_f8d0a8c400404989e195270b0bbf060a=1560855807; Hm_lpvt_f8d0a8c400404989e195270b0bbf060a=1560856227',
)
[ info ] [ PARAM ] array (
  'ref' => 'addtabs',
)
[ info ] [ LANG ] /Users/cenyebao/web/project-tp5-fastadmin181210/public/../application/admin/lang/zh-cn.php
[ info ] [ BEHAVIOR ] Run app\common\behavior\Common @module_init [ RunTime:0.003635s ]
[ info ] [ SESSION ] INIT array (
  'id' => '',
  'var_session_id' => '',
  'prefix' => 'think',
  'type' => '',
  'auto_start' => true,
)
[ info ] [ DB ] INIT mysql
[ info ] [ BEHAVIOR ] Run app\admin\behavior\AdminLog @app_end [ RunTime:0.000149s ]
[ info ] [ LOG ] INIT File
[ sql ] [ DB ] CONNECT:[ UseTime:0.001404s ] mysql:host=127.0.0.1;port=3306;dbname=p_tp5_fadmin181210;charset=utf8
[ sql ] [ SQL ] SHOW COLUMNS FROM `fa_auth_group_access` [ RunTime:0.002803s ]
[ sql ] [ SQL ] SELECT `aga`.`uid`,`aga`.`group_id`,`ag`.`id`,`ag`.`pid`,`ag`.`name`,`ag`.`rules` FROM `fa_auth_group_access` `aga` LEFT JOIN `fa_auth_group` `ag` ON `aga`.`group_id`=`ag`.`id` WHERE  (  aga.uid='1' and ag.status='normal' ) [ RunTime:0.000733s ]
[ sql ] [ SQL ] SHOW COLUMNS FROM `fa_auth_rule` [ RunTime:0.002460s ]
[ sql ] [ SQL ] SELECT `id`,`pid`,`condition`,`icon`,`name`,`title`,`ismenu` FROM `fa_auth_rule` WHERE  `status` = 'normal' [ RunTime:0.001557s ]
---------------------------------------------------------------
[ 2019-06-19T03:33:49+08:00 ] 127.0.0.1 GET project-tp5-fastadmin181210.test/admin/index/index
[运行时间：0.170363s] [吞吐率：5.87req/s] [内存消耗：3,986.48kb] [文件加载：89]
[ info ] [ BEHAVIOR ] Run Closure @app_init [ RunTime:0.000031s ]
[ info ] [ CACHE ] INIT File
[ info ] [ BEHAVIOR ] Run Closure @app_init [ RunTime:0.001300s ]
[ info ] [ LANG ] /Users/cenyebao/web/project-tp5-fastadmin181210/thinkphp/lang/zh-cn.php
[ info ] [ ROUTE ] array (
  'type' => 'module',
  'module' => 
  array (
    0 => 'admin',
    1 => 'index',
    2 => 'index',
  ),
)
[ info ] [ HEADER ] array (
  'host' => 'project-tp5-fastadmin181210.test',
  'connection' => 'keep-alive',
  'cache-control' => 'max-age=0',
  'upgrade-insecure-requests' => '1',
  'user-agent' => 'Mozilla/5.0 (Macintosh; Intel Mac OS X 10_12_4) AppleWebKit/537.36 (KHTML, like Gecko) Chrome/74.0.3729.169 Safari/537.36',
  'accept' => 'text/html,application/xhtml+xml,application/xml;q=0.9,image/webp,image/apng,*/*;q=0.8,application/signed-exchange;v=b3',
  'referer' => 'http://project-tp5-fastadmin181210.test/admin/user/rule?ref=addtabs',
  'accept-encoding' => 'gzip, deflate',
  'accept-language' => 'zh-CN,zh;q=0.9',
  'cookie' => 'PHPSESSID=e54854849cc353b70c2df993952eb166; uid=2; token=ac5945fa-940c-460c-8c8e-5d4d787266fa; Hm_lvt_f8d0a8c400404989e195270b0bbf060a=1560855807; Hm_lpvt_f8d0a8c400404989e195270b0bbf060a=1560856227',
)
[ info ] [ PARAM ] array (
)
[ info ] [ LANG ] /Users/cenyebao/web/project-tp5-fastadmin181210/public/../application/admin/lang/zh-cn.php
[ info ] [ BEHAVIOR ] Run app\common\behavior\Common @module_init [ RunTime:0.002161s ]
[ info ] [ SESSION ] INIT array (
  'id' => '',
  'var_session_id' => '',
  'prefix' => 'think',
  'type' => '',
  'auto_start' => true,
)
[ info ] [ LANG ] /Users/cenyebao/web/project-tp5-fastadmin181210/public/../application/admin/lang/zh-cn/index.php
[ info ] [ RUN ] app\admin\controller\Index->index[ /Users/cenyebao/web/project-tp5-fastadmin181210/application/admin/controller/Index.php ]
[ info ] [ DB ] INIT mysql
[ info ] [ VIEW ] /Users/cenyebao/web/project-tp5-fastadmin181210/public/../application/admin/view/index/index.html [ array (
  0 => 'breadcrumb',
  1 => 'site',
  2 => 'config',
  3 => 'auth',
  4 => 'admin',
  5 => 'menulist',
  6 => 'navlist',
  7 => 'fixedmenu',
  8 => 'referermenu',
  9 => 'title',
) ]
[ info ] [ BEHAVIOR ] Run app\admin\behavior\AdminLog @app_end [ RunTime:0.000122s ]
[ info ] [ LOG ] INIT File
[ sql ] [ DB ] CONNECT:[ UseTime:0.000618s ] mysql:host=127.0.0.1;port=3306;dbname=p_tp5_fadmin181210;charset=utf8
[ sql ] [ SQL ] SHOW COLUMNS FROM `fa_auth_group_access` [ RunTime:0.002400s ]
[ sql ] [ SQL ] SELECT `aga`.`uid`,`aga`.`group_id`,`ag`.`id`,`ag`.`pid`,`ag`.`name`,`ag`.`rules` FROM `fa_auth_group_access` `aga` LEFT JOIN `fa_auth_group` `ag` ON `aga`.`group_id`=`ag`.`id` WHERE  (  aga.uid='1' and ag.status='normal' ) [ RunTime:0.000715s ]
[ sql ] [ SQL ] SHOW COLUMNS FROM `fa_auth_rule` [ RunTime:0.003192s ]
[ sql ] [ SQL ] SELECT `id`,`pid`,`condition`,`icon`,`name`,`title`,`ismenu` FROM `fa_auth_rule` WHERE  `status` = 'normal' [ RunTime:0.001184s ]
---------------------------------------------------------------
[ 2019-06-19T03:33:49+08:00 ] 127.0.0.1 GET project-tp5-fastadmin181210.test/admin/dashboard?addtabs=1
[运行时间：0.105408s] [吞吐率：9.49req/s] [内存消耗：3,749.51kb] [文件加载：79]
[ info ] [ BEHAVIOR ] Run Closure @app_init [ RunTime:0.000059s ]
[ info ] [ CACHE ] INIT File
[ info ] [ BEHAVIOR ] Run Closure @app_init [ RunTime:0.004385s ]
[ info ] [ LANG ] /Users/cenyebao/web/project-tp5-fastadmin181210/thinkphp/lang/zh-cn.php
[ info ] [ ROUTE ] array (
  'type' => 'module',
  'module' => 
  array (
    0 => 'admin',
    1 => 'dashboard',
    2 => NULL,
  ),
)
[ info ] [ HEADER ] array (
  'host' => 'project-tp5-fastadmin181210.test',
  'connection' => 'keep-alive',
  'upgrade-insecure-requests' => '1',
  'user-agent' => 'Mozilla/5.0 (Macintosh; Intel Mac OS X 10_12_4) AppleWebKit/537.36 (KHTML, like Gecko) Chrome/74.0.3729.169 Safari/537.36',
  'accept' => 'text/html,application/xhtml+xml,application/xml;q=0.9,image/webp,image/apng,*/*;q=0.8,application/signed-exchange;v=b3',
  'referer' => 'http://project-tp5-fastadmin181210.test/admin/index/index',
  'accept-encoding' => 'gzip, deflate',
  'accept-language' => 'zh-CN,zh;q=0.9',
  'cookie' => 'PHPSESSID=e54854849cc353b70c2df993952eb166; uid=2; token=ac5945fa-940c-460c-8c8e-5d4d787266fa; Hm_lvt_f8d0a8c400404989e195270b0bbf060a=1560855807; Hm_lpvt_f8d0a8c400404989e195270b0bbf060a=1560856227',
)
[ info ] [ PARAM ] array (
  'addtabs' => '1',
)
[ info ] [ LANG ] /Users/cenyebao/web/project-tp5-fastadmin181210/public/../application/admin/lang/zh-cn.php
[ info ] [ BEHAVIOR ] Run app\common\behavior\Common @module_init [ RunTime:0.003577s ]
[ info ] [ SESSION ] INIT array (
  'id' => '',
  'var_session_id' => '',
  'prefix' => 'think',
  'type' => '',
  'auto_start' => true,
)
[ info ] [ DB ] INIT mysql
[ info ] [ LANG ] /Users/cenyebao/web/project-tp5-fastadmin181210/public/../application/admin/lang/zh-cn/dashboard.php
[ info ] [ RUN ] app\admin\controller\Dashboard->index[ /Users/cenyebao/web/project-tp5-fastadmin181210/application/admin/controller/Dashboard.php ]
[ info ] [ VIEW ] /Users/cenyebao/web/project-tp5-fastadmin181210/public/../application/admin/view/dashboard/index.html [ array (
  0 => 'breadcrumb',
  1 => 'site',
  2 => 'config',
  3 => 'auth',
  4 => 'admin',
  5 => 'totaluser',
  6 => 'totalviews',
  7 => 'totalorder',
  8 => 'totalorderamount',
  9 => 'todayuserlogin',
  10 => 'todayusersignup',
  11 => 'todayorder',
  12 => 'unsettleorder',
  13 => 'sevendnu',
  14 => 'sevendau',
  15 => 'paylist',
  16 => 'createlist',
  17 => 'addonversion',
  18 => 'uploadmode',
) ]
[ info ] [ BEHAVIOR ] Run app\admin\behavior\AdminLog @app_end [ RunTime:0.000147s ]
[ info ] [ LOG ] INIT File
[ sql ] [ DB ] CONNECT:[ UseTime:0.000612s ] mysql:host=127.0.0.1;port=3306;dbname=p_tp5_fadmin181210;charset=utf8
[ sql ] [ SQL ] SHOW COLUMNS FROM `fa_auth_group_access` [ RunTime:0.004926s ]
[ sql ] [ SQL ] SELECT `aga`.`uid`,`aga`.`group_id`,`ag`.`id`,`ag`.`pid`,`ag`.`name`,`ag`.`rules` FROM `fa_auth_group_access` `aga` LEFT JOIN `fa_auth_group` `ag` ON `aga`.`group_id`=`ag`.`id` WHERE  (  aga.uid='1' and ag.status='normal' ) [ RunTime:0.002807s ]
[ sql ] [ SQL ] SHOW COLUMNS FROM `fa_auth_rule` [ RunTime:0.003184s ]
[ sql ] [ SQL ] SELECT `id`,`pid`,`condition`,`icon`,`name`,`title`,`ismenu` FROM `fa_auth_rule` WHERE  `status` = 'normal' [ RunTime:0.001174s ]
[ sql ] [ SQL ] SELECT `title`,`remark` FROM `fa_auth_rule` WHERE  `name` = 'dashboard' LIMIT 1 [ RunTime:0.000761s ]
---------------------------------------------------------------
[ 2019-06-19T03:33:49+08:00 ] 127.0.0.1 GET project-tp5-fastadmin181210.test/admin/user/rule?addtabs=1
[运行时间：0.180471s] [吞吐率：5.54req/s] [内存消耗：3,800.41kb] [文件加载：80]
[ info ] [ BEHAVIOR ] Run Closure @app_init [ RunTime:0.000068s ]
[ info ] [ CACHE ] INIT File
[ info ] [ BEHAVIOR ] Run Closure @app_init [ RunTime:0.002483s ]
[ info ] [ LANG ] /Users/cenyebao/web/project-tp5-fastadmin181210/thinkphp/lang/zh-cn.php
[ info ] [ ROUTE ] array (
  'type' => 'module',
  'module' => 
  array (
    0 => 'admin',
    1 => 'user.rule',
    2 => NULL,
  ),
)
[ info ] [ HEADER ] array (
  'host' => 'project-tp5-fastadmin181210.test',
  'connection' => 'keep-alive',
  'upgrade-insecure-requests' => '1',
  'user-agent' => 'Mozilla/5.0 (Macintosh; Intel Mac OS X 10_12_4) AppleWebKit/537.36 (KHTML, like Gecko) Chrome/74.0.3729.169 Safari/537.36',
  'accept' => 'text/html,application/xhtml+xml,application/xml;q=0.9,image/webp,image/apng,*/*;q=0.8,application/signed-exchange;v=b3',
  'referer' => 'http://project-tp5-fastadmin181210.test/admin/index/index',
  'accept-encoding' => 'gzip, deflate',
  'accept-language' => 'zh-CN,zh;q=0.9',
  'cookie' => 'PHPSESSID=e54854849cc353b70c2df993952eb166; uid=2; token=ac5945fa-940c-460c-8c8e-5d4d787266fa; Hm_lvt_f8d0a8c400404989e195270b0bbf060a=1560855807; Hm_lpvt_f8d0a8c400404989e195270b0bbf060a=1560856227',
)
[ info ] [ PARAM ] array (
  'addtabs' => '1',
)
[ info ] [ LANG ] /Users/cenyebao/web/project-tp5-fastadmin181210/public/../application/admin/lang/zh-cn.php
[ info ] [ BEHAVIOR ] Run app\common\behavior\Common @module_init [ RunTime:0.005564s ]
[ info ] [ SESSION ] INIT array (
  'id' => '',
  'var_session_id' => '',
  'prefix' => 'think',
  'type' => '',
  'auto_start' => true,
)
[ info ] [ DB ] INIT mysql
[ info ] [ LANG ] /Users/cenyebao/web/project-tp5-fastadmin181210/public/../application/admin/lang/zh-cn/user/rule.php
[ info ] [ RUN ] app\admin\controller\user\Rule->index[ /Users/cenyebao/web/project-tp5-fastadmin181210/application/admin/controller/user/Rule.php ]
[ info ] [ VIEW ] /Users/cenyebao/web/project-tp5-fastadmin181210/public/../application/admin/view/user/rule/index.html [ array (
  0 => 'breadcrumb',
  1 => 'site',
  2 => 'config',
  3 => 'auth',
  4 => 'admin',
  5 => 'statusList',
  6 => 'ruledata',
) ]
[ info ] [ BEHAVIOR ] Run app\admin\behavior\AdminLog @app_end [ RunTime:0.000272s ]
[ info ] [ LOG ] INIT File
[ sql ] [ DB ] CONNECT:[ UseTime:0.000718s ] mysql:host=127.0.0.1;port=3306;dbname=p_tp5_fadmin181210;charset=utf8
[ sql ] [ SQL ] SHOW COLUMNS FROM `fa_auth_group_access` [ RunTime:0.002508s ]
[ sql ] [ SQL ] SELECT `aga`.`uid`,`aga`.`group_id`,`ag`.`id`,`ag`.`pid`,`ag`.`name`,`ag`.`rules` FROM `fa_auth_group_access` `aga` LEFT JOIN `fa_auth_group` `ag` ON `aga`.`group_id`=`ag`.`id` WHERE  (  aga.uid='1' and ag.status='normal' ) [ RunTime:0.001052s ]
[ sql ] [ SQL ] SHOW COLUMNS FROM `fa_auth_rule` [ RunTime:0.005182s ]
[ sql ] [ SQL ] SELECT `id`,`pid`,`condition`,`icon`,`name`,`title`,`ismenu` FROM `fa_auth_rule` WHERE  `status` = 'normal' [ RunTime:0.001564s ]
[ sql ] [ SQL ] SHOW COLUMNS FROM `fa_user_rule` [ RunTime:0.011083s ]
[ sql ] [ SQL ] SELECT * FROM `fa_user_rule` ORDER BY `weigh` DESC [ RunTime:0.002921s ]
[ sql ] [ SQL ] SELECT `title`,`remark` FROM `fa_auth_rule` WHERE  `name` = 'user/rule' LIMIT 1 [ RunTime:0.002690s ]
---------------------------------------------------------------
[ 2019-06-19T03:33:49+08:00 ] 127.0.0.1 GET project-tp5-fastadmin181210.test/admin/ajax/lang?callback=define&controllername=index&v=1560886429
[运行时间：0.082827s] [吞吐率：12.07req/s] [内存消耗：2,790.27kb] [文件加载：70]
[ info ] [ BEHAVIOR ] Run Closure @app_init [ RunTime:0.000062s ]
[ info ] [ CACHE ] INIT File
[ info ] [ BEHAVIOR ] Run Closure @app_init [ RunTime:0.001939s ]
[ info ] [ LANG ] /Users/cenyebao/web/project-tp5-fastadmin181210/thinkphp/lang/zh-cn.php
[ info ] [ ROUTE ] array (
  'type' => 'module',
  'module' => 
  array (
    0 => 'admin',
    1 => 'ajax',
    2 => 'lang',
  ),
)
[ info ] [ HEADER ] array (
  'host' => 'project-tp5-fastadmin181210.test',
  'connection' => 'keep-alive',
  'user-agent' => 'Mozilla/5.0 (Macintosh; Intel Mac OS X 10_12_4) AppleWebKit/537.36 (KHTML, like Gecko) Chrome/74.0.3729.169 Safari/537.36',
  'accept' => '*/*',
  'referer' => 'http://project-tp5-fastadmin181210.test/admin/index/index',
  'accept-encoding' => 'gzip, deflate',
  'accept-language' => 'zh-CN,zh;q=0.9',
  'cookie' => 'PHPSESSID=e54854849cc353b70c2df993952eb166; uid=2; token=ac5945fa-940c-460c-8c8e-5d4d787266fa; Hm_lvt_f8d0a8c400404989e195270b0bbf060a=1560855807; Hm_lpvt_f8d0a8c400404989e195270b0bbf060a=1560856227',
)
[ info ] [ PARAM ] array (
  'callback' => 'define',
  'controllername' => 'index',
  'v' => '1560886429',
)
[ info ] [ LANG ] /Users/cenyebao/web/project-tp5-fastadmin181210/public/../application/admin/lang/zh-cn.php
[ info ] [ BEHAVIOR ] Run app\common\behavior\Common @module_init [ RunTime:0.003589s ]
[ info ] [ SESSION ] INIT array (
  'id' => '',
  'var_session_id' => '',
  'prefix' => 'think',
  'type' => '',
  'auto_start' => true,
)
[ info ] [ LANG ] /Users/cenyebao/web/project-tp5-fastadmin181210/public/../application/admin/lang/zh-cn/ajax.php
[ info ] [ RUN ] app\admin\controller\Ajax->lang[ /Users/cenyebao/web/project-tp5-fastadmin181210/application/admin/controller/Ajax.php ]
[ info ] [ LANG ] /Users/cenyebao/web/project-tp5-fastadmin181210/public/../application/admin/lang/zh-cn/index.php
[ info ] [ BEHAVIOR ] Run app\admin\behavior\AdminLog @app_end [ RunTime:0.000178s ]
[ info ] [ LOG ] INIT File
---------------------------------------------------------------
[ 2019-06-19T03:33:49+08:00 ] 127.0.0.1 GET project-tp5-fastadmin181210.test/admin/ajax/lang?callback=define&controllername=dashboard&v=1560886429
[运行时间：0.130285s] [吞吐率：7.68req/s] [内存消耗：2,788.77kb] [文件加载：70]
[ info ] [ BEHAVIOR ] Run Closure @app_init [ RunTime:0.000074s ]
[ info ] [ CACHE ] INIT File
[ info ] [ BEHAVIOR ] Run Closure @app_init [ RunTime:0.009284s ]
[ info ] [ LANG ] /Users/cenyebao/web/project-tp5-fastadmin181210/thinkphp/lang/zh-cn.php
[ info ] [ ROUTE ] array (
  'type' => 'module',
  'module' => 
  array (
    0 => 'admin',
    1 => 'ajax',
    2 => 'lang',
  ),
)
[ info ] [ HEADER ] array (
  'host' => 'project-tp5-fastadmin181210.test',
  'connection' => 'keep-alive',
  'user-agent' => 'Mozilla/5.0 (Macintosh; Intel Mac OS X 10_12_4) AppleWebKit/537.36 (KHTML, like Gecko) Chrome/74.0.3729.169 Safari/537.36',
  'accept' => '*/*',
  'referer' => 'http://project-tp5-fastadmin181210.test/admin/dashboard?addtabs=1',
  'accept-encoding' => 'gzip, deflate',
  'accept-language' => 'zh-CN,zh;q=0.9',
  'cookie' => 'PHPSESSID=e54854849cc353b70c2df993952eb166; uid=2; token=ac5945fa-940c-460c-8c8e-5d4d787266fa; Hm_lvt_f8d0a8c400404989e195270b0bbf060a=1560855807; Hm_lpvt_f8d0a8c400404989e195270b0bbf060a=1560856227',
)
[ info ] [ PARAM ] array (
  'callback' => 'define',
  'controllername' => 'dashboard',
  'v' => '1560886429',
)
[ info ] [ LANG ] /Users/cenyebao/web/project-tp5-fastadmin181210/public/../application/admin/lang/zh-cn.php
[ info ] [ BEHAVIOR ] Run app\common\behavior\Common @module_init [ RunTime:0.025441s ]
[ info ] [ SESSION ] INIT array (
  'id' => '',
  'var_session_id' => '',
  'prefix' => 'think',
  'type' => '',
  'auto_start' => true,
)
[ info ] [ LANG ] /Users/cenyebao/web/project-tp5-fastadmin181210/public/../application/admin/lang/zh-cn/ajax.php
[ info ] [ RUN ] app\admin\controller\Ajax->lang[ /Users/cenyebao/web/project-tp5-fastadmin181210/application/admin/controller/Ajax.php ]
[ info ] [ LANG ] /Users/cenyebao/web/project-tp5-fastadmin181210/public/../application/admin/lang/zh-cn/dashboard.php
[ info ] [ BEHAVIOR ] Run app\admin\behavior\AdminLog @app_end [ RunTime:0.000164s ]
[ info ] [ LOG ] INIT File
---------------------------------------------------------------
[ 2019-06-19T03:33:50+08:00 ] 127.0.0.1 GET project-tp5-fastadmin181210.test/admin/ajax/lang?callback=define&controllername=user.rule&v=1560886429
[运行时间：0.088001s] [吞吐率：11.36req/s] [内存消耗：2,785.84kb] [文件加载：70]
[ info ] [ BEHAVIOR ] Run Closure @app_init [ RunTime:0.000047s ]
[ info ] [ CACHE ] INIT File
[ info ] [ BEHAVIOR ] Run Closure @app_init [ RunTime:0.002657s ]
[ info ] [ LANG ] /Users/cenyebao/web/project-tp5-fastadmin181210/thinkphp/lang/zh-cn.php
[ info ] [ ROUTE ] array (
  'type' => 'module',
  'module' => 
  array (
    0 => 'admin',
    1 => 'ajax',
    2 => 'lang',
  ),
)
[ info ] [ HEADER ] array (
  'host' => 'project-tp5-fastadmin181210.test',
  'connection' => 'keep-alive',
  'user-agent' => 'Mozilla/5.0 (Macintosh; Intel Mac OS X 10_12_4) AppleWebKit/537.36 (KHTML, like Gecko) Chrome/74.0.3729.169 Safari/537.36',
  'accept' => '*/*',
  'referer' => 'http://project-tp5-fastadmin181210.test/admin/user/rule?addtabs=1',
  'accept-encoding' => 'gzip, deflate',
  'accept-language' => 'zh-CN,zh;q=0.9',
  'cookie' => 'PHPSESSID=e54854849cc353b70c2df993952eb166; uid=2; token=ac5945fa-940c-460c-8c8e-5d4d787266fa; Hm_lvt_f8d0a8c400404989e195270b0bbf060a=1560855807; Hm_lpvt_f8d0a8c400404989e195270b0bbf060a=1560856227',
)
[ info ] [ PARAM ] array (
  'callback' => 'define',
  'controllername' => 'user.rule',
  'v' => '1560886429',
)
[ info ] [ LANG ] /Users/cenyebao/web/project-tp5-fastadmin181210/public/../application/admin/lang/zh-cn.php
[ info ] [ BEHAVIOR ] Run app\common\behavior\Common @module_init [ RunTime:0.003119s ]
[ info ] [ SESSION ] INIT array (
  'id' => '',
  'var_session_id' => '',
  'prefix' => 'think',
  'type' => '',
  'auto_start' => true,
)
[ info ] [ LANG ] /Users/cenyebao/web/project-tp5-fastadmin181210/public/../application/admin/lang/zh-cn/ajax.php
[ info ] [ RUN ] app\admin\controller\Ajax->lang[ /Users/cenyebao/web/project-tp5-fastadmin181210/application/admin/controller/Ajax.php ]
[ info ] [ LANG ] /Users/cenyebao/web/project-tp5-fastadmin181210/public/../application/admin/lang/zh-cn/user/rule.php
[ info ] [ BEHAVIOR ] Run app\admin\behavior\AdminLog @app_end [ RunTime:0.000146s ]
[ info ] [ LOG ] INIT File
---------------------------------------------------------------
[ 2019-06-19T03:33:50+08:00 ] 127.0.0.1 GET project-tp5-fastadmin181210.test/admin/user/rule/index?sort=weigh&order=desc&_=1560886429890
[运行时间：0.077405s] [吞吐率：12.92req/s] [内存消耗：3,802.44kb] [文件加载：80]
[ info ] [ BEHAVIOR ] Run Closure @app_init [ RunTime:0.000035s ]
[ info ] [ CACHE ] INIT File
[ info ] [ BEHAVIOR ] Run Closure @app_init [ RunTime:0.001521s ]
[ info ] [ LANG ] /Users/cenyebao/web/project-tp5-fastadmin181210/thinkphp/lang/zh-cn.php
[ info ] [ ROUTE ] array (
  'type' => 'module',
  'module' => 
  array (
    0 => 'admin',
    1 => 'user.rule',
    2 => 'index',
  ),
)
[ info ] [ HEADER ] array (
  'host' => 'project-tp5-fastadmin181210.test',
  'connection' => 'keep-alive',
  'accept' => 'application/json, text/javascript, */*; q=0.01',
  'x-requested-with' => 'XMLHttpRequest',
  'user-agent' => 'Mozilla/5.0 (Macintosh; Intel Mac OS X 10_12_4) AppleWebKit/537.36 (KHTML, like Gecko) Chrome/74.0.3729.169 Safari/537.36',
  'content-type' => 'application/json',
  'referer' => 'http://project-tp5-fastadmin181210.test/admin/user/rule?addtabs=1',
  'accept-encoding' => 'gzip, deflate',
  'accept-language' => 'zh-CN,zh;q=0.9',
  'cookie' => 'PHPSESSID=e54854849cc353b70c2df993952eb166; uid=2; token=ac5945fa-940c-460c-8c8e-5d4d787266fa; Hm_lvt_f8d0a8c400404989e195270b0bbf060a=1560855807; Hm_lpvt_f8d0a8c400404989e195270b0bbf060a=1560856227',
)
[ info ] [ PARAM ] array (
  'sort' => 'weigh',
  'order' => 'desc',
  '_' => '1560886429890',
)
[ info ] [ LANG ] /Users/cenyebao/web/project-tp5-fastadmin181210/public/../application/admin/lang/zh-cn.php
[ info ] [ BEHAVIOR ] Run app\common\behavior\Common @module_init [ RunTime:0.002078s ]
[ info ] [ SESSION ] INIT array (
  'id' => '',
  'var_session_id' => '',
  'prefix' => 'think',
  'type' => '',
  'auto_start' => true,
)
[ info ] [ DB ] INIT mysql
[ info ] [ LANG ] /Users/cenyebao/web/project-tp5-fastadmin181210/public/../application/admin/lang/zh-cn/user/rule.php
[ info ] [ RUN ] app\admin\controller\user\Rule->index[ /Users/cenyebao/web/project-tp5-fastadmin181210/application/admin/controller/user/Rule.php ]
[ info ] [ BEHAVIOR ] Run app\admin\behavior\AdminLog @app_end [ RunTime:0.000102s ]
[ info ] [ LOG ] INIT File
[ sql ] [ DB ] CONNECT:[ UseTime:0.000606s ] mysql:host=127.0.0.1;port=3306;dbname=p_tp5_fadmin181210;charset=utf8
[ sql ] [ SQL ] SHOW COLUMNS FROM `fa_auth_group_access` [ RunTime:0.002644s ]
[ sql ] [ SQL ] SELECT `aga`.`uid`,`aga`.`group_id`,`ag`.`id`,`ag`.`pid`,`ag`.`name`,`ag`.`rules` FROM `fa_auth_group_access` `aga` LEFT JOIN `fa_auth_group` `ag` ON `aga`.`group_id`=`ag`.`id` WHERE  (  aga.uid='1' and ag.status='normal' ) [ RunTime:0.000707s ]
[ sql ] [ SQL ] SHOW COLUMNS FROM `fa_auth_rule` [ RunTime:0.002677s ]
[ sql ] [ SQL ] SELECT `id`,`pid`,`condition`,`icon`,`name`,`title`,`ismenu` FROM `fa_auth_rule` WHERE  `status` = 'normal' [ RunTime:0.001196s ]
[ sql ] [ SQL ] SHOW COLUMNS FROM `fa_user_rule` [ RunTime:0.002742s ]
[ sql ] [ SQL ] SELECT * FROM `fa_user_rule` ORDER BY `weigh` DESC [ RunTime:0.000664s ]
