---------------------------------------------------------------
[ 2019-05-18T11:32:17+08:00 ] 127.0.0.1 GET project-tp5-fastadmin181210.test/admin/test?ref=addtabs
[运行时间：0.134998s] [吞吐率：7.41req/s] [内存消耗：3,350.74kb] [文件加载：74]
[ info ] [ BEHAVIOR ] Run Closure @app_init [ RunTime:0.000769s ]
[ info ] [ CACHE ] INIT File
[ info ] [ BEHAVIOR ] Run Closure @app_init [ RunTime:0.003341s ]
[ info ] [ LANG ] /Users/cenyebao/web/project-tp5-fastadmin181210/thinkphp/lang/zh-cn.php
[ info ] [ ROUTE ] array (
  'type' => 'module',
  'module' => 
  array (
    0 => 'admin',
    1 => 'test',
    2 => NULL,
  ),
)
[ info ] [ HEADER ] array (
  'host' => 'project-tp5-fastadmin181210.test',
  'connection' => 'keep-alive',
  'cache-control' => 'max-age=0',
  'upgrade-insecure-requests' => '1',
  'user-agent' => 'Mozilla/5.0 (Macintosh; Intel Mac OS X 10_12_4) AppleWebKit/537.36 (KHTML, like Gecko) Chrome/74.0.3729.131 Safari/537.36',
  'accept' => 'text/html,application/xhtml+xml,application/xml;q=0.9,image/webp,image/apng,*/*;q=0.8,application/signed-exchange;v=b3',
  'accept-encoding' => 'gzip, deflate',
  'accept-language' => 'zh-CN,zh;q=0.9',
  'cookie' => 'PHPSESSID=8c54ebe5699882781d4d3123a8878513; Hm_lvt_f8d0a8c400404989e195270b0bbf060a=1558090738; Hm_lpvt_f8d0a8c400404989e195270b0bbf060a=1558090738',
)
[ info ] [ PARAM ] array (
  'ref' => 'addtabs',
)
[ info ] [ LANG ] /Users/cenyebao/web/project-tp5-fastadmin181210/public/../application/admin/lang/zh-cn.php
[ info ] [ BEHAVIOR ] Run app\common\behavior\Common @module_init [ RunTime:0.003390s ]
[ info ] [ SESSION ] INIT array (
  'id' => '',
  'var_session_id' => '',
  'prefix' => 'think',
  'type' => '',
  'auto_start' => true,
)
[ info ] [ DB ] INIT mysql
[ info ] [ BEHAVIOR ] Run app\admin\behavior\AdminLog @app_end [ RunTime:0.000398s ]
[ info ] [ LOG ] INIT File
[ sql ] [ DB ] CONNECT:[ UseTime:0.005817s ] mysql:host=127.0.0.1;port=3306;dbname=p_tp5_fadmin181210;charset=utf8
[ sql ] [ SQL ] SHOW COLUMNS FROM `fa_auth_group_access` [ RunTime:0.018227s ]
[ sql ] [ SQL ] SELECT `aga`.`uid`,`aga`.`group_id`,`ag`.`id`,`ag`.`pid`,`ag`.`name`,`ag`.`rules` FROM `fa_auth_group_access` `aga` LEFT JOIN `fa_auth_group` `ag` ON `aga`.`group_id`=`ag`.`id` WHERE  (  aga.uid='1' and ag.status='normal' ) [ RunTime:0.005202s ]
[ sql ] [ SQL ] SHOW COLUMNS FROM `fa_auth_rule` [ RunTime:0.003576s ]
[ sql ] [ SQL ] SELECT `id`,`pid`,`condition`,`icon`,`name`,`title`,`ismenu` FROM `fa_auth_rule` WHERE  `status` = 'normal' [ RunTime:0.001638s ]
---------------------------------------------------------------
[ 2019-05-18T11:32:17+08:00 ] 127.0.0.1 GET project-tp5-fastadmin181210.test/admin/index/index
[运行时间：0.189535s] [吞吐率：5.28req/s] [内存消耗：3,981.95kb] [文件加载：89]
[ info ] [ BEHAVIOR ] Run Closure @app_init [ RunTime:0.000090s ]
[ info ] [ CACHE ] INIT File
[ info ] [ BEHAVIOR ] Run Closure @app_init [ RunTime:0.003728s ]
[ info ] [ LANG ] /Users/cenyebao/web/project-tp5-fastadmin181210/thinkphp/lang/zh-cn.php
[ info ] [ ROUTE ] array (
  'type' => 'module',
  'module' => 
  array (
    0 => 'admin',
    1 => 'index',
    2 => 'index',
  ),
)
[ info ] [ HEADER ] array (
  'host' => 'project-tp5-fastadmin181210.test',
  'connection' => 'keep-alive',
  'cache-control' => 'max-age=0',
  'upgrade-insecure-requests' => '1',
  'user-agent' => 'Mozilla/5.0 (Macintosh; Intel Mac OS X 10_12_4) AppleWebKit/537.36 (KHTML, like Gecko) Chrome/74.0.3729.131 Safari/537.36',
  'accept' => 'text/html,application/xhtml+xml,application/xml;q=0.9,image/webp,image/apng,*/*;q=0.8,application/signed-exchange;v=b3',
  'accept-encoding' => 'gzip, deflate',
  'accept-language' => 'zh-CN,zh;q=0.9',
  'cookie' => 'PHPSESSID=8c54ebe5699882781d4d3123a8878513; Hm_lvt_f8d0a8c400404989e195270b0bbf060a=1558090738; Hm_lpvt_f8d0a8c400404989e195270b0bbf060a=1558090738',
)
[ info ] [ PARAM ] array (
)
[ info ] [ LANG ] /Users/cenyebao/web/project-tp5-fastadmin181210/public/../application/admin/lang/zh-cn.php
[ info ] [ BEHAVIOR ] Run app\common\behavior\Common @module_init [ RunTime:0.002144s ]
[ info ] [ SESSION ] INIT array (
  'id' => '',
  'var_session_id' => '',
  'prefix' => 'think',
  'type' => '',
  'auto_start' => true,
)
[ info ] [ LANG ] /Users/cenyebao/web/project-tp5-fastadmin181210/public/../application/admin/lang/zh-cn/index.php
[ info ] [ RUN ] app\admin\controller\Index->index[ /Users/cenyebao/web/project-tp5-fastadmin181210/application/admin/controller/Index.php ]
[ info ] [ DB ] INIT mysql
[ info ] [ VIEW ] /Users/cenyebao/web/project-tp5-fastadmin181210/public/../application/admin/view/index/index.html [ array (
  0 => 'breadcrumb',
  1 => 'site',
  2 => 'config',
  3 => 'auth',
  4 => 'admin',
  5 => 'menulist',
  6 => 'navlist',
  7 => 'fixedmenu',
  8 => 'referermenu',
  9 => 'title',
) ]
[ info ] [ BEHAVIOR ] Run app\admin\behavior\AdminLog @app_end [ RunTime:0.000119s ]
[ info ] [ LOG ] INIT File
[ sql ] [ DB ] CONNECT:[ UseTime:0.000619s ] mysql:host=127.0.0.1;port=3306;dbname=p_tp5_fadmin181210;charset=utf8
[ sql ] [ SQL ] SHOW COLUMNS FROM `fa_auth_group_access` [ RunTime:0.003116s ]
[ sql ] [ SQL ] SELECT `aga`.`uid`,`aga`.`group_id`,`ag`.`id`,`ag`.`pid`,`ag`.`name`,`ag`.`rules` FROM `fa_auth_group_access` `aga` LEFT JOIN `fa_auth_group` `ag` ON `aga`.`group_id`=`ag`.`id` WHERE  (  aga.uid='1' and ag.status='normal' ) [ RunTime:0.000959s ]
[ sql ] [ SQL ] SHOW COLUMNS FROM `fa_auth_rule` [ RunTime:0.002830s ]
[ sql ] [ SQL ] SELECT `id`,`pid`,`condition`,`icon`,`name`,`title`,`ismenu` FROM `fa_auth_rule` WHERE  `status` = 'normal' [ RunTime:0.001070s ]
---------------------------------------------------------------
[ 2019-05-18T11:32:17+08:00 ] 127.0.0.1 GET project-tp5-fastadmin181210.test/assets/css/backend.css.map
[运行时间：0.062815s] [吞吐率：15.92req/s] [内存消耗：1,685.23kb] [文件加载：49]
[ info ] [ BEHAVIOR ] Run Closure @app_init [ RunTime:0.000141s ]
[ info ] [ CACHE ] INIT File
[ info ] [ BEHAVIOR ] Run Closure @app_init [ RunTime:0.002619s ]
[ info ] [ LANG ] /Users/cenyebao/web/project-tp5-fastadmin181210/thinkphp/lang/zh-cn.php
[ info ] [ ROUTE ] array (
  'type' => 'module',
  'module' => 
  array (
    0 => 'assets',
    1 => 'css',
    2 => 'backend.css.map',
  ),
)
[ info ] [ HEADER ] array (
  'host' => 'project-tp5-fastadmin181210.test',
  'connection' => 'keep-alive',
  'user-agent' => 'Mozilla/5.0 (Macintosh; Intel Mac OS X 10_12_4) AppleWebKit/537.36 (KHTML, like Gecko) Chrome/74.0.3729.131 Safari/537.36',
  'accept-encoding' => 'gzip, deflate',
  'accept-language' => 'zh-CN,zh;q=0.9',
  'cookie' => 'PHPSESSID=8c54ebe5699882781d4d3123a8878513; Hm_lvt_f8d0a8c400404989e195270b0bbf060a=1558090738; Hm_lpvt_f8d0a8c400404989e195270b0bbf060a=1558090738',
)
[ info ] [ PARAM ] array (
)
[ info ] [ LOG ] INIT File
---------------------------------------------------------------
[ 2019-05-18T11:32:17+08:00 ] 127.0.0.1 GET project-tp5-fastadmin181210.test/assets/css/skins/skin-green.css.map
[运行时间：0.059761s] [吞吐率：16.73req/s] [内存消耗：1,685.24kb] [文件加载：49]
[ info ] [ BEHAVIOR ] Run Closure @app_init [ RunTime:0.000140s ]
[ info ] [ CACHE ] INIT File
[ info ] [ BEHAVIOR ] Run Closure @app_init [ RunTime:0.002722s ]
[ info ] [ LANG ] /Users/cenyebao/web/project-tp5-fastadmin181210/thinkphp/lang/zh-cn.php
[ info ] [ ROUTE ] array (
  'type' => 'module',
  'module' => 
  array (
    0 => 'assets',
    1 => 'css',
    2 => 'skins',
  ),
)
[ info ] [ HEADER ] array (
  'host' => 'project-tp5-fastadmin181210.test',
  'connection' => 'keep-alive',
  'user-agent' => 'Mozilla/5.0 (Macintosh; Intel Mac OS X 10_12_4) AppleWebKit/537.36 (KHTML, like Gecko) Chrome/74.0.3729.131 Safari/537.36',
  'accept-encoding' => 'gzip, deflate',
  'accept-language' => 'zh-CN,zh;q=0.9',
  'cookie' => 'PHPSESSID=8c54ebe5699882781d4d3123a8878513; Hm_lvt_f8d0a8c400404989e195270b0bbf060a=1558090738; Hm_lpvt_f8d0a8c400404989e195270b0bbf060a=1558090738',
)
[ info ] [ PARAM ] array (
)
[ info ] [ LOG ] INIT File
---------------------------------------------------------------
[ 2019-05-18T11:32:17+08:00 ] 127.0.0.1 GET project-tp5-fastadmin181210.test/assets/css/fastadmin.css.map
[运行时间：0.065443s] [吞吐率：15.28req/s] [内存消耗：1,685.27kb] [文件加载：49]
[ info ] [ BEHAVIOR ] Run Closure @app_init [ RunTime:0.000159s ]
[ info ] [ CACHE ] INIT File
[ info ] [ BEHAVIOR ] Run Closure @app_init [ RunTime:0.004366s ]
[ info ] [ LANG ] /Users/cenyebao/web/project-tp5-fastadmin181210/thinkphp/lang/zh-cn.php
[ info ] [ ROUTE ] array (
  'type' => 'module',
  'module' => 
  array (
    0 => 'assets',
    1 => 'css',
    2 => 'fastadmin.css.map',
  ),
)
[ info ] [ HEADER ] array (
  'host' => 'project-tp5-fastadmin181210.test',
  'connection' => 'keep-alive',
  'user-agent' => 'Mozilla/5.0 (Macintosh; Intel Mac OS X 10_12_4) AppleWebKit/537.36 (KHTML, like Gecko) Chrome/74.0.3729.131 Safari/537.36',
  'accept-encoding' => 'gzip, deflate',
  'accept-language' => 'zh-CN,zh;q=0.9',
  'cookie' => 'PHPSESSID=8c54ebe5699882781d4d3123a8878513; Hm_lvt_f8d0a8c400404989e195270b0bbf060a=1558090738; Hm_lpvt_f8d0a8c400404989e195270b0bbf060a=1558090738',
)
[ info ] [ PARAM ] array (
)
[ info ] [ LOG ] INIT File
---------------------------------------------------------------
[ 2019-05-18T11:32:17+08:00 ] 127.0.0.1 GET project-tp5-fastadmin181210.test/assets/css/bootstrap.css.map
[运行时间：0.067378s] [吞吐率：14.84req/s] [内存消耗：1,685.27kb] [文件加载：49]
[ info ] [ BEHAVIOR ] Run Closure @app_init [ RunTime:0.002563s ]
[ info ] [ CACHE ] INIT File
[ info ] [ BEHAVIOR ] Run Closure @app_init [ RunTime:0.002729s ]
[ info ] [ LANG ] /Users/cenyebao/web/project-tp5-fastadmin181210/thinkphp/lang/zh-cn.php
[ info ] [ ROUTE ] array (
  'type' => 'module',
  'module' => 
  array (
    0 => 'assets',
    1 => 'css',
    2 => 'bootstrap.css.map',
  ),
)
[ info ] [ HEADER ] array (
  'host' => 'project-tp5-fastadmin181210.test',
  'connection' => 'keep-alive',
  'user-agent' => 'Mozilla/5.0 (Macintosh; Intel Mac OS X 10_12_4) AppleWebKit/537.36 (KHTML, like Gecko) Chrome/74.0.3729.131 Safari/537.36',
  'accept-encoding' => 'gzip, deflate',
  'accept-language' => 'zh-CN,zh;q=0.9',
  'cookie' => 'PHPSESSID=8c54ebe5699882781d4d3123a8878513; Hm_lvt_f8d0a8c400404989e195270b0bbf060a=1558090738; Hm_lpvt_f8d0a8c400404989e195270b0bbf060a=1558090738',
)
[ info ] [ PARAM ] array (
)
[ info ] [ LOG ] INIT File
---------------------------------------------------------------
[ 2019-05-18T11:32:17+08:00 ] 127.0.0.1 GET project-tp5-fastadmin181210.test/admin/dashboard?addtabs=1
[运行时间：0.205824s] [吞吐率：4.86req/s] [内存消耗：3,747.59kb] [文件加载：79]
[ info ] [ BEHAVIOR ] Run Closure @app_init [ RunTime:0.000085s ]
[ info ] [ CACHE ] INIT File
[ info ] [ BEHAVIOR ] Run Closure @app_init [ RunTime:0.002362s ]
[ info ] [ LANG ] /Users/cenyebao/web/project-tp5-fastadmin181210/thinkphp/lang/zh-cn.php
[ info ] [ ROUTE ] array (
  'type' => 'module',
  'module' => 
  array (
    0 => 'admin',
    1 => 'dashboard',
    2 => NULL,
  ),
)
[ info ] [ HEADER ] array (
  'host' => 'project-tp5-fastadmin181210.test',
  'connection' => 'keep-alive',
  'upgrade-insecure-requests' => '1',
  'user-agent' => 'Mozilla/5.0 (Macintosh; Intel Mac OS X 10_12_4) AppleWebKit/537.36 (KHTML, like Gecko) Chrome/74.0.3729.131 Safari/537.36',
  'accept' => 'text/html,application/xhtml+xml,application/xml;q=0.9,image/webp,image/apng,*/*;q=0.8,application/signed-exchange;v=b3',
  'referer' => 'http://project-tp5-fastadmin181210.test/admin/index/index',
  'accept-encoding' => 'gzip, deflate',
  'accept-language' => 'zh-CN,zh;q=0.9',
  'cookie' => 'PHPSESSID=8c54ebe5699882781d4d3123a8878513; Hm_lvt_f8d0a8c400404989e195270b0bbf060a=1558090738; Hm_lpvt_f8d0a8c400404989e195270b0bbf060a=1558090738',
)
[ info ] [ PARAM ] array (
  'addtabs' => '1',
)
[ info ] [ LANG ] /Users/cenyebao/web/project-tp5-fastadmin181210/public/../application/admin/lang/zh-cn.php
[ info ] [ BEHAVIOR ] Run app\common\behavior\Common @module_init [ RunTime:0.009611s ]
[ info ] [ SESSION ] INIT array (
  'id' => '',
  'var_session_id' => '',
  'prefix' => 'think',
  'type' => '',
  'auto_start' => true,
)
[ info ] [ DB ] INIT mysql
[ info ] [ LANG ] /Users/cenyebao/web/project-tp5-fastadmin181210/public/../application/admin/lang/zh-cn/dashboard.php
[ info ] [ RUN ] app\admin\controller\Dashboard->index[ /Users/cenyebao/web/project-tp5-fastadmin181210/application/admin/controller/Dashboard.php ]
[ info ] [ VIEW ] /Users/cenyebao/web/project-tp5-fastadmin181210/public/../application/admin/view/dashboard/index.html [ array (
  0 => 'breadcrumb',
  1 => 'site',
  2 => 'config',
  3 => 'auth',
  4 => 'admin',
  5 => 'totaluser',
  6 => 'totalviews',
  7 => 'totalorder',
  8 => 'totalorderamount',
  9 => 'todayuserlogin',
  10 => 'todayusersignup',
  11 => 'todayorder',
  12 => 'unsettleorder',
  13 => 'sevendnu',
  14 => 'sevendau',
  15 => 'paylist',
  16 => 'createlist',
  17 => 'addonversion',
  18 => 'uploadmode',
) ]
[ info ] [ BEHAVIOR ] Run app\admin\behavior\AdminLog @app_end [ RunTime:0.001294s ]
[ info ] [ LOG ] INIT File
[ sql ] [ DB ] CONNECT:[ UseTime:0.000732s ] mysql:host=127.0.0.1;port=3306;dbname=p_tp5_fadmin181210;charset=utf8
[ sql ] [ SQL ] SHOW COLUMNS FROM `fa_auth_group_access` [ RunTime:0.002558s ]
[ sql ] [ SQL ] SELECT `aga`.`uid`,`aga`.`group_id`,`ag`.`id`,`ag`.`pid`,`ag`.`name`,`ag`.`rules` FROM `fa_auth_group_access` `aga` LEFT JOIN `fa_auth_group` `ag` ON `aga`.`group_id`=`ag`.`id` WHERE  (  aga.uid='1' and ag.status='normal' ) [ RunTime:0.000900s ]
[ sql ] [ SQL ] SHOW COLUMNS FROM `fa_auth_rule` [ RunTime:0.007046s ]
[ sql ] [ SQL ] SELECT `id`,`pid`,`condition`,`icon`,`name`,`title`,`ismenu` FROM `fa_auth_rule` WHERE  `status` = 'normal' [ RunTime:0.003224s ]
[ sql ] [ SQL ] SELECT `title`,`remark` FROM `fa_auth_rule` WHERE  `name` = 'dashboard' LIMIT 1 [ RunTime:0.000873s ]
---------------------------------------------------------------
[ 2019-05-18T11:32:17+08:00 ] 127.0.0.1 GET project-tp5-fastadmin181210.test/admin/test?addtabs=1
[运行时间：0.293334s] [吞吐率：3.41req/s] [内存消耗：3,904.33kb] [文件加载：80]
[ info ] [ BEHAVIOR ] Run Closure @app_init [ RunTime:0.000157s ]
[ info ] [ CACHE ] INIT File
[ info ] [ BEHAVIOR ] Run Closure @app_init [ RunTime:0.002632s ]
[ info ] [ LANG ] /Users/cenyebao/web/project-tp5-fastadmin181210/thinkphp/lang/zh-cn.php
[ info ] [ ROUTE ] array (
  'type' => 'module',
  'module' => 
  array (
    0 => 'admin',
    1 => 'test',
    2 => NULL,
  ),
)
[ info ] [ HEADER ] array (
  'host' => 'project-tp5-fastadmin181210.test',
  'connection' => 'keep-alive',
  'upgrade-insecure-requests' => '1',
  'user-agent' => 'Mozilla/5.0 (Macintosh; Intel Mac OS X 10_12_4) AppleWebKit/537.36 (KHTML, like Gecko) Chrome/74.0.3729.131 Safari/537.36',
  'accept' => 'text/html,application/xhtml+xml,application/xml;q=0.9,image/webp,image/apng,*/*;q=0.8,application/signed-exchange;v=b3',
  'referer' => 'http://project-tp5-fastadmin181210.test/admin/index/index',
  'accept-encoding' => 'gzip, deflate',
  'accept-language' => 'zh-CN,zh;q=0.9',
  'cookie' => 'PHPSESSID=8c54ebe5699882781d4d3123a8878513; Hm_lvt_f8d0a8c400404989e195270b0bbf060a=1558090738; Hm_lpvt_f8d0a8c400404989e195270b0bbf060a=1558090738',
)
[ info ] [ PARAM ] array (
  'addtabs' => '1',
)
[ info ] [ LANG ] /Users/cenyebao/web/project-tp5-fastadmin181210/public/../application/admin/lang/zh-cn.php
[ info ] [ BEHAVIOR ] Run app\common\behavior\Common @module_init [ RunTime:0.005888s ]
[ info ] [ SESSION ] INIT array (
  'id' => '',
  'var_session_id' => '',
  'prefix' => 'think',
  'type' => '',
  'auto_start' => true,
)
[ info ] [ DB ] INIT mysql
[ info ] [ LANG ] /Users/cenyebao/web/project-tp5-fastadmin181210/public/../application/admin/lang/zh-cn/test.php
[ info ] [ RUN ] app\common\controller\Backend->index[ /Users/cenyebao/web/project-tp5-fastadmin181210/application/admin/library/traits/Backend.php ]
[ info ] [ VIEW ] /Users/cenyebao/web/project-tp5-fastadmin181210/public/../application/admin/view/test/index.html [ array (
  0 => 'breadcrumb',
  1 => 'site',
  2 => 'config',
  3 => 'auth',
  4 => 'admin',
  5 => 'weekList',
  6 => 'flagList',
  7 => 'genderdataList',
  8 => 'hobbydataList',
  9 => 'statusList',
  10 => 'stateList',
) ]
[ info ] [ BEHAVIOR ] Run app\admin\behavior\AdminLog @app_end [ RunTime:0.000172s ]
[ info ] [ LOG ] INIT File
[ sql ] [ DB ] CONNECT:[ UseTime:0.000693s ] mysql:host=127.0.0.1;port=3306;dbname=p_tp5_fadmin181210;charset=utf8
[ sql ] [ SQL ] SHOW COLUMNS FROM `fa_auth_group_access` [ RunTime:0.005506s ]
[ sql ] [ SQL ] SELECT `aga`.`uid`,`aga`.`group_id`,`ag`.`id`,`ag`.`pid`,`ag`.`name`,`ag`.`rules` FROM `fa_auth_group_access` `aga` LEFT JOIN `fa_auth_group` `ag` ON `aga`.`group_id`=`ag`.`id` WHERE  (  aga.uid='1' and ag.status='normal' ) [ RunTime:0.000980s ]
[ sql ] [ SQL ] SHOW COLUMNS FROM `fa_auth_rule` [ RunTime:0.004930s ]
[ sql ] [ SQL ] SELECT `id`,`pid`,`condition`,`icon`,`name`,`title`,`ismenu` FROM `fa_auth_rule` WHERE  `status` = 'normal' [ RunTime:0.001938s ]
[ sql ] [ SQL ] SELECT `title`,`remark` FROM `fa_auth_rule` WHERE  `name` = 'test' LIMIT 1 [ RunTime:0.000961s ]
---------------------------------------------------------------
[ 2019-05-18T11:32:17+08:00 ] 127.0.0.1 GET project-tp5-fastadmin181210.test/assets/css/skins/skin-green.css.map
[运行时间：0.057297s] [吞吐率：17.45req/s] [内存消耗：1,685.24kb] [文件加载：49]
[ info ] [ BEHAVIOR ] Run Closure @app_init [ RunTime:0.000058s ]
[ info ] [ CACHE ] INIT File
[ info ] [ BEHAVIOR ] Run Closure @app_init [ RunTime:0.002420s ]
[ info ] [ LANG ] /Users/cenyebao/web/project-tp5-fastadmin181210/thinkphp/lang/zh-cn.php
[ info ] [ ROUTE ] array (
  'type' => 'module',
  'module' => 
  array (
    0 => 'assets',
    1 => 'css',
    2 => 'skins',
  ),
)
[ info ] [ HEADER ] array (
  'host' => 'project-tp5-fastadmin181210.test',
  'connection' => 'keep-alive',
  'user-agent' => 'Mozilla/5.0 (Macintosh; Intel Mac OS X 10_12_4) AppleWebKit/537.36 (KHTML, like Gecko) Chrome/74.0.3729.131 Safari/537.36',
  'accept-encoding' => 'gzip, deflate',
  'accept-language' => 'zh-CN,zh;q=0.9',
  'cookie' => 'PHPSESSID=8c54ebe5699882781d4d3123a8878513; Hm_lvt_f8d0a8c400404989e195270b0bbf060a=1558090738; Hm_lpvt_f8d0a8c400404989e195270b0bbf060a=1558090738',
)
[ info ] [ PARAM ] array (
)
[ info ] [ LOG ] INIT File
---------------------------------------------------------------
[ 2019-05-18T11:32:17+08:00 ] 127.0.0.1 GET project-tp5-fastadmin181210.test/assets/css/fastadmin.css.map
[运行时间：0.064765s] [吞吐率：15.44req/s] [内存消耗：1,685.27kb] [文件加载：49]
[ info ] [ BEHAVIOR ] Run Closure @app_init [ RunTime:0.000097s ]
[ info ] [ CACHE ] INIT File
[ info ] [ BEHAVIOR ] Run Closure @app_init [ RunTime:0.009145s ]
[ info ] [ LANG ] /Users/cenyebao/web/project-tp5-fastadmin181210/thinkphp/lang/zh-cn.php
[ info ] [ ROUTE ] array (
  'type' => 'module',
  'module' => 
  array (
    0 => 'assets',
    1 => 'css',
    2 => 'fastadmin.css.map',
  ),
)
[ info ] [ HEADER ] array (
  'host' => 'project-tp5-fastadmin181210.test',
  'connection' => 'keep-alive',
  'user-agent' => 'Mozilla/5.0 (Macintosh; Intel Mac OS X 10_12_4) AppleWebKit/537.36 (KHTML, like Gecko) Chrome/74.0.3729.131 Safari/537.36',
  'accept-encoding' => 'gzip, deflate',
  'accept-language' => 'zh-CN,zh;q=0.9',
  'cookie' => 'PHPSESSID=8c54ebe5699882781d4d3123a8878513; Hm_lvt_f8d0a8c400404989e195270b0bbf060a=1558090738; Hm_lpvt_f8d0a8c400404989e195270b0bbf060a=1558090738',
)
[ info ] [ PARAM ] array (
)
[ info ] [ LOG ] INIT File
---------------------------------------------------------------
[ 2019-05-18T11:32:17+08:00 ] 127.0.0.1 GET project-tp5-fastadmin181210.test/assets/css/bootstrap.css.map
[运行时间：0.068175s] [吞吐率：14.67req/s] [内存消耗：1,685.27kb] [文件加载：49]
[ info ] [ BEHAVIOR ] Run Closure @app_init [ RunTime:0.000065s ]
[ info ] [ CACHE ] INIT File
[ info ] [ BEHAVIOR ] Run Closure @app_init [ RunTime:0.003979s ]
[ info ] [ LANG ] /Users/cenyebao/web/project-tp5-fastadmin181210/thinkphp/lang/zh-cn.php
[ info ] [ ROUTE ] array (
  'type' => 'module',
  'module' => 
  array (
    0 => 'assets',
    1 => 'css',
    2 => 'bootstrap.css.map',
  ),
)
[ info ] [ HEADER ] array (
  'host' => 'project-tp5-fastadmin181210.test',
  'connection' => 'keep-alive',
  'user-agent' => 'Mozilla/5.0 (Macintosh; Intel Mac OS X 10_12_4) AppleWebKit/537.36 (KHTML, like Gecko) Chrome/74.0.3729.131 Safari/537.36',
  'accept-encoding' => 'gzip, deflate',
  'accept-language' => 'zh-CN,zh;q=0.9',
  'cookie' => 'PHPSESSID=8c54ebe5699882781d4d3123a8878513; Hm_lvt_f8d0a8c400404989e195270b0bbf060a=1558090738; Hm_lpvt_f8d0a8c400404989e195270b0bbf060a=1558090738',
)
[ info ] [ PARAM ] array (
)
[ info ] [ LOG ] INIT File
---------------------------------------------------------------
[ 2019-05-18T11:32:17+08:00 ] 127.0.0.1 GET project-tp5-fastadmin181210.test/assets/css/backend.css.map
[运行时间：0.082144s] [吞吐率：12.17req/s] [内存消耗：1,685.23kb] [文件加载：49]
[ info ] [ BEHAVIOR ] Run Closure @app_init [ RunTime:0.000058s ]
[ info ] [ CACHE ] INIT File
[ info ] [ BEHAVIOR ] Run Closure @app_init [ RunTime:0.002997s ]
[ info ] [ LANG ] /Users/cenyebao/web/project-tp5-fastadmin181210/thinkphp/lang/zh-cn.php
[ info ] [ ROUTE ] array (
  'type' => 'module',
  'module' => 
  array (
    0 => 'assets',
    1 => 'css',
    2 => 'backend.css.map',
  ),
)
[ info ] [ HEADER ] array (
  'host' => 'project-tp5-fastadmin181210.test',
  'connection' => 'keep-alive',
  'user-agent' => 'Mozilla/5.0 (Macintosh; Intel Mac OS X 10_12_4) AppleWebKit/537.36 (KHTML, like Gecko) Chrome/74.0.3729.131 Safari/537.36',
  'accept-encoding' => 'gzip, deflate',
  'accept-language' => 'zh-CN,zh;q=0.9',
  'cookie' => 'PHPSESSID=8c54ebe5699882781d4d3123a8878513; Hm_lvt_f8d0a8c400404989e195270b0bbf060a=1558090738; Hm_lpvt_f8d0a8c400404989e195270b0bbf060a=1558090738',
)
[ info ] [ PARAM ] array (
)
[ info ] [ LOG ] INIT File
---------------------------------------------------------------
[ 2019-05-18T11:32:18+08:00 ] 127.0.0.1 GET project-tp5-fastadmin181210.test/assets/css/skins/skin-green.css.map
[运行时间：0.049721s] [吞吐率：20.11req/s] [内存消耗：1,685.24kb] [文件加载：49]
[ info ] [ BEHAVIOR ] Run Closure @app_init [ RunTime:0.000034s ]
[ info ] [ CACHE ] INIT File
[ info ] [ BEHAVIOR ] Run Closure @app_init [ RunTime:0.004616s ]
[ info ] [ LANG ] /Users/cenyebao/web/project-tp5-fastadmin181210/thinkphp/lang/zh-cn.php
[ info ] [ ROUTE ] array (
  'type' => 'module',
  'module' => 
  array (
    0 => 'assets',
    1 => 'css',
    2 => 'skins',
  ),
)
[ info ] [ HEADER ] array (
  'host' => 'project-tp5-fastadmin181210.test',
  'connection' => 'keep-alive',
  'user-agent' => 'Mozilla/5.0 (Macintosh; Intel Mac OS X 10_12_4) AppleWebKit/537.36 (KHTML, like Gecko) Chrome/74.0.3729.131 Safari/537.36',
  'accept-encoding' => 'gzip, deflate',
  'accept-language' => 'zh-CN,zh;q=0.9',
  'cookie' => 'PHPSESSID=8c54ebe5699882781d4d3123a8878513; Hm_lvt_f8d0a8c400404989e195270b0bbf060a=1558090738; Hm_lpvt_f8d0a8c400404989e195270b0bbf060a=1558090738',
)
[ info ] [ PARAM ] array (
)
[ info ] [ LOG ] INIT File
---------------------------------------------------------------
[ 2019-05-18T11:32:18+08:00 ] 127.0.0.1 GET project-tp5-fastadmin181210.test/assets/css/fastadmin.css.map
[运行时间：0.052394s] [吞吐率：19.09req/s] [内存消耗：1,685.27kb] [文件加载：49]
[ info ] [ BEHAVIOR ] Run Closure @app_init [ RunTime:0.000048s ]
[ info ] [ CACHE ] INIT File
[ info ] [ BEHAVIOR ] Run Closure @app_init [ RunTime:0.006412s ]
[ info ] [ LANG ] /Users/cenyebao/web/project-tp5-fastadmin181210/thinkphp/lang/zh-cn.php
[ info ] [ ROUTE ] array (
  'type' => 'module',
  'module' => 
  array (
    0 => 'assets',
    1 => 'css',
    2 => 'fastadmin.css.map',
  ),
)
[ info ] [ HEADER ] array (
  'host' => 'project-tp5-fastadmin181210.test',
  'connection' => 'keep-alive',
  'user-agent' => 'Mozilla/5.0 (Macintosh; Intel Mac OS X 10_12_4) AppleWebKit/537.36 (KHTML, like Gecko) Chrome/74.0.3729.131 Safari/537.36',
  'accept-encoding' => 'gzip, deflate',
  'accept-language' => 'zh-CN,zh;q=0.9',
  'cookie' => 'PHPSESSID=8c54ebe5699882781d4d3123a8878513; Hm_lvt_f8d0a8c400404989e195270b0bbf060a=1558090738; Hm_lpvt_f8d0a8c400404989e195270b0bbf060a=1558090738',
)
[ info ] [ PARAM ] array (
)
[ info ] [ LOG ] INIT File
---------------------------------------------------------------
[ 2019-05-18T11:32:18+08:00 ] 127.0.0.1 GET project-tp5-fastadmin181210.test/assets/css/bootstrap.css.map
[运行时间：0.054592s] [吞吐率：18.32req/s] [内存消耗：1,685.27kb] [文件加载：49]
[ info ] [ BEHAVIOR ] Run Closure @app_init [ RunTime:0.000042s ]
[ info ] [ CACHE ] INIT File
[ info ] [ BEHAVIOR ] Run Closure @app_init [ RunTime:0.003398s ]
[ info ] [ LANG ] /Users/cenyebao/web/project-tp5-fastadmin181210/thinkphp/lang/zh-cn.php
[ info ] [ ROUTE ] array (
  'type' => 'module',
  'module' => 
  array (
    0 => 'assets',
    1 => 'css',
    2 => 'bootstrap.css.map',
  ),
)
[ info ] [ HEADER ] array (
  'host' => 'project-tp5-fastadmin181210.test',
  'connection' => 'keep-alive',
  'user-agent' => 'Mozilla/5.0 (Macintosh; Intel Mac OS X 10_12_4) AppleWebKit/537.36 (KHTML, like Gecko) Chrome/74.0.3729.131 Safari/537.36',
  'accept-encoding' => 'gzip, deflate',
  'accept-language' => 'zh-CN,zh;q=0.9',
  'cookie' => 'PHPSESSID=8c54ebe5699882781d4d3123a8878513; Hm_lvt_f8d0a8c400404989e195270b0bbf060a=1558090738; Hm_lpvt_f8d0a8c400404989e195270b0bbf060a=1558090738',
)
[ info ] [ PARAM ] array (
)
[ info ] [ LOG ] INIT File
---------------------------------------------------------------
[ 2019-05-18T11:32:18+08:00 ] 127.0.0.1 GET project-tp5-fastadmin181210.test/assets/css/backend.css.map
[运行时间：0.070332s] [吞吐率：14.22req/s] [内存消耗：1,685.23kb] [文件加载：49]
[ info ] [ BEHAVIOR ] Run Closure @app_init [ RunTime:0.000057s ]
[ info ] [ CACHE ] INIT File
[ info ] [ BEHAVIOR ] Run Closure @app_init [ RunTime:0.002180s ]
[ info ] [ LANG ] /Users/cenyebao/web/project-tp5-fastadmin181210/thinkphp/lang/zh-cn.php
[ info ] [ ROUTE ] array (
  'type' => 'module',
  'module' => 
  array (
    0 => 'assets',
    1 => 'css',
    2 => 'backend.css.map',
  ),
)
[ info ] [ HEADER ] array (
  'host' => 'project-tp5-fastadmin181210.test',
  'connection' => 'keep-alive',
  'user-agent' => 'Mozilla/5.0 (Macintosh; Intel Mac OS X 10_12_4) AppleWebKit/537.36 (KHTML, like Gecko) Chrome/74.0.3729.131 Safari/537.36',
  'accept-encoding' => 'gzip, deflate',
  'accept-language' => 'zh-CN,zh;q=0.9',
  'cookie' => 'PHPSESSID=8c54ebe5699882781d4d3123a8878513; Hm_lvt_f8d0a8c400404989e195270b0bbf060a=1558090738; Hm_lpvt_f8d0a8c400404989e195270b0bbf060a=1558090738',
)
[ info ] [ PARAM ] array (
)
[ info ] [ LOG ] INIT File
---------------------------------------------------------------
[ 2019-05-18T11:32:18+08:00 ] 127.0.0.1 GET project-tp5-fastadmin181210.test/admin/ajax/lang?callback=define&controllername=index&v=1558150337
[运行时间：0.085823s] [吞吐率：11.65req/s] [内存消耗：2,788.89kb] [文件加载：70]
[ info ] [ BEHAVIOR ] Run Closure @app_init [ RunTime:0.000056s ]
[ info ] [ CACHE ] INIT File
[ info ] [ BEHAVIOR ] Run Closure @app_init [ RunTime:0.001893s ]
[ info ] [ LANG ] /Users/cenyebao/web/project-tp5-fastadmin181210/thinkphp/lang/zh-cn.php
[ info ] [ ROUTE ] array (
  'type' => 'module',
  'module' => 
  array (
    0 => 'admin',
    1 => 'ajax',
    2 => 'lang',
  ),
)
[ info ] [ HEADER ] array (
  'host' => 'project-tp5-fastadmin181210.test',
  'connection' => 'keep-alive',
  'user-agent' => 'Mozilla/5.0 (Macintosh; Intel Mac OS X 10_12_4) AppleWebKit/537.36 (KHTML, like Gecko) Chrome/74.0.3729.131 Safari/537.36',
  'accept' => '*/*',
  'referer' => 'http://project-tp5-fastadmin181210.test/admin/index/index',
  'accept-encoding' => 'gzip, deflate',
  'accept-language' => 'zh-CN,zh;q=0.9',
  'cookie' => 'PHPSESSID=8c54ebe5699882781d4d3123a8878513; Hm_lvt_f8d0a8c400404989e195270b0bbf060a=1558090738; Hm_lpvt_f8d0a8c400404989e195270b0bbf060a=1558090738',
)
[ info ] [ PARAM ] array (
  'callback' => 'define',
  'controllername' => 'index',
  'v' => '1558150337',
)
[ info ] [ LANG ] /Users/cenyebao/web/project-tp5-fastadmin181210/public/../application/admin/lang/zh-cn.php
[ info ] [ BEHAVIOR ] Run app\common\behavior\Common @module_init [ RunTime:0.003421s ]
[ info ] [ SESSION ] INIT array (
  'id' => '',
  'var_session_id' => '',
  'prefix' => 'think',
  'type' => '',
  'auto_start' => true,
)
[ info ] [ LANG ] /Users/cenyebao/web/project-tp5-fastadmin181210/public/../application/admin/lang/zh-cn/ajax.php
[ info ] [ RUN ] app\admin\controller\Ajax->lang[ /Users/cenyebao/web/project-tp5-fastadmin181210/application/admin/controller/Ajax.php ]
[ info ] [ LANG ] /Users/cenyebao/web/project-tp5-fastadmin181210/public/../application/admin/lang/zh-cn/index.php
[ info ] [ BEHAVIOR ] Run app\admin\behavior\AdminLog @app_end [ RunTime:0.000212s ]
[ info ] [ LOG ] INIT File
---------------------------------------------------------------
[ 2019-05-18T11:32:18+08:00 ] 127.0.0.1 GET project-tp5-fastadmin181210.test/admin/ajax/lang?callback=define&controllername=dashboard&v=1558150337
[运行时间：0.088242s] [吞吐率：11.33req/s] [内存消耗：2,787.38kb] [文件加载：70]
[ info ] [ BEHAVIOR ] Run Closure @app_init [ RunTime:0.000050s ]
[ info ] [ CACHE ] INIT File
[ info ] [ BEHAVIOR ] Run Closure @app_init [ RunTime:0.002318s ]
[ info ] [ LANG ] /Users/cenyebao/web/project-tp5-fastadmin181210/thinkphp/lang/zh-cn.php
[ info ] [ ROUTE ] array (
  'type' => 'module',
  'module' => 
  array (
    0 => 'admin',
    1 => 'ajax',
    2 => 'lang',
  ),
)
[ info ] [ HEADER ] array (
  'host' => 'project-tp5-fastadmin181210.test',
  'connection' => 'keep-alive',
  'user-agent' => 'Mozilla/5.0 (Macintosh; Intel Mac OS X 10_12_4) AppleWebKit/537.36 (KHTML, like Gecko) Chrome/74.0.3729.131 Safari/537.36',
  'accept' => '*/*',
  'referer' => 'http://project-tp5-fastadmin181210.test/admin/dashboard?addtabs=1',
  'accept-encoding' => 'gzip, deflate',
  'accept-language' => 'zh-CN,zh;q=0.9',
  'cookie' => 'PHPSESSID=8c54ebe5699882781d4d3123a8878513; Hm_lvt_f8d0a8c400404989e195270b0bbf060a=1558090738; Hm_lpvt_f8d0a8c400404989e195270b0bbf060a=1558090738',
)
[ info ] [ PARAM ] array (
  'callback' => 'define',
  'controllername' => 'dashboard',
  'v' => '1558150337',
)
[ info ] [ LANG ] /Users/cenyebao/web/project-tp5-fastadmin181210/public/../application/admin/lang/zh-cn.php
[ info ] [ BEHAVIOR ] Run app\common\behavior\Common @module_init [ RunTime:0.005961s ]
[ info ] [ SESSION ] INIT array (
  'id' => '',
  'var_session_id' => '',
  'prefix' => 'think',
  'type' => '',
  'auto_start' => true,
)
[ info ] [ LANG ] /Users/cenyebao/web/project-tp5-fastadmin181210/public/../application/admin/lang/zh-cn/ajax.php
[ info ] [ RUN ] app\admin\controller\Ajax->lang[ /Users/cenyebao/web/project-tp5-fastadmin181210/application/admin/controller/Ajax.php ]
[ info ] [ LANG ] /Users/cenyebao/web/project-tp5-fastadmin181210/public/../application/admin/lang/zh-cn/dashboard.php
[ info ] [ BEHAVIOR ] Run app\admin\behavior\AdminLog @app_end [ RunTime:0.000192s ]
[ info ] [ LOG ] INIT File
---------------------------------------------------------------
[ 2019-05-18T11:32:18+08:00 ] 127.0.0.1 GET project-tp5-fastadmin181210.test/admin/ajax/lang?callback=define&controllername=test&v=1558150337
[运行时间：0.103460s] [吞吐率：9.67req/s] [内存消耗：2,786.60kb] [文件加载：70]
[ info ] [ BEHAVIOR ] Run Closure @app_init [ RunTime:0.000070s ]
[ info ] [ CACHE ] INIT File
[ info ] [ BEHAVIOR ] Run Closure @app_init [ RunTime:0.006197s ]
[ info ] [ LANG ] /Users/cenyebao/web/project-tp5-fastadmin181210/thinkphp/lang/zh-cn.php
[ info ] [ ROUTE ] array (
  'type' => 'module',
  'module' => 
  array (
    0 => 'admin',
    1 => 'ajax',
    2 => 'lang',
  ),
)
[ info ] [ HEADER ] array (
  'host' => 'project-tp5-fastadmin181210.test',
  'connection' => 'keep-alive',
  'user-agent' => 'Mozilla/5.0 (Macintosh; Intel Mac OS X 10_12_4) AppleWebKit/537.36 (KHTML, like Gecko) Chrome/74.0.3729.131 Safari/537.36',
  'accept' => '*/*',
  'referer' => 'http://project-tp5-fastadmin181210.test/admin/test?addtabs=1',
  'accept-encoding' => 'gzip, deflate',
  'accept-language' => 'zh-CN,zh;q=0.9',
  'cookie' => 'PHPSESSID=8c54ebe5699882781d4d3123a8878513; Hm_lvt_f8d0a8c400404989e195270b0bbf060a=1558090738; Hm_lpvt_f8d0a8c400404989e195270b0bbf060a=1558090738',
)
[ info ] [ PARAM ] array (
  'callback' => 'define',
  'controllername' => 'test',
  'v' => '1558150337',
)
[ info ] [ LANG ] /Users/cenyebao/web/project-tp5-fastadmin181210/public/../application/admin/lang/zh-cn.php
[ info ] [ BEHAVIOR ] Run app\common\behavior\Common @module_init [ RunTime:0.005437s ]
[ info ] [ SESSION ] INIT array (
  'id' => '',
  'var_session_id' => '',
  'prefix' => 'think',
  'type' => '',
  'auto_start' => true,
)
[ info ] [ LANG ] /Users/cenyebao/web/project-tp5-fastadmin181210/public/../application/admin/lang/zh-cn/ajax.php
[ info ] [ RUN ] app\admin\controller\Ajax->lang[ /Users/cenyebao/web/project-tp5-fastadmin181210/application/admin/controller/Ajax.php ]
[ info ] [ LANG ] /Users/cenyebao/web/project-tp5-fastadmin181210/public/../application/admin/lang/zh-cn/test.php
[ info ] [ BEHAVIOR ] Run app\admin\behavior\AdminLog @app_end [ RunTime:0.000259s ]
[ info ] [ LOG ] INIT File
---------------------------------------------------------------
[ 2019-05-18T11:32:19+08:00 ] 127.0.0.1 GET project-tp5-fastadmin181210.test/admin/test/index?sort=weigh&order=desc&offset=0&limit=10&filter=%7B%7D&op=%7B%7D&_=1558150338216
[运行时间：0.127411s] [吞吐率：7.85req/s] [内存消耗：3,822.29kb] [文件加载：80]
[ info ] [ BEHAVIOR ] Run Closure @app_init [ RunTime:0.000069s ]
[ info ] [ CACHE ] INIT File
[ info ] [ BEHAVIOR ] Run Closure @app_init [ RunTime:0.002762s ]
[ info ] [ LANG ] /Users/cenyebao/web/project-tp5-fastadmin181210/thinkphp/lang/zh-cn.php
[ info ] [ ROUTE ] array (
  'type' => 'module',
  'module' => 
  array (
    0 => 'admin',
    1 => 'test',
    2 => 'index',
  ),
)
[ info ] [ HEADER ] array (
  'host' => 'project-tp5-fastadmin181210.test',
  'connection' => 'keep-alive',
  'accept' => 'application/json, text/javascript, */*; q=0.01',
  'x-requested-with' => 'XMLHttpRequest',
  'user-agent' => 'Mozilla/5.0 (Macintosh; Intel Mac OS X 10_12_4) AppleWebKit/537.36 (KHTML, like Gecko) Chrome/74.0.3729.131 Safari/537.36',
  'content-type' => 'application/json',
  'referer' => 'http://project-tp5-fastadmin181210.test/admin/test?addtabs=1',
  'accept-encoding' => 'gzip, deflate',
  'accept-language' => 'zh-CN,zh;q=0.9',
  'cookie' => 'PHPSESSID=8c54ebe5699882781d4d3123a8878513; Hm_lvt_f8d0a8c400404989e195270b0bbf060a=1558090738; Hm_lpvt_f8d0a8c400404989e195270b0bbf060a=1558090738',
)
[ info ] [ PARAM ] array (
  'sort' => 'weigh',
  'order' => 'desc',
  'offset' => '0',
  'limit' => '10',
  'filter' => '{}',
  'op' => '{}',
  '_' => '1558150338216',
)
[ info ] [ LANG ] /Users/cenyebao/web/project-tp5-fastadmin181210/public/../application/admin/lang/zh-cn.php
[ info ] [ BEHAVIOR ] Run app\common\behavior\Common @module_init [ RunTime:0.004751s ]
[ info ] [ SESSION ] INIT array (
  'id' => '',
  'var_session_id' => '',
  'prefix' => 'think',
  'type' => '',
  'auto_start' => true,
)
[ info ] [ DB ] INIT mysql
[ info ] [ LANG ] /Users/cenyebao/web/project-tp5-fastadmin181210/public/../application/admin/lang/zh-cn/test.php
[ info ] [ RUN ] app\common\controller\Backend->index[ /Users/cenyebao/web/project-tp5-fastadmin181210/application/admin/library/traits/Backend.php ]
[ info ] [ BEHAVIOR ] Run app\admin\behavior\AdminLog @app_end [ RunTime:0.000141s ]
[ info ] [ LOG ] INIT File
[ sql ] [ DB ] CONNECT:[ UseTime:0.001036s ] mysql:host=127.0.0.1;port=3306;dbname=p_tp5_fadmin181210;charset=utf8
[ sql ] [ SQL ] SHOW COLUMNS FROM `fa_auth_group_access` [ RunTime:0.004706s ]
[ sql ] [ SQL ] SELECT `aga`.`uid`,`aga`.`group_id`,`ag`.`id`,`ag`.`pid`,`ag`.`name`,`ag`.`rules` FROM `fa_auth_group_access` `aga` LEFT JOIN `fa_auth_group` `ag` ON `aga`.`group_id`=`ag`.`id` WHERE  (  aga.uid='1' and ag.status='normal' ) [ RunTime:0.001025s ]
[ sql ] [ SQL ] SHOW COLUMNS FROM `fa_auth_rule` [ RunTime:0.005369s ]
[ sql ] [ SQL ] SELECT `id`,`pid`,`condition`,`icon`,`name`,`title`,`ismenu` FROM `fa_auth_rule` WHERE  `status` = 'normal' [ RunTime:0.001801s ]
[ sql ] [ SQL ] SHOW COLUMNS FROM `fa_test` [ RunTime:0.007867s ]
[ sql ] [ SQL ] SELECT COUNT(*) AS tp_count FROM `fa_test` ORDER BY `weigh` DESC LIMIT 1 [ RunTime:0.002249s ]
[ sql ] [ SQL ] SELECT * FROM `fa_test` ORDER BY `weigh` DESC LIMIT 0,10 [ RunTime:0.001490s ]
---------------------------------------------------------------
[ 2019-05-18T11:34:49+08:00 ] 127.0.0.1 GET project-tp5-fastadmin181210.test/assets/css/backend.css.map
[运行时间：0.061945s] [吞吐率：16.14req/s] [内存消耗：1,685.23kb] [文件加载：49]
[ info ] [ BEHAVIOR ] Run Closure @app_init [ RunTime:0.000153s ]
[ info ] [ CACHE ] INIT File
[ info ] [ BEHAVIOR ] Run Closure @app_init [ RunTime:0.002658s ]
[ info ] [ LANG ] /Users/cenyebao/web/project-tp5-fastadmin181210/thinkphp/lang/zh-cn.php
[ info ] [ ROUTE ] array (
  'type' => 'module',
  'module' => 
  array (
    0 => 'assets',
    1 => 'css',
    2 => 'backend.css.map',
  ),
)
[ info ] [ HEADER ] array (
  'host' => 'project-tp5-fastadmin181210.test',
  'connection' => 'keep-alive',
  'user-agent' => 'Mozilla/5.0 (Macintosh; Intel Mac OS X 10_12_4) AppleWebKit/537.36 (KHTML, like Gecko) Chrome/74.0.3729.131 Safari/537.36',
  'accept-encoding' => 'gzip, deflate',
  'accept-language' => 'zh-CN,zh;q=0.9',
  'cookie' => 'PHPSESSID=8c54ebe5699882781d4d3123a8878513; Hm_lvt_f8d0a8c400404989e195270b0bbf060a=1558090738; Hm_lpvt_f8d0a8c400404989e195270b0bbf060a=1558090738',
)
[ info ] [ PARAM ] array (
)
[ info ] [ LOG ] INIT File
---------------------------------------------------------------
[ 2019-05-18T11:34:49+08:00 ] 127.0.0.1 GET project-tp5-fastadmin181210.test/assets/css/skins/skin-green.css.map
[运行时间：0.071029s] [吞吐率：14.08req/s] [内存消耗：1,685.24kb] [文件加载：49]
[ info ] [ BEHAVIOR ] Run Closure @app_init [ RunTime:0.000340s ]
[ info ] [ CACHE ] INIT File
[ info ] [ BEHAVIOR ] Run Closure @app_init [ RunTime:0.002382s ]
[ info ] [ LANG ] /Users/cenyebao/web/project-tp5-fastadmin181210/thinkphp/lang/zh-cn.php
[ info ] [ ROUTE ] array (
  'type' => 'module',
  'module' => 
  array (
    0 => 'assets',
    1 => 'css',
    2 => 'skins',
  ),
)
[ info ] [ HEADER ] array (
  'host' => 'project-tp5-fastadmin181210.test',
  'connection' => 'keep-alive',
  'user-agent' => 'Mozilla/5.0 (Macintosh; Intel Mac OS X 10_12_4) AppleWebKit/537.36 (KHTML, like Gecko) Chrome/74.0.3729.131 Safari/537.36',
  'accept-encoding' => 'gzip, deflate',
  'accept-language' => 'zh-CN,zh;q=0.9',
  'cookie' => 'PHPSESSID=8c54ebe5699882781d4d3123a8878513; Hm_lvt_f8d0a8c400404989e195270b0bbf060a=1558090738; Hm_lpvt_f8d0a8c400404989e195270b0bbf060a=1558090738',
)
[ info ] [ PARAM ] array (
)
[ info ] [ LOG ] INIT File
---------------------------------------------------------------
[ 2019-05-18T11:34:49+08:00 ] 127.0.0.1 GET project-tp5-fastadmin181210.test/assets/css/bootstrap.css.map
[运行时间：0.065382s] [吞吐率：15.29req/s] [内存消耗：1,685.27kb] [文件加载：49]
[ info ] [ BEHAVIOR ] Run Closure @app_init [ RunTime:0.000144s ]
[ info ] [ CACHE ] INIT File
[ info ] [ BEHAVIOR ] Run Closure @app_init [ RunTime:0.002858s ]
[ info ] [ LANG ] /Users/cenyebao/web/project-tp5-fastadmin181210/thinkphp/lang/zh-cn.php
[ info ] [ ROUTE ] array (
  'type' => 'module',
  'module' => 
  array (
    0 => 'assets',
    1 => 'css',
    2 => 'bootstrap.css.map',
  ),
)
[ info ] [ HEADER ] array (
  'host' => 'project-tp5-fastadmin181210.test',
  'connection' => 'keep-alive',
  'user-agent' => 'Mozilla/5.0 (Macintosh; Intel Mac OS X 10_12_4) AppleWebKit/537.36 (KHTML, like Gecko) Chrome/74.0.3729.131 Safari/537.36',
  'accept-encoding' => 'gzip, deflate',
  'accept-language' => 'zh-CN,zh;q=0.9',
  'cookie' => 'PHPSESSID=8c54ebe5699882781d4d3123a8878513; Hm_lvt_f8d0a8c400404989e195270b0bbf060a=1558090738; Hm_lpvt_f8d0a8c400404989e195270b0bbf060a=1558090738',
)
[ info ] [ PARAM ] array (
)
[ info ] [ LOG ] INIT File
---------------------------------------------------------------
[ 2019-05-18T11:34:49+08:00 ] 127.0.0.1 GET project-tp5-fastadmin181210.test/assets/css/fastadmin.css.map
[运行时间：0.066004s] [吞吐率：15.15req/s] [内存消耗：1,685.27kb] [文件加载：49]
[ info ] [ BEHAVIOR ] Run Closure @app_init [ RunTime:0.000136s ]
[ info ] [ CACHE ] INIT File
[ info ] [ BEHAVIOR ] Run Closure @app_init [ RunTime:0.002762s ]
[ info ] [ LANG ] /Users/cenyebao/web/project-tp5-fastadmin181210/thinkphp/lang/zh-cn.php
[ info ] [ ROUTE ] array (
  'type' => 'module',
  'module' => 
  array (
    0 => 'assets',
    1 => 'css',
    2 => 'fastadmin.css.map',
  ),
)
[ info ] [ HEADER ] array (
  'host' => 'project-tp5-fastadmin181210.test',
  'connection' => 'keep-alive',
  'user-agent' => 'Mozilla/5.0 (Macintosh; Intel Mac OS X 10_12_4) AppleWebKit/537.36 (KHTML, like Gecko) Chrome/74.0.3729.131 Safari/537.36',
  'accept-encoding' => 'gzip, deflate',
  'accept-language' => 'zh-CN,zh;q=0.9',
  'cookie' => 'PHPSESSID=8c54ebe5699882781d4d3123a8878513; Hm_lvt_f8d0a8c400404989e195270b0bbf060a=1558090738; Hm_lpvt_f8d0a8c400404989e195270b0bbf060a=1558090738',
)
[ info ] [ PARAM ] array (
)
[ info ] [ LOG ] INIT File
---------------------------------------------------------------
[ 2019-05-18T11:34:54+08:00 ] 127.0.0.1 GET project-tp5-fastadmin181210.test/admin/test?ref=addtabs
[运行时间：0.084011s] [吞吐率：11.90req/s] [内存消耗：3,350.74kb] [文件加载：74]
[ info ] [ BEHAVIOR ] Run Closure @app_init [ RunTime:0.000036s ]
[ info ] [ CACHE ] INIT File
[ info ] [ BEHAVIOR ] Run Closure @app_init [ RunTime:0.003027s ]
[ info ] [ LANG ] /Users/cenyebao/web/project-tp5-fastadmin181210/thinkphp/lang/zh-cn.php
[ info ] [ ROUTE ] array (
  'type' => 'module',
  'module' => 
  array (
    0 => 'admin',
    1 => 'test',
    2 => NULL,
  ),
)
[ info ] [ HEADER ] array (
  'host' => 'project-tp5-fastadmin181210.test',
  'connection' => 'keep-alive',
  'cache-control' => 'max-age=0',
  'upgrade-insecure-requests' => '1',
  'user-agent' => 'Mozilla/5.0 (Macintosh; Intel Mac OS X 10_12_4) AppleWebKit/537.36 (KHTML, like Gecko) Chrome/74.0.3729.131 Safari/537.36',
  'accept' => 'text/html,application/xhtml+xml,application/xml;q=0.9,image/webp,image/apng,*/*;q=0.8,application/signed-exchange;v=b3',
  'accept-encoding' => 'gzip, deflate',
  'accept-language' => 'zh-CN,zh;q=0.9',
  'cookie' => 'PHPSESSID=8c54ebe5699882781d4d3123a8878513; Hm_lvt_f8d0a8c400404989e195270b0bbf060a=1558090738; Hm_lpvt_f8d0a8c400404989e195270b0bbf060a=1558090738',
)
[ info ] [ PARAM ] array (
  'ref' => 'addtabs',
)
[ info ] [ LANG ] /Users/cenyebao/web/project-tp5-fastadmin181210/public/../application/admin/lang/zh-cn.php
[ info ] [ BEHAVIOR ] Run app\common\behavior\Common @module_init [ RunTime:0.004970s ]
[ info ] [ SESSION ] INIT array (
  'id' => '',
  'var_session_id' => '',
  'prefix' => 'think',
  'type' => '',
  'auto_start' => true,
)
[ info ] [ DB ] INIT mysql
[ info ] [ BEHAVIOR ] Run app\admin\behavior\AdminLog @app_end [ RunTime:0.000288s ]
[ info ] [ LOG ] INIT File
[ sql ] [ DB ] CONNECT:[ UseTime:0.000778s ] mysql:host=127.0.0.1;port=3306;dbname=p_tp5_fadmin181210;charset=utf8
[ sql ] [ SQL ] SHOW COLUMNS FROM `fa_auth_group_access` [ RunTime:0.002796s ]
[ sql ] [ SQL ] SELECT `aga`.`uid`,`aga`.`group_id`,`ag`.`id`,`ag`.`pid`,`ag`.`name`,`ag`.`rules` FROM `fa_auth_group_access` `aga` LEFT JOIN `fa_auth_group` `ag` ON `aga`.`group_id`=`ag`.`id` WHERE  (  aga.uid='1' and ag.status='normal' ) [ RunTime:0.000715s ]
[ sql ] [ SQL ] SHOW COLUMNS FROM `fa_auth_rule` [ RunTime:0.003285s ]
[ sql ] [ SQL ] SELECT `id`,`pid`,`condition`,`icon`,`name`,`title`,`ismenu` FROM `fa_auth_rule` WHERE  `status` = 'normal' [ RunTime:0.001187s ]
---------------------------------------------------------------
[ 2019-05-18T11:34:54+08:00 ] 127.0.0.1 GET project-tp5-fastadmin181210.test/admin/index/index
[运行时间：0.165368s] [吞吐率：6.05req/s] [内存消耗：3,981.95kb] [文件加载：89]
[ info ] [ BEHAVIOR ] Run Closure @app_init [ RunTime:0.000065s ]
[ info ] [ CACHE ] INIT File
[ info ] [ BEHAVIOR ] Run Closure @app_init [ RunTime:0.002161s ]
[ info ] [ LANG ] /Users/cenyebao/web/project-tp5-fastadmin181210/thinkphp/lang/zh-cn.php
[ info ] [ ROUTE ] array (
  'type' => 'module',
  'module' => 
  array (
    0 => 'admin',
    1 => 'index',
    2 => 'index',
  ),
)
[ info ] [ HEADER ] array (
  'host' => 'project-tp5-fastadmin181210.test',
  'connection' => 'keep-alive',
  'cache-control' => 'max-age=0',
  'upgrade-insecure-requests' => '1',
  'user-agent' => 'Mozilla/5.0 (Macintosh; Intel Mac OS X 10_12_4) AppleWebKit/537.36 (KHTML, like Gecko) Chrome/74.0.3729.131 Safari/537.36',
  'accept' => 'text/html,application/xhtml+xml,application/xml;q=0.9,image/webp,image/apng,*/*;q=0.8,application/signed-exchange;v=b3',
  'accept-encoding' => 'gzip, deflate',
  'accept-language' => 'zh-CN,zh;q=0.9',
  'cookie' => 'PHPSESSID=8c54ebe5699882781d4d3123a8878513; Hm_lvt_f8d0a8c400404989e195270b0bbf060a=1558090738; Hm_lpvt_f8d0a8c400404989e195270b0bbf060a=1558090738',
)
[ info ] [ PARAM ] array (
)
[ info ] [ LANG ] /Users/cenyebao/web/project-tp5-fastadmin181210/public/../application/admin/lang/zh-cn.php
[ info ] [ BEHAVIOR ] Run app\common\behavior\Common @module_init [ RunTime:0.002095s ]
[ info ] [ SESSION ] INIT array (
  'id' => '',
  'var_session_id' => '',
  'prefix' => 'think',
  'type' => '',
  'auto_start' => true,
)
[ info ] [ LANG ] /Users/cenyebao/web/project-tp5-fastadmin181210/public/../application/admin/lang/zh-cn/index.php
[ info ] [ RUN ] app\admin\controller\Index->index[ /Users/cenyebao/web/project-tp5-fastadmin181210/application/admin/controller/Index.php ]
[ info ] [ DB ] INIT mysql
[ info ] [ VIEW ] /Users/cenyebao/web/project-tp5-fastadmin181210/public/../application/admin/view/index/index.html [ array (
  0 => 'breadcrumb',
  1 => 'site',
  2 => 'config',
  3 => 'auth',
  4 => 'admin',
  5 => 'menulist',
  6 => 'navlist',
  7 => 'fixedmenu',
  8 => 'referermenu',
  9 => 'title',
) ]
[ info ] [ BEHAVIOR ] Run app\admin\behavior\AdminLog @app_end [ RunTime:0.000134s ]
[ info ] [ LOG ] INIT File
[ sql ] [ DB ] CONNECT:[ UseTime:0.000578s ] mysql:host=127.0.0.1;port=3306;dbname=p_tp5_fadmin181210;charset=utf8
[ sql ] [ SQL ] SHOW COLUMNS FROM `fa_auth_group_access` [ RunTime:0.003949s ]
[ sql ] [ SQL ] SELECT `aga`.`uid`,`aga`.`group_id`,`ag`.`id`,`ag`.`pid`,`ag`.`name`,`ag`.`rules` FROM `fa_auth_group_access` `aga` LEFT JOIN `fa_auth_group` `ag` ON `aga`.`group_id`=`ag`.`id` WHERE  (  aga.uid='1' and ag.status='normal' ) [ RunTime:0.000773s ]
[ sql ] [ SQL ] SHOW COLUMNS FROM `fa_auth_rule` [ RunTime:0.003092s ]
[ sql ] [ SQL ] SELECT `id`,`pid`,`condition`,`icon`,`name`,`title`,`ismenu` FROM `fa_auth_rule` WHERE  `status` = 'normal' [ RunTime:0.001148s ]
---------------------------------------------------------------
[ 2019-05-18T11:34:54+08:00 ] 127.0.0.1 GET project-tp5-fastadmin181210.test/assets/css/backend.css.map
[运行时间：0.059575s] [吞吐率：16.79req/s] [内存消耗：1,685.23kb] [文件加载：49]
[ info ] [ BEHAVIOR ] Run Closure @app_init [ RunTime:0.000042s ]
[ info ] [ CACHE ] INIT File
[ info ] [ BEHAVIOR ] Run Closure @app_init [ RunTime:0.003898s ]
[ info ] [ LANG ] /Users/cenyebao/web/project-tp5-fastadmin181210/thinkphp/lang/zh-cn.php
[ info ] [ ROUTE ] array (
  'type' => 'module',
  'module' => 
  array (
    0 => 'assets',
    1 => 'css',
    2 => 'backend.css.map',
  ),
)
[ info ] [ HEADER ] array (
  'host' => 'project-tp5-fastadmin181210.test',
  'connection' => 'keep-alive',
  'user-agent' => 'Mozilla/5.0 (Macintosh; Intel Mac OS X 10_12_4) AppleWebKit/537.36 (KHTML, like Gecko) Chrome/74.0.3729.131 Safari/537.36',
  'accept-encoding' => 'gzip, deflate',
  'accept-language' => 'zh-CN,zh;q=0.9',
  'cookie' => 'PHPSESSID=8c54ebe5699882781d4d3123a8878513; Hm_lvt_f8d0a8c400404989e195270b0bbf060a=1558090738; Hm_lpvt_f8d0a8c400404989e195270b0bbf060a=1558090738',
)
[ info ] [ PARAM ] array (
)
[ info ] [ LOG ] INIT File
---------------------------------------------------------------
[ 2019-05-18T11:34:54+08:00 ] 127.0.0.1 GET project-tp5-fastadmin181210.test/assets/css/skins/skin-green.css.map
[运行时间：0.052233s] [吞吐率：19.14req/s] [内存消耗：1,685.24kb] [文件加载：49]
[ info ] [ BEHAVIOR ] Run Closure @app_init [ RunTime:0.000035s ]
[ info ] [ CACHE ] INIT File
[ info ] [ BEHAVIOR ] Run Closure @app_init [ RunTime:0.003392s ]
[ info ] [ LANG ] /Users/cenyebao/web/project-tp5-fastadmin181210/thinkphp/lang/zh-cn.php
[ info ] [ ROUTE ] array (
  'type' => 'module',
  'module' => 
  array (
    0 => 'assets',
    1 => 'css',
    2 => 'skins',
  ),
)
[ info ] [ HEADER ] array (
  'host' => 'project-tp5-fastadmin181210.test',
  'connection' => 'keep-alive',
  'user-agent' => 'Mozilla/5.0 (Macintosh; Intel Mac OS X 10_12_4) AppleWebKit/537.36 (KHTML, like Gecko) Chrome/74.0.3729.131 Safari/537.36',
  'accept-encoding' => 'gzip, deflate',
  'accept-language' => 'zh-CN,zh;q=0.9',
  'cookie' => 'PHPSESSID=8c54ebe5699882781d4d3123a8878513; Hm_lvt_f8d0a8c400404989e195270b0bbf060a=1558090738; Hm_lpvt_f8d0a8c400404989e195270b0bbf060a=1558090738',
)
[ info ] [ PARAM ] array (
)
[ info ] [ LOG ] INIT File
---------------------------------------------------------------
[ 2019-05-18T11:34:54+08:00 ] 127.0.0.1 GET project-tp5-fastadmin181210.test/assets/css/bootstrap.css.map
[运行时间：0.062807s] [吞吐率：15.92req/s] [内存消耗：1,685.27kb] [文件加载：49]
[ info ] [ BEHAVIOR ] Run Closure @app_init [ RunTime:0.000035s ]
[ info ] [ CACHE ] INIT File
[ info ] [ BEHAVIOR ] Run Closure @app_init [ RunTime:0.003231s ]
[ info ] [ LANG ] /Users/cenyebao/web/project-tp5-fastadmin181210/thinkphp/lang/zh-cn.php
[ info ] [ ROUTE ] array (
  'type' => 'module',
  'module' => 
  array (
    0 => 'assets',
    1 => 'css',
    2 => 'bootstrap.css.map',
  ),
)
[ info ] [ HEADER ] array (
  'host' => 'project-tp5-fastadmin181210.test',
  'connection' => 'keep-alive',
  'user-agent' => 'Mozilla/5.0 (Macintosh; Intel Mac OS X 10_12_4) AppleWebKit/537.36 (KHTML, like Gecko) Chrome/74.0.3729.131 Safari/537.36',
  'accept-encoding' => 'gzip, deflate',
  'accept-language' => 'zh-CN,zh;q=0.9',
  'cookie' => 'PHPSESSID=8c54ebe5699882781d4d3123a8878513; Hm_lvt_f8d0a8c400404989e195270b0bbf060a=1558090738; Hm_lpvt_f8d0a8c400404989e195270b0bbf060a=1558090738',
)
[ info ] [ PARAM ] array (
)
[ info ] [ LOG ] INIT File
---------------------------------------------------------------
[ 2019-05-18T11:34:54+08:00 ] 127.0.0.1 GET project-tp5-fastadmin181210.test/assets/css/fastadmin.css.map
[运行时间：0.063023s] [吞吐率：15.87req/s] [内存消耗：1,685.27kb] [文件加载：49]
[ info ] [ BEHAVIOR ] Run Closure @app_init [ RunTime:0.000059s ]
[ info ] [ CACHE ] INIT File
[ info ] [ BEHAVIOR ] Run Closure @app_init [ RunTime:0.011174s ]
[ info ] [ LANG ] /Users/cenyebao/web/project-tp5-fastadmin181210/thinkphp/lang/zh-cn.php
[ info ] [ ROUTE ] array (
  'type' => 'module',
  'module' => 
  array (
    0 => 'assets',
    1 => 'css',
    2 => 'fastadmin.css.map',
  ),
)
[ info ] [ HEADER ] array (
  'host' => 'project-tp5-fastadmin181210.test',
  'connection' => 'keep-alive',
  'user-agent' => 'Mozilla/5.0 (Macintosh; Intel Mac OS X 10_12_4) AppleWebKit/537.36 (KHTML, like Gecko) Chrome/74.0.3729.131 Safari/537.36',
  'accept-encoding' => 'gzip, deflate',
  'accept-language' => 'zh-CN,zh;q=0.9',
  'cookie' => 'PHPSESSID=8c54ebe5699882781d4d3123a8878513; Hm_lvt_f8d0a8c400404989e195270b0bbf060a=1558090738; Hm_lpvt_f8d0a8c400404989e195270b0bbf060a=1558090738',
)
[ info ] [ PARAM ] array (
)
[ info ] [ LOG ] INIT File
---------------------------------------------------------------
[ 2019-05-18T11:34:54+08:00 ] 127.0.0.1 GET project-tp5-fastadmin181210.test/admin/dashboard?addtabs=1
[运行时间：0.190147s] [吞吐率：5.26req/s] [内存消耗：3,747.59kb] [文件加载：79]
[ info ] [ BEHAVIOR ] Run Closure @app_init [ RunTime:0.000066s ]
[ info ] [ CACHE ] INIT File
[ info ] [ BEHAVIOR ] Run Closure @app_init [ RunTime:0.002764s ]
[ info ] [ LANG ] /Users/cenyebao/web/project-tp5-fastadmin181210/thinkphp/lang/zh-cn.php
[ info ] [ ROUTE ] array (
  'type' => 'module',
  'module' => 
  array (
    0 => 'admin',
    1 => 'dashboard',
    2 => NULL,
  ),
)
[ info ] [ HEADER ] array (
  'host' => 'project-tp5-fastadmin181210.test',
  'connection' => 'keep-alive',
  'upgrade-insecure-requests' => '1',
  'user-agent' => 'Mozilla/5.0 (Macintosh; Intel Mac OS X 10_12_4) AppleWebKit/537.36 (KHTML, like Gecko) Chrome/74.0.3729.131 Safari/537.36',
  'accept' => 'text/html,application/xhtml+xml,application/xml;q=0.9,image/webp,image/apng,*/*;q=0.8,application/signed-exchange;v=b3',
  'referer' => 'http://project-tp5-fastadmin181210.test/admin/index/index',
  'accept-encoding' => 'gzip, deflate',
  'accept-language' => 'zh-CN,zh;q=0.9',
  'cookie' => 'PHPSESSID=8c54ebe5699882781d4d3123a8878513; Hm_lvt_f8d0a8c400404989e195270b0bbf060a=1558090738; Hm_lpvt_f8d0a8c400404989e195270b0bbf060a=1558090738',
)
[ info ] [ PARAM ] array (
  'addtabs' => '1',
)
[ info ] [ LANG ] /Users/cenyebao/web/project-tp5-fastadmin181210/public/../application/admin/lang/zh-cn.php
[ info ] [ BEHAVIOR ] Run app\common\behavior\Common @module_init [ RunTime:0.003670s ]
[ info ] [ SESSION ] INIT array (
  'id' => '',
  'var_session_id' => '',
  'prefix' => 'think',
  'type' => '',
  'auto_start' => true,
)
[ info ] [ DB ] INIT mysql
[ info ] [ LANG ] /Users/cenyebao/web/project-tp5-fastadmin181210/public/../application/admin/lang/zh-cn/dashboard.php
[ info ] [ RUN ] app\admin\controller\Dashboard->index[ /Users/cenyebao/web/project-tp5-fastadmin181210/application/admin/controller/Dashboard.php ]
[ info ] [ VIEW ] /Users/cenyebao/web/project-tp5-fastadmin181210/public/../application/admin/view/dashboard/index.html [ array (
  0 => 'breadcrumb',
  1 => 'site',
  2 => 'config',
  3 => 'auth',
  4 => 'admin',
  5 => 'totaluser',
  6 => 'totalviews',
  7 => 'totalorder',
  8 => 'totalorderamount',
  9 => 'todayuserlogin',
  10 => 'todayusersignup',
  11 => 'todayorder',
  12 => 'unsettleorder',
  13 => 'sevendnu',
  14 => 'sevendau',
  15 => 'paylist',
  16 => 'createlist',
  17 => 'addonversion',
  18 => 'uploadmode',
) ]
[ info ] [ BEHAVIOR ] Run app\admin\behavior\AdminLog @app_end [ RunTime:0.000186s ]
[ info ] [ LOG ] INIT File
[ sql ] [ DB ] CONNECT:[ UseTime:0.000975s ] mysql:host=127.0.0.1;port=3306;dbname=p_tp5_fadmin181210;charset=utf8
[ sql ] [ SQL ] SHOW COLUMNS FROM `fa_auth_group_access` [ RunTime:0.007490s ]
[ sql ] [ SQL ] SELECT `aga`.`uid`,`aga`.`group_id`,`ag`.`id`,`ag`.`pid`,`ag`.`name`,`ag`.`rules` FROM `fa_auth_group_access` `aga` LEFT JOIN `fa_auth_group` `ag` ON `aga`.`group_id`=`ag`.`id` WHERE  (  aga.uid='1' and ag.status='normal' ) [ RunTime:0.000862s ]
[ sql ] [ SQL ] SHOW COLUMNS FROM `fa_auth_rule` [ RunTime:0.005720s ]
[ sql ] [ SQL ] SELECT `id`,`pid`,`condition`,`icon`,`name`,`title`,`ismenu` FROM `fa_auth_rule` WHERE  `status` = 'normal' [ RunTime:0.002361s ]
[ sql ] [ SQL ] SELECT `title`,`remark` FROM `fa_auth_rule` WHERE  `name` = 'dashboard' LIMIT 1 [ RunTime:0.002928s ]
---------------------------------------------------------------
[ 2019-05-18T11:34:54+08:00 ] 127.0.0.1 GET project-tp5-fastadmin181210.test/admin/test?addtabs=1
[运行时间：0.251332s] [吞吐率：3.98req/s] [内存消耗：3,755.74kb] [文件加载：78]
[ info ] [ BEHAVIOR ] Run Closure @app_init [ RunTime:0.000060s ]
[ info ] [ CACHE ] INIT File
[ info ] [ BEHAVIOR ] Run Closure @app_init [ RunTime:0.004175s ]
[ info ] [ LANG ] /Users/cenyebao/web/project-tp5-fastadmin181210/thinkphp/lang/zh-cn.php
[ info ] [ ROUTE ] array (
  'type' => 'module',
  'module' => 
  array (
    0 => 'admin',
    1 => 'test',
    2 => NULL,
  ),
)
[ info ] [ HEADER ] array (
  'host' => 'project-tp5-fastadmin181210.test',
  'connection' => 'keep-alive',
  'upgrade-insecure-requests' => '1',
  'user-agent' => 'Mozilla/5.0 (Macintosh; Intel Mac OS X 10_12_4) AppleWebKit/537.36 (KHTML, like Gecko) Chrome/74.0.3729.131 Safari/537.36',
  'accept' => 'text/html,application/xhtml+xml,application/xml;q=0.9,image/webp,image/apng,*/*;q=0.8,application/signed-exchange;v=b3',
  'referer' => 'http://project-tp5-fastadmin181210.test/admin/index/index',
  'accept-encoding' => 'gzip, deflate',
  'accept-language' => 'zh-CN,zh;q=0.9',
  'cookie' => 'PHPSESSID=8c54ebe5699882781d4d3123a8878513; Hm_lvt_f8d0a8c400404989e195270b0bbf060a=1558090738; Hm_lpvt_f8d0a8c400404989e195270b0bbf060a=1558090738',
)
[ info ] [ PARAM ] array (
  'addtabs' => '1',
)
[ info ] [ LANG ] /Users/cenyebao/web/project-tp5-fastadmin181210/public/../application/admin/lang/zh-cn.php
[ info ] [ BEHAVIOR ] Run app\common\behavior\Common @module_init [ RunTime:0.004665s ]
[ info ] [ SESSION ] INIT array (
  'id' => '',
  'var_session_id' => '',
  'prefix' => 'think',
  'type' => '',
  'auto_start' => true,
)
[ info ] [ DB ] INIT mysql
[ info ] [ LANG ] /Users/cenyebao/web/project-tp5-fastadmin181210/public/../application/admin/lang/zh-cn/test.php
[ info ] [ RUN ] app\common\controller\Backend->index[ /Users/cenyebao/web/project-tp5-fastadmin181210/application/admin/library/traits/Backend.php ]
[ info ] [ VIEW ] /Users/cenyebao/web/project-tp5-fastadmin181210/public/../application/admin/view/test/index.html [ array (
  0 => 'breadcrumb',
  1 => 'site',
  2 => 'config',
  3 => 'auth',
  4 => 'admin',
  5 => 'weekList',
  6 => 'flagList',
  7 => 'genderdataList',
  8 => 'hobbydataList',
  9 => 'statusList',
  10 => 'stateList',
) ]
[ info ] [ BEHAVIOR ] Run app\admin\behavior\AdminLog @app_end [ RunTime:0.000210s ]
[ info ] [ LOG ] INIT File
[ sql ] [ DB ] CONNECT:[ UseTime:0.000896s ] mysql:host=127.0.0.1;port=3306;dbname=p_tp5_fadmin181210;charset=utf8
[ sql ] [ SQL ] SHOW COLUMNS FROM `fa_auth_group_access` [ RunTime:0.003931s ]
[ sql ] [ SQL ] SELECT `aga`.`uid`,`aga`.`group_id`,`ag`.`id`,`ag`.`pid`,`ag`.`name`,`ag`.`rules` FROM `fa_auth_group_access` `aga` LEFT JOIN `fa_auth_group` `ag` ON `aga`.`group_id`=`ag`.`id` WHERE  (  aga.uid='1' and ag.status='normal' ) [ RunTime:0.001978s ]
[ sql ] [ SQL ] SHOW COLUMNS FROM `fa_auth_rule` [ RunTime:0.005064s ]
[ sql ] [ SQL ] SELECT `id`,`pid`,`condition`,`icon`,`name`,`title`,`ismenu` FROM `fa_auth_rule` WHERE  `status` = 'normal' [ RunTime:0.001866s ]
[ sql ] [ SQL ] SELECT `title`,`remark` FROM `fa_auth_rule` WHERE  `name` = 'test' LIMIT 1 [ RunTime:0.001938s ]
---------------------------------------------------------------
[ 2019-05-18T11:34:54+08:00 ] 127.0.0.1 GET project-tp5-fastadmin181210.test/assets/css/fastadmin.css.map
[运行时间：0.042290s] [吞吐率：23.65req/s] [内存消耗：1,685.27kb] [文件加载：49]
[ info ] [ BEHAVIOR ] Run Closure @app_init [ RunTime:0.000045s ]
[ info ] [ CACHE ] INIT File
[ info ] [ BEHAVIOR ] Run Closure @app_init [ RunTime:0.002171s ]
[ info ] [ LANG ] /Users/cenyebao/web/project-tp5-fastadmin181210/thinkphp/lang/zh-cn.php
[ info ] [ ROUTE ] array (
  'type' => 'module',
  'module' => 
  array (
    0 => 'assets',
    1 => 'css',
    2 => 'fastadmin.css.map',
  ),
)
[ info ] [ HEADER ] array (
  'host' => 'project-tp5-fastadmin181210.test',
  'connection' => 'keep-alive',
  'user-agent' => 'Mozilla/5.0 (Macintosh; Intel Mac OS X 10_12_4) AppleWebKit/537.36 (KHTML, like Gecko) Chrome/74.0.3729.131 Safari/537.36',
  'accept-encoding' => 'gzip, deflate',
  'accept-language' => 'zh-CN,zh;q=0.9',
  'cookie' => 'PHPSESSID=8c54ebe5699882781d4d3123a8878513; Hm_lvt_f8d0a8c400404989e195270b0bbf060a=1558090738; Hm_lpvt_f8d0a8c400404989e195270b0bbf060a=1558090738',
)
[ info ] [ PARAM ] array (
)
[ info ] [ LOG ] INIT File
---------------------------------------------------------------
[ 2019-05-18T11:34:54+08:00 ] 127.0.0.1 GET project-tp5-fastadmin181210.test/assets/css/skins/skin-green.css.map
[运行时间：0.047949s] [吞吐率：20.86req/s] [内存消耗：1,685.24kb] [文件加载：49]
[ info ] [ BEHAVIOR ] Run Closure @app_init [ RunTime:0.000044s ]
[ info ] [ CACHE ] INIT File
[ info ] [ BEHAVIOR ] Run Closure @app_init [ RunTime:0.001927s ]
[ info ] [ LANG ] /Users/cenyebao/web/project-tp5-fastadmin181210/thinkphp/lang/zh-cn.php
[ info ] [ ROUTE ] array (
  'type' => 'module',
  'module' => 
  array (
    0 => 'assets',
    1 => 'css',
    2 => 'skins',
  ),
)
[ info ] [ HEADER ] array (
  'host' => 'project-tp5-fastadmin181210.test',
  'connection' => 'keep-alive',
  'user-agent' => 'Mozilla/5.0 (Macintosh; Intel Mac OS X 10_12_4) AppleWebKit/537.36 (KHTML, like Gecko) Chrome/74.0.3729.131 Safari/537.36',
  'accept-encoding' => 'gzip, deflate',
  'accept-language' => 'zh-CN,zh;q=0.9',
  'cookie' => 'PHPSESSID=8c54ebe5699882781d4d3123a8878513; Hm_lvt_f8d0a8c400404989e195270b0bbf060a=1558090738; Hm_lpvt_f8d0a8c400404989e195270b0bbf060a=1558090738',
)
[ info ] [ PARAM ] array (
)
[ info ] [ LOG ] INIT File
---------------------------------------------------------------
[ 2019-05-18T11:34:54+08:00 ] 127.0.0.1 GET project-tp5-fastadmin181210.test/assets/css/bootstrap.css.map
[运行时间：0.048220s] [吞吐率：20.74req/s] [内存消耗：1,685.27kb] [文件加载：49]
[ info ] [ BEHAVIOR ] Run Closure @app_init [ RunTime:0.000041s ]
[ info ] [ CACHE ] INIT File
[ info ] [ BEHAVIOR ] Run Closure @app_init [ RunTime:0.002104s ]
[ info ] [ LANG ] /Users/cenyebao/web/project-tp5-fastadmin181210/thinkphp/lang/zh-cn.php
[ info ] [ ROUTE ] array (
  'type' => 'module',
  'module' => 
  array (
    0 => 'assets',
    1 => 'css',
    2 => 'bootstrap.css.map',
  ),
)
[ info ] [ HEADER ] array (
  'host' => 'project-tp5-fastadmin181210.test',
  'connection' => 'keep-alive',
  'user-agent' => 'Mozilla/5.0 (Macintosh; Intel Mac OS X 10_12_4) AppleWebKit/537.36 (KHTML, like Gecko) Chrome/74.0.3729.131 Safari/537.36',
  'accept-encoding' => 'gzip, deflate',
  'accept-language' => 'zh-CN,zh;q=0.9',
  'cookie' => 'PHPSESSID=8c54ebe5699882781d4d3123a8878513; Hm_lvt_f8d0a8c400404989e195270b0bbf060a=1558090738; Hm_lpvt_f8d0a8c400404989e195270b0bbf060a=1558090738',
)
[ info ] [ PARAM ] array (
)
[ info ] [ LOG ] INIT File
---------------------------------------------------------------
[ 2019-05-18T11:34:54+08:00 ] 127.0.0.1 GET project-tp5-fastadmin181210.test/admin/ajax/lang?callback=define&controllername=index&v=1558150494
[运行时间：0.075171s] [吞吐率：13.30req/s] [内存消耗：2,788.89kb] [文件加载：70]
[ info ] [ BEHAVIOR ] Run Closure @app_init [ RunTime:0.000084s ]
[ info ] [ CACHE ] INIT File
[ info ] [ BEHAVIOR ] Run Closure @app_init [ RunTime:0.002446s ]
[ info ] [ LANG ] /Users/cenyebao/web/project-tp5-fastadmin181210/thinkphp/lang/zh-cn.php
[ info ] [ ROUTE ] array (
  'type' => 'module',
  'module' => 
  array (
    0 => 'admin',
    1 => 'ajax',
    2 => 'lang',
  ),
)
[ info ] [ HEADER ] array (
  'host' => 'project-tp5-fastadmin181210.test',
  'connection' => 'keep-alive',
  'user-agent' => 'Mozilla/5.0 (Macintosh; Intel Mac OS X 10_12_4) AppleWebKit/537.36 (KHTML, like Gecko) Chrome/74.0.3729.131 Safari/537.36',
  'accept' => '*/*',
  'referer' => 'http://project-tp5-fastadmin181210.test/admin/index/index',
  'accept-encoding' => 'gzip, deflate',
  'accept-language' => 'zh-CN,zh;q=0.9',
  'cookie' => 'PHPSESSID=8c54ebe5699882781d4d3123a8878513; Hm_lvt_f8d0a8c400404989e195270b0bbf060a=1558090738; Hm_lpvt_f8d0a8c400404989e195270b0bbf060a=1558090738',
)
[ info ] [ PARAM ] array (
  'callback' => 'define',
  'controllername' => 'index',
  'v' => '1558150494',
)
[ info ] [ LANG ] /Users/cenyebao/web/project-tp5-fastadmin181210/public/../application/admin/lang/zh-cn.php
[ info ] [ BEHAVIOR ] Run app\common\behavior\Common @module_init [ RunTime:0.003823s ]
[ info ] [ SESSION ] INIT array (
  'id' => '',
  'var_session_id' => '',
  'prefix' => 'think',
  'type' => '',
  'auto_start' => true,
)
[ info ] [ LANG ] /Users/cenyebao/web/project-tp5-fastadmin181210/public/../application/admin/lang/zh-cn/ajax.php
[ info ] [ RUN ] app\admin\controller\Ajax->lang[ /Users/cenyebao/web/project-tp5-fastadmin181210/application/admin/controller/Ajax.php ]
[ info ] [ LANG ] /Users/cenyebao/web/project-tp5-fastadmin181210/public/../application/admin/lang/zh-cn/index.php
[ info ] [ BEHAVIOR ] Run app\admin\behavior\AdminLog @app_end [ RunTime:0.000217s ]
[ info ] [ LOG ] INIT File
---------------------------------------------------------------
[ 2019-05-18T11:34:54+08:00 ] 127.0.0.1 GET project-tp5-fastadmin181210.test/assets/css/backend.css.map
[运行时间：0.053282s] [吞吐率：18.77req/s] [内存消耗：1,685.23kb] [文件加载：49]
[ info ] [ BEHAVIOR ] Run Closure @app_init [ RunTime:0.000056s ]
[ info ] [ CACHE ] INIT File
[ info ] [ BEHAVIOR ] Run Closure @app_init [ RunTime:0.002024s ]
[ info ] [ LANG ] /Users/cenyebao/web/project-tp5-fastadmin181210/thinkphp/lang/zh-cn.php
[ info ] [ ROUTE ] array (
  'type' => 'module',
  'module' => 
  array (
    0 => 'assets',
    1 => 'css',
    2 => 'backend.css.map',
  ),
)
[ info ] [ HEADER ] array (
  'host' => 'project-tp5-fastadmin181210.test',
  'connection' => 'keep-alive',
  'user-agent' => 'Mozilla/5.0 (Macintosh; Intel Mac OS X 10_12_4) AppleWebKit/537.36 (KHTML, like Gecko) Chrome/74.0.3729.131 Safari/537.36',
  'accept-encoding' => 'gzip, deflate',
  'accept-language' => 'zh-CN,zh;q=0.9',
  'cookie' => 'PHPSESSID=8c54ebe5699882781d4d3123a8878513; Hm_lvt_f8d0a8c400404989e195270b0bbf060a=1558090738; Hm_lpvt_f8d0a8c400404989e195270b0bbf060a=1558090738',
)
[ info ] [ PARAM ] array (
)
[ info ] [ LOG ] INIT File
---------------------------------------------------------------
[ 2019-05-18T11:34:54+08:00 ] 127.0.0.1 GET project-tp5-fastadmin181210.test/assets/css/skins/skin-green.css.map
[运行时间：0.040592s] [吞吐率：24.64req/s] [内存消耗：1,685.24kb] [文件加载：49]
[ info ] [ BEHAVIOR ] Run Closure @app_init [ RunTime:0.000058s ]
[ info ] [ CACHE ] INIT File
[ info ] [ BEHAVIOR ] Run Closure @app_init [ RunTime:0.002073s ]
[ info ] [ LANG ] /Users/cenyebao/web/project-tp5-fastadmin181210/thinkphp/lang/zh-cn.php
[ info ] [ ROUTE ] array (
  'type' => 'module',
  'module' => 
  array (
    0 => 'assets',
    1 => 'css',
    2 => 'skins',
  ),
)
[ info ] [ HEADER ] array (
  'host' => 'project-tp5-fastadmin181210.test',
  'connection' => 'keep-alive',
  'user-agent' => 'Mozilla/5.0 (Macintosh; Intel Mac OS X 10_12_4) AppleWebKit/537.36 (KHTML, like Gecko) Chrome/74.0.3729.131 Safari/537.36',
  'accept-encoding' => 'gzip, deflate',
  'accept-language' => 'zh-CN,zh;q=0.9',
  'cookie' => 'PHPSESSID=8c54ebe5699882781d4d3123a8878513; Hm_lvt_f8d0a8c400404989e195270b0bbf060a=1558090738; Hm_lpvt_f8d0a8c400404989e195270b0bbf060a=1558090738',
)
[ info ] [ PARAM ] array (
)
[ info ] [ LOG ] INIT File
---------------------------------------------------------------
[ 2019-05-18T11:34:54+08:00 ] 127.0.0.1 GET project-tp5-fastadmin181210.test/assets/css/fastadmin.css.map
[运行时间：0.042411s] [吞吐率：23.58req/s] [内存消耗：1,685.27kb] [文件加载：49]
[ info ] [ BEHAVIOR ] Run Closure @app_init [ RunTime:0.000043s ]
[ info ] [ CACHE ] INIT File
[ info ] [ BEHAVIOR ] Run Closure @app_init [ RunTime:0.002022s ]
[ info ] [ LANG ] /Users/cenyebao/web/project-tp5-fastadmin181210/thinkphp/lang/zh-cn.php
[ info ] [ ROUTE ] array (
  'type' => 'module',
  'module' => 
  array (
    0 => 'assets',
    1 => 'css',
    2 => 'fastadmin.css.map',
  ),
)
[ info ] [ HEADER ] array (
  'host' => 'project-tp5-fastadmin181210.test',
  'connection' => 'keep-alive',
  'user-agent' => 'Mozilla/5.0 (Macintosh; Intel Mac OS X 10_12_4) AppleWebKit/537.36 (KHTML, like Gecko) Chrome/74.0.3729.131 Safari/537.36',
  'accept-encoding' => 'gzip, deflate',
  'accept-language' => 'zh-CN,zh;q=0.9',
  'cookie' => 'PHPSESSID=8c54ebe5699882781d4d3123a8878513; Hm_lvt_f8d0a8c400404989e195270b0bbf060a=1558090738; Hm_lpvt_f8d0a8c400404989e195270b0bbf060a=1558090738',
)
[ info ] [ PARAM ] array (
)
[ info ] [ LOG ] INIT File
---------------------------------------------------------------
[ 2019-05-18T11:34:54+08:00 ] 127.0.0.1 GET project-tp5-fastadmin181210.test/assets/css/bootstrap.css.map
[运行时间：0.048071s] [吞吐率：20.80req/s] [内存消耗：1,685.27kb] [文件加载：49]
[ info ] [ BEHAVIOR ] Run Closure @app_init [ RunTime:0.000048s ]
[ info ] [ CACHE ] INIT File
[ info ] [ BEHAVIOR ] Run Closure @app_init [ RunTime:0.002100s ]
[ info ] [ LANG ] /Users/cenyebao/web/project-tp5-fastadmin181210/thinkphp/lang/zh-cn.php
[ info ] [ ROUTE ] array (
  'type' => 'module',
  'module' => 
  array (
    0 => 'assets',
    1 => 'css',
    2 => 'bootstrap.css.map',
  ),
)
[ info ] [ HEADER ] array (
  'host' => 'project-tp5-fastadmin181210.test',
  'connection' => 'keep-alive',
  'user-agent' => 'Mozilla/5.0 (Macintosh; Intel Mac OS X 10_12_4) AppleWebKit/537.36 (KHTML, like Gecko) Chrome/74.0.3729.131 Safari/537.36',
  'accept-encoding' => 'gzip, deflate',
  'accept-language' => 'zh-CN,zh;q=0.9',
  'cookie' => 'PHPSESSID=8c54ebe5699882781d4d3123a8878513; Hm_lvt_f8d0a8c400404989e195270b0bbf060a=1558090738; Hm_lpvt_f8d0a8c400404989e195270b0bbf060a=1558090738',
)
[ info ] [ PARAM ] array (
)
[ info ] [ LOG ] INIT File
---------------------------------------------------------------
[ 2019-05-18T11:34:54+08:00 ] 127.0.0.1 GET project-tp5-fastadmin181210.test/assets/css/backend.css.map
[运行时间：0.051474s] [吞吐率：19.43req/s] [内存消耗：1,685.23kb] [文件加载：49]
[ info ] [ BEHAVIOR ] Run Closure @app_init [ RunTime:0.000055s ]
[ info ] [ CACHE ] INIT File
[ info ] [ BEHAVIOR ] Run Closure @app_init [ RunTime:0.003629s ]
[ info ] [ LANG ] /Users/cenyebao/web/project-tp5-fastadmin181210/thinkphp/lang/zh-cn.php
[ info ] [ ROUTE ] array (
  'type' => 'module',
  'module' => 
  array (
    0 => 'assets',
    1 => 'css',
    2 => 'backend.css.map',
  ),
)
[ info ] [ HEADER ] array (
  'host' => 'project-tp5-fastadmin181210.test',
  'connection' => 'keep-alive',
  'user-agent' => 'Mozilla/5.0 (Macintosh; Intel Mac OS X 10_12_4) AppleWebKit/537.36 (KHTML, like Gecko) Chrome/74.0.3729.131 Safari/537.36',
  'accept-encoding' => 'gzip, deflate',
  'accept-language' => 'zh-CN,zh;q=0.9',
  'cookie' => 'PHPSESSID=8c54ebe5699882781d4d3123a8878513; Hm_lvt_f8d0a8c400404989e195270b0bbf060a=1558090738; Hm_lpvt_f8d0a8c400404989e195270b0bbf060a=1558090738',
)
[ info ] [ PARAM ] array (
)
[ info ] [ LOG ] INIT File
---------------------------------------------------------------
[ 2019-05-18T11:34:55+08:00 ] 127.0.0.1 GET project-tp5-fastadmin181210.test/admin/ajax/lang?callback=define&controllername=dashboard&v=1558150494
[运行时间：0.088331s] [吞吐率：11.32req/s] [内存消耗：2,787.38kb] [文件加载：70]
[ info ] [ BEHAVIOR ] Run Closure @app_init [ RunTime:0.000065s ]
[ info ] [ CACHE ] INIT File
[ info ] [ BEHAVIOR ] Run Closure @app_init [ RunTime:0.004530s ]
[ info ] [ LANG ] /Users/cenyebao/web/project-tp5-fastadmin181210/thinkphp/lang/zh-cn.php
[ info ] [ ROUTE ] array (
  'type' => 'module',
  'module' => 
  array (
    0 => 'admin',
    1 => 'ajax',
    2 => 'lang',
  ),
)
[ info ] [ HEADER ] array (
  'host' => 'project-tp5-fastadmin181210.test',
  'connection' => 'keep-alive',
  'user-agent' => 'Mozilla/5.0 (Macintosh; Intel Mac OS X 10_12_4) AppleWebKit/537.36 (KHTML, like Gecko) Chrome/74.0.3729.131 Safari/537.36',
  'accept' => '*/*',
  'referer' => 'http://project-tp5-fastadmin181210.test/admin/dashboard?addtabs=1',
  'accept-encoding' => 'gzip, deflate',
  'accept-language' => 'zh-CN,zh;q=0.9',
  'cookie' => 'PHPSESSID=8c54ebe5699882781d4d3123a8878513; Hm_lvt_f8d0a8c400404989e195270b0bbf060a=1558090738; Hm_lpvt_f8d0a8c400404989e195270b0bbf060a=1558090738',
)
[ info ] [ PARAM ] array (
  'callback' => 'define',
  'controllername' => 'dashboard',
  'v' => '1558150494',
)
[ info ] [ LANG ] /Users/cenyebao/web/project-tp5-fastadmin181210/public/../application/admin/lang/zh-cn.php
[ info ] [ BEHAVIOR ] Run app\common\behavior\Common @module_init [ RunTime:0.005470s ]
[ info ] [ SESSION ] INIT array (
  'id' => '',
  'var_session_id' => '',
  'prefix' => 'think',
  'type' => '',
  'auto_start' => true,
)
[ info ] [ LANG ] /Users/cenyebao/web/project-tp5-fastadmin181210/public/../application/admin/lang/zh-cn/ajax.php
[ info ] [ RUN ] app\admin\controller\Ajax->lang[ /Users/cenyebao/web/project-tp5-fastadmin181210/application/admin/controller/Ajax.php ]
[ info ] [ LANG ] /Users/cenyebao/web/project-tp5-fastadmin181210/public/../application/admin/lang/zh-cn/dashboard.php
[ info ] [ BEHAVIOR ] Run app\admin\behavior\AdminLog @app_end [ RunTime:0.000187s ]
[ info ] [ LOG ] INIT File
---------------------------------------------------------------
[ 2019-05-18T11:34:55+08:00 ] 127.0.0.1 GET project-tp5-fastadmin181210.test/admin/ajax/lang?callback=define&controllername=test&v=1558150494
[运行时间：0.076519s] [吞吐率：13.07req/s] [内存消耗：2,786.60kb] [文件加载：70]
[ info ] [ BEHAVIOR ] Run Closure @app_init [ RunTime:0.000220s ]
[ info ] [ CACHE ] INIT File
[ info ] [ BEHAVIOR ] Run Closure @app_init [ RunTime:0.002527s ]
[ info ] [ LANG ] /Users/cenyebao/web/project-tp5-fastadmin181210/thinkphp/lang/zh-cn.php
[ info ] [ ROUTE ] array (
  'type' => 'module',
  'module' => 
  array (
    0 => 'admin',
    1 => 'ajax',
    2 => 'lang',
  ),
)
[ info ] [ HEADER ] array (
  'host' => 'project-tp5-fastadmin181210.test',
  'connection' => 'keep-alive',
  'user-agent' => 'Mozilla/5.0 (Macintosh; Intel Mac OS X 10_12_4) AppleWebKit/537.36 (KHTML, like Gecko) Chrome/74.0.3729.131 Safari/537.36',
  'accept' => '*/*',
  'referer' => 'http://project-tp5-fastadmin181210.test/admin/test?addtabs=1',
  'accept-encoding' => 'gzip, deflate',
  'accept-language' => 'zh-CN,zh;q=0.9',
  'cookie' => 'PHPSESSID=8c54ebe5699882781d4d3123a8878513; Hm_lvt_f8d0a8c400404989e195270b0bbf060a=1558090738; Hm_lpvt_f8d0a8c400404989e195270b0bbf060a=1558090738',
)
[ info ] [ PARAM ] array (
  'callback' => 'define',
  'controllername' => 'test',
  'v' => '1558150494',
)
[ info ] [ LANG ] /Users/cenyebao/web/project-tp5-fastadmin181210/public/../application/admin/lang/zh-cn.php
[ info ] [ BEHAVIOR ] Run app\common\behavior\Common @module_init [ RunTime:0.003414s ]
[ info ] [ SESSION ] INIT array (
  'id' => '',
  'var_session_id' => '',
  'prefix' => 'think',
  'type' => '',
  'auto_start' => true,
)
[ info ] [ LANG ] /Users/cenyebao/web/project-tp5-fastadmin181210/public/../application/admin/lang/zh-cn/ajax.php
[ info ] [ RUN ] app\admin\controller\Ajax->lang[ /Users/cenyebao/web/project-tp5-fastadmin181210/application/admin/controller/Ajax.php ]
[ info ] [ LANG ] /Users/cenyebao/web/project-tp5-fastadmin181210/public/../application/admin/lang/zh-cn/test.php
[ info ] [ BEHAVIOR ] Run app\admin\behavior\AdminLog @app_end [ RunTime:0.000193s ]
[ info ] [ LOG ] INIT File
---------------------------------------------------------------
[ 2019-05-18T11:34:56+08:00 ] 127.0.0.1 GET project-tp5-fastadmin181210.test/admin/test/index?sort=weigh&order=desc&offset=0&limit=10&filter=%7B%7D&op=%7B%7D&_=1558150494970
[运行时间：0.106683s] [吞吐率：9.37req/s] [内存消耗：3,822.29kb] [文件加载：80]
[ info ] [ BEHAVIOR ] Run Closure @app_init [ RunTime:0.000038s ]
[ info ] [ CACHE ] INIT File
[ info ] [ BEHAVIOR ] Run Closure @app_init [ RunTime:0.001828s ]
[ info ] [ LANG ] /Users/cenyebao/web/project-tp5-fastadmin181210/thinkphp/lang/zh-cn.php
[ info ] [ ROUTE ] array (
  'type' => 'module',
  'module' => 
  array (
    0 => 'admin',
    1 => 'test',
    2 => 'index',
  ),
)
[ info ] [ HEADER ] array (
  'host' => 'project-tp5-fastadmin181210.test',
  'connection' => 'keep-alive',
  'accept' => 'application/json, text/javascript, */*; q=0.01',
  'x-requested-with' => 'XMLHttpRequest',
  'user-agent' => 'Mozilla/5.0 (Macintosh; Intel Mac OS X 10_12_4) AppleWebKit/537.36 (KHTML, like Gecko) Chrome/74.0.3729.131 Safari/537.36',
  'content-type' => 'application/json',
  'referer' => 'http://project-tp5-fastadmin181210.test/admin/test?addtabs=1',
  'accept-encoding' => 'gzip, deflate',
  'accept-language' => 'zh-CN,zh;q=0.9',
  'cookie' => 'PHPSESSID=8c54ebe5699882781d4d3123a8878513; Hm_lvt_f8d0a8c400404989e195270b0bbf060a=1558090738; Hm_lpvt_f8d0a8c400404989e195270b0bbf060a=1558090738',
)
[ info ] [ PARAM ] array (
  'sort' => 'weigh',
  'order' => 'desc',
  'offset' => '0',
  'limit' => '10',
  'filter' => '{}',
  'op' => '{}',
  '_' => '1558150494970',
)
[ info ] [ LANG ] /Users/cenyebao/web/project-tp5-fastadmin181210/public/../application/admin/lang/zh-cn.php
[ info ] [ BEHAVIOR ] Run app\common\behavior\Common @module_init [ RunTime:0.003671s ]
[ info ] [ SESSION ] INIT array (
  'id' => '',
  'var_session_id' => '',
  'prefix' => 'think',
  'type' => '',
  'auto_start' => true,
)
[ info ] [ DB ] INIT mysql
[ info ] [ LANG ] /Users/cenyebao/web/project-tp5-fastadmin181210/public/../application/admin/lang/zh-cn/test.php
[ info ] [ RUN ] app\common\controller\Backend->index[ /Users/cenyebao/web/project-tp5-fastadmin181210/application/admin/library/traits/Backend.php ]
[ info ] [ BEHAVIOR ] Run app\admin\behavior\AdminLog @app_end [ RunTime:0.000268s ]
[ info ] [ LOG ] INIT File
[ sql ] [ DB ] CONNECT:[ UseTime:0.001667s ] mysql:host=127.0.0.1;port=3306;dbname=p_tp5_fadmin181210;charset=utf8
[ sql ] [ SQL ] SHOW COLUMNS FROM `fa_auth_group_access` [ RunTime:0.006396s ]
[ sql ] [ SQL ] SELECT `aga`.`uid`,`aga`.`group_id`,`ag`.`id`,`ag`.`pid`,`ag`.`name`,`ag`.`rules` FROM `fa_auth_group_access` `aga` LEFT JOIN `fa_auth_group` `ag` ON `aga`.`group_id`=`ag`.`id` WHERE  (  aga.uid='1' and ag.status='normal' ) [ RunTime:0.000900s ]
[ sql ] [ SQL ] SHOW COLUMNS FROM `fa_auth_rule` [ RunTime:0.005291s ]
[ sql ] [ SQL ] SELECT `id`,`pid`,`condition`,`icon`,`name`,`title`,`ismenu` FROM `fa_auth_rule` WHERE  `status` = 'normal' [ RunTime:0.001660s ]
[ sql ] [ SQL ] SHOW COLUMNS FROM `fa_test` [ RunTime:0.003399s ]
[ sql ] [ SQL ] SELECT COUNT(*) AS tp_count FROM `fa_test` ORDER BY `weigh` DESC LIMIT 1 [ RunTime:0.000794s ]
[ sql ] [ SQL ] SELECT * FROM `fa_test` ORDER BY `weigh` DESC LIMIT 0,10 [ RunTime:0.001183s ]
---------------------------------------------------------------
[ 2019-05-18T11:46:05+08:00 ] 127.0.0.1 GET project-tp5-fastadmin181210.test/admin/test/add?dialog=1
[运行时间：0.091886s] [吞吐率：10.88req/s] [内存消耗：3,723.96kb] [文件加载：78]
[ info ] [ BEHAVIOR ] Run Closure @app_init [ RunTime:0.000075s ]
[ info ] [ CACHE ] INIT File
[ info ] [ BEHAVIOR ] Run Closure @app_init [ RunTime:0.004972s ]
[ info ] [ LANG ] /Users/cenyebao/web/project-tp5-fastadmin181210/thinkphp/lang/zh-cn.php
[ info ] [ ROUTE ] array (
  'type' => 'module',
  'module' => 
  array (
    0 => 'admin',
    1 => 'test',
    2 => 'add',
  ),
)
[ info ] [ HEADER ] array (
  'host' => 'project-tp5-fastadmin181210.test',
  'connection' => 'keep-alive',
  'upgrade-insecure-requests' => '1',
  'user-agent' => 'Mozilla/5.0 (Macintosh; Intel Mac OS X 10_12_4) AppleWebKit/537.36 (KHTML, like Gecko) Chrome/74.0.3729.131 Safari/537.36',
  'accept' => 'text/html,application/xhtml+xml,application/xml;q=0.9,image/webp,image/apng,*/*;q=0.8,application/signed-exchange;v=b3',
  'referer' => 'http://project-tp5-fastadmin181210.test/admin/test?addtabs=1',
  'accept-encoding' => 'gzip, deflate',
  'accept-language' => 'zh-CN,zh;q=0.9',
  'cookie' => 'PHPSESSID=8c54ebe5699882781d4d3123a8878513; Hm_lvt_f8d0a8c400404989e195270b0bbf060a=1558090738; Hm_lpvt_f8d0a8c400404989e195270b0bbf060a=1558090738',
)
[ info ] [ PARAM ] array (
  'dialog' => '1',
)
[ info ] [ LANG ] /Users/cenyebao/web/project-tp5-fastadmin181210/public/../application/admin/lang/zh-cn.php
[ info ] [ BEHAVIOR ] Run app\common\behavior\Common @module_init [ RunTime:0.003792s ]
[ info ] [ SESSION ] INIT array (
  'id' => '',
  'var_session_id' => '',
  'prefix' => 'think',
  'type' => '',
  'auto_start' => true,
)
[ info ] [ DB ] INIT mysql
[ info ] [ LANG ] /Users/cenyebao/web/project-tp5-fastadmin181210/public/../application/admin/lang/zh-cn/test.php
[ info ] [ RUN ] app\common\controller\Backend->add[ /Users/cenyebao/web/project-tp5-fastadmin181210/application/admin/library/traits/Backend.php ]
[ info ] [ VIEW ] /Users/cenyebao/web/project-tp5-fastadmin181210/public/../application/admin/view/test/add.html [ array (
  0 => 'breadcrumb',
  1 => 'site',
  2 => 'config',
  3 => 'auth',
  4 => 'admin',
  5 => 'weekList',
  6 => 'flagList',
  7 => 'genderdataList',
  8 => 'hobbydataList',
  9 => 'statusList',
  10 => 'stateList',
) ]
[ info ] [ BEHAVIOR ] Run app\admin\behavior\AdminLog @app_end [ RunTime:0.000127s ]
[ info ] [ LOG ] INIT File
[ sql ] [ DB ] CONNECT:[ UseTime:0.000858s ] mysql:host=127.0.0.1;port=3306;dbname=p_tp5_fadmin181210;charset=utf8
[ sql ] [ SQL ] SHOW COLUMNS FROM `fa_auth_group_access` [ RunTime:0.003176s ]
[ sql ] [ SQL ] SELECT `aga`.`uid`,`aga`.`group_id`,`ag`.`id`,`ag`.`pid`,`ag`.`name`,`ag`.`rules` FROM `fa_auth_group_access` `aga` LEFT JOIN `fa_auth_group` `ag` ON `aga`.`group_id`=`ag`.`id` WHERE  (  aga.uid='1' and ag.status='normal' ) [ RunTime:0.000663s ]
[ sql ] [ SQL ] SHOW COLUMNS FROM `fa_auth_rule` [ RunTime:0.002690s ]
[ sql ] [ SQL ] SELECT `id`,`pid`,`condition`,`icon`,`name`,`title`,`ismenu` FROM `fa_auth_rule` WHERE  `status` = 'normal' [ RunTime:0.001162s ]
---------------------------------------------------------------
[ 2019-05-18T11:46:06+08:00 ] 127.0.0.1 GET project-tp5-fastadmin181210.test/assets/css/bootstrap.css.map
[运行时间：0.072524s] [吞吐率：13.79req/s] [内存消耗：1,685.27kb] [文件加载：49]
[ info ] [ BEHAVIOR ] Run Closure @app_init [ RunTime:0.000051s ]
[ info ] [ CACHE ] INIT File
[ info ] [ BEHAVIOR ] Run Closure @app_init [ RunTime:0.002083s ]
[ info ] [ LANG ] /Users/cenyebao/web/project-tp5-fastadmin181210/thinkphp/lang/zh-cn.php
[ info ] [ ROUTE ] array (
  'type' => 'module',
  'module' => 
  array (
    0 => 'assets',
    1 => 'css',
    2 => 'bootstrap.css.map',
  ),
)
[ info ] [ HEADER ] array (
  'host' => 'project-tp5-fastadmin181210.test',
  'connection' => 'keep-alive',
  'user-agent' => 'Mozilla/5.0 (Macintosh; Intel Mac OS X 10_12_4) AppleWebKit/537.36 (KHTML, like Gecko) Chrome/74.0.3729.131 Safari/537.36',
  'accept-encoding' => 'gzip, deflate',
  'accept-language' => 'zh-CN,zh;q=0.9',
  'cookie' => 'PHPSESSID=8c54ebe5699882781d4d3123a8878513; Hm_lvt_f8d0a8c400404989e195270b0bbf060a=1558090738; Hm_lpvt_f8d0a8c400404989e195270b0bbf060a=1558090738',
)
[ info ] [ PARAM ] array (
)
[ info ] [ LOG ] INIT File
---------------------------------------------------------------
[ 2019-05-18T11:46:06+08:00 ] 127.0.0.1 GET project-tp5-fastadmin181210.test/assets/css/fastadmin.css.map
[运行时间：0.073977s] [吞吐率：13.52req/s] [内存消耗：1,685.27kb] [文件加载：49]
[ info ] [ BEHAVIOR ] Run Closure @app_init [ RunTime:0.000050s ]
[ info ] [ CACHE ] INIT File
[ info ] [ BEHAVIOR ] Run Closure @app_init [ RunTime:0.002453s ]
[ info ] [ LANG ] /Users/cenyebao/web/project-tp5-fastadmin181210/thinkphp/lang/zh-cn.php
[ info ] [ ROUTE ] array (
  'type' => 'module',
  'module' => 
  array (
    0 => 'assets',
    1 => 'css',
    2 => 'fastadmin.css.map',
  ),
)
[ info ] [ HEADER ] array (
  'host' => 'project-tp5-fastadmin181210.test',
  'connection' => 'keep-alive',
  'user-agent' => 'Mozilla/5.0 (Macintosh; Intel Mac OS X 10_12_4) AppleWebKit/537.36 (KHTML, like Gecko) Chrome/74.0.3729.131 Safari/537.36',
  'accept-encoding' => 'gzip, deflate',
  'accept-language' => 'zh-CN,zh;q=0.9',
  'cookie' => 'PHPSESSID=8c54ebe5699882781d4d3123a8878513; Hm_lvt_f8d0a8c400404989e195270b0bbf060a=1558090738; Hm_lpvt_f8d0a8c400404989e195270b0bbf060a=1558090738',
)
[ info ] [ PARAM ] array (
)
[ info ] [ LOG ] INIT File
---------------------------------------------------------------
[ 2019-05-18T11:46:06+08:00 ] 127.0.0.1 GET project-tp5-fastadmin181210.test/assets/css/backend.css.map
[运行时间：0.109788s] [吞吐率：9.11req/s] [内存消耗：1,685.23kb] [文件加载：49]
[ info ] [ BEHAVIOR ] Run Closure @app_init [ RunTime:0.000063s ]
[ info ] [ CACHE ] INIT File
[ info ] [ BEHAVIOR ] Run Closure @app_init [ RunTime:0.011422s ]
[ info ] [ LANG ] /Users/cenyebao/web/project-tp5-fastadmin181210/thinkphp/lang/zh-cn.php
[ info ] [ ROUTE ] array (
  'type' => 'module',
  'module' => 
  array (
    0 => 'assets',
    1 => 'css',
    2 => 'backend.css.map',
  ),
)
[ info ] [ HEADER ] array (
  'host' => 'project-tp5-fastadmin181210.test',
  'connection' => 'keep-alive',
  'user-agent' => 'Mozilla/5.0 (Macintosh; Intel Mac OS X 10_12_4) AppleWebKit/537.36 (KHTML, like Gecko) Chrome/74.0.3729.131 Safari/537.36',
  'accept-encoding' => 'gzip, deflate',
  'accept-language' => 'zh-CN,zh;q=0.9',
  'cookie' => 'PHPSESSID=8c54ebe5699882781d4d3123a8878513; Hm_lvt_f8d0a8c400404989e195270b0bbf060a=1558090738; Hm_lpvt_f8d0a8c400404989e195270b0bbf060a=1558090738',
)
[ info ] [ PARAM ] array (
)
[ info ] [ LOG ] INIT File
---------------------------------------------------------------
[ 2019-05-18T11:46:06+08:00 ] 127.0.0.1 GET project-tp5-fastadmin181210.test/assets/css/skins/skin-green.css.map
[运行时间：0.127884s] [吞吐率：7.82req/s] [内存消耗：1,685.24kb] [文件加载：49]
[ info ] [ BEHAVIOR ] Run Closure @app_init [ RunTime:0.000360s ]
[ info ] [ CACHE ] INIT File
[ info ] [ BEHAVIOR ] Run Closure @app_init [ RunTime:0.002959s ]
[ info ] [ LANG ] /Users/cenyebao/web/project-tp5-fastadmin181210/thinkphp/lang/zh-cn.php
[ info ] [ ROUTE ] array (
  'type' => 'module',
  'module' => 
  array (
    0 => 'assets',
    1 => 'css',
    2 => 'skins',
  ),
)
[ info ] [ HEADER ] array (
  'host' => 'project-tp5-fastadmin181210.test',
  'connection' => 'keep-alive',
  'user-agent' => 'Mozilla/5.0 (Macintosh; Intel Mac OS X 10_12_4) AppleWebKit/537.36 (KHTML, like Gecko) Chrome/74.0.3729.131 Safari/537.36',
  'accept-encoding' => 'gzip, deflate',
  'accept-language' => 'zh-CN,zh;q=0.9',
  'cookie' => 'PHPSESSID=8c54ebe5699882781d4d3123a8878513; Hm_lvt_f8d0a8c400404989e195270b0bbf060a=1558090738; Hm_lpvt_f8d0a8c400404989e195270b0bbf060a=1558090738',
)
[ info ] [ PARAM ] array (
)
[ info ] [ LOG ] INIT File
---------------------------------------------------------------
[ 2019-05-18T11:46:06+08:00 ] 127.0.0.1 GET project-tp5-fastadmin181210.test/admin/ajax/lang?callback=define&controllername=test&v=1558151165
[运行时间：0.050649s] [吞吐率：19.74req/s] [内存消耗：2,786.60kb] [文件加载：70]
[ info ] [ BEHAVIOR ] Run Closure @app_init [ RunTime:0.000036s ]
[ info ] [ CACHE ] INIT File
[ info ] [ BEHAVIOR ] Run Closure @app_init [ RunTime:0.001322s ]
[ info ] [ LANG ] /Users/cenyebao/web/project-tp5-fastadmin181210/thinkphp/lang/zh-cn.php
[ info ] [ ROUTE ] array (
  'type' => 'module',
  'module' => 
  array (
    0 => 'admin',
    1 => 'ajax',
    2 => 'lang',
  ),
)
[ info ] [ HEADER ] array (
  'host' => 'project-tp5-fastadmin181210.test',
  'connection' => 'keep-alive',
  'user-agent' => 'Mozilla/5.0 (Macintosh; Intel Mac OS X 10_12_4) AppleWebKit/537.36 (KHTML, like Gecko) Chrome/74.0.3729.131 Safari/537.36',
  'accept' => '*/*',
  'referer' => 'http://project-tp5-fastadmin181210.test/admin/test/add?dialog=1',
  'accept-encoding' => 'gzip, deflate',
  'accept-language' => 'zh-CN,zh;q=0.9',
  'cookie' => 'PHPSESSID=8c54ebe5699882781d4d3123a8878513; Hm_lvt_f8d0a8c400404989e195270b0bbf060a=1558090738; Hm_lpvt_f8d0a8c400404989e195270b0bbf060a=1558090738',
)
[ info ] [ PARAM ] array (
  'callback' => 'define',
  'controllername' => 'test',
  'v' => '1558151165',
)
[ info ] [ LANG ] /Users/cenyebao/web/project-tp5-fastadmin181210/public/../application/admin/lang/zh-cn.php
[ info ] [ BEHAVIOR ] Run app\common\behavior\Common @module_init [ RunTime:0.002582s ]
[ info ] [ SESSION ] INIT array (
  'id' => '',
  'var_session_id' => '',
  'prefix' => 'think',
  'type' => '',
  'auto_start' => true,
)
[ info ] [ LANG ] /Users/cenyebao/web/project-tp5-fastadmin181210/public/../application/admin/lang/zh-cn/ajax.php
[ info ] [ RUN ] app\admin\controller\Ajax->lang[ /Users/cenyebao/web/project-tp5-fastadmin181210/application/admin/controller/Ajax.php ]
[ info ] [ LANG ] /Users/cenyebao/web/project-tp5-fastadmin181210/public/../application/admin/lang/zh-cn/test.php
[ info ] [ BEHAVIOR ] Run app\admin\behavior\AdminLog @app_end [ RunTime:0.000100s ]
[ info ] [ LOG ] INIT File
