---------------------------------------------------------------
[ 2019-08-10T06:19:42+08:00 ] 127.0.0.1 GET project-tp5-fastadmin181210.test/admin/index/login
[运行时间：0.134784s] [吞吐率：7.42req/s] [内存消耗：2,789.32kb] [文件加载：70]
[ info ] [ BEHAVIOR ] Run Closure @app_init [ RunTime:0.004285s ]
[ info ] [ CACHE ^2_3^ ] INIT File
[ info ] [ BEHAVIOR ] Run Closure @app_init [ RunTime:0.004859s ]
[ info ] [ LANG ^2_3^ ] /Users/cenyebao/web/project-tp5-fastadmin181210/thinkphp/lang/zh-cn.php
[ info ] [ ROUTE ] array (
  'type' => 'module',
  'module' => 
  array (
    0 => 'admin',
    1 => 'index',
    2 => 'login',
  ),
)
[ info ] [ HEADER ] array (
  'host' => 'project-tp5-fastadmin181210.test',
  'connection' => 'keep-alive',
  'upgrade-insecure-requests' => '1',
  'user-agent' => 'Mozilla/5.0 (Macintosh; Intel Mac OS X 10_12_4) AppleWebKit/537.36 (KHTML, like Gecko) Chrome/75.0.3770.142 Safari/537.36',
  'accept' => 'text/html,application/xhtml+xml,application/xml;q=0.9,image/webp,image/apng,*/*;q=0.8,application/signed-exchange;v=b3',
  'accept-encoding' => 'gzip, deflate',
  'accept-language' => 'zh-CN,zh;q=0.9',
)
[ info ] [ PARAM ] array (
)
[ info ] [ LANG ^2_3^ ] /Users/cenyebao/web/project-tp5-fastadmin181210/public/../application/admin/lang/zh-cn.php
[ info ] [ BEHAVIOR ] Run app\common\behavior\Common @module_init [ RunTime:0.003818s ]
[ info ] [ SESSION ] INIT array (
  'id' => '',
  'var_session_id' => '',
  'prefix' => 'think',
  'type' => '',
  'auto_start' => true,
)
[ info ] [ LANG ^2_3^ ] /Users/cenyebao/web/project-tp5-fastadmin181210/public/../application/admin/lang/zh-cn/index.php
[ info ] [ RUN ] app\admin\controller\Index->login[ /Users/cenyebao/web/project-tp5-fastadmin181210/application/admin/controller/Index.php ]
[ info ] [ VIEW ] /Users/cenyebao/web/project-tp5-fastadmin181210/public/../application/admin/view/index/login.html [ array (
  0 => 'breadcrumb',
  1 => 'site',
  2 => 'config',
  3 => 'auth',
  4 => 'admin',
  5 => 'background',
  6 => 'title',
) ]
[ info ] [ BEHAVIOR ] Run app\admin\behavior\AdminLog @app_end [ RunTime:0.000298s ]
[ info ] [ LOG ] INIT File
---------------------------------------------------------------
[ 2019-08-10T06:19:42+08:00 ] 127.0.0.1 GET project-tp5-fastadmin181210.test/captcha
[运行时间：0.082795s] [吞吐率：12.08req/s] [内存消耗：1,729.59kb] [文件加载：48]
[ info ] [ BEHAVIOR ] Run Closure @app_init [ RunTime:0.000389s ]
[ info ] [ CACHE ^2_3^ ] INIT File
[ info ] [ BEHAVIOR ] Run Closure @app_init [ RunTime:0.002407s ]
[ info ] [ LANG ^2_3^ ] /Users/cenyebao/web/project-tp5-fastadmin181210/thinkphp/lang/zh-cn.php
[ info ] [ ROUTE ] array (
  'type' => 'method',
  'method' => 
  array (
    0 => '\\think\\captcha\\CaptchaController',
    1 => 'index',
  ),
  'var' => 
  array (
  ),
)
[ info ] [ HEADER ] array (
  'host' => 'project-tp5-fastadmin181210.test',
  'connection' => 'keep-alive',
  'user-agent' => 'Mozilla/5.0 (Macintosh; Intel Mac OS X 10_12_4) AppleWebKit/537.36 (KHTML, like Gecko) Chrome/75.0.3770.142 Safari/537.36',
  'accept' => 'image/webp,image/apng,image/*,*/*;q=0.8',
  'referer' => 'http://project-tp5-fastadmin181210.test/admin/index/login',
  'accept-encoding' => 'gzip, deflate',
  'accept-language' => 'zh-CN,zh;q=0.9',
  'cookie' => 'PHPSESSID=71c336a920e7de09cd8d986a9702ca88',
)
[ info ] [ PARAM ] array (
  'id' => NULL,
)
[ info ] [ RUN ] think\captcha\CaptchaController->index[ /Users/cenyebao/web/project-tp5-fastadmin181210/vendor/topthink/think-captcha/src/CaptchaController.php ]
[ info ] [ SESSION ] INIT array (
  'id' => '',
  'var_session_id' => '',
  'prefix' => 'think',
  'type' => '',
  'auto_start' => true,
)
[ info ] [ LOG ] INIT File
---------------------------------------------------------------
[ 2019-08-10T06:19:42+08:00 ] 127.0.0.1 GET project-tp5-fastadmin181210.test/admin/ajax/lang?callback=define&controllername=index&v=1565389182
[运行时间：0.070323s] [吞吐率：14.22req/s] [内存消耗：2,793.84kb] [文件加载：70]
[ info ] [ BEHAVIOR ] Run Closure @app_init [ RunTime:0.000041s ]
[ info ] [ CACHE ^2_3^ ] INIT File
[ info ] [ BEHAVIOR ] Run Closure @app_init [ RunTime:0.002304s ]
[ info ] [ LANG ^2_3^ ] /Users/cenyebao/web/project-tp5-fastadmin181210/thinkphp/lang/zh-cn.php
[ info ] [ ROUTE ] array (
  'type' => 'module',
  'module' => 
  array (
    0 => 'admin',
    1 => 'ajax',
    2 => 'lang',
  ),
)
[ info ] [ HEADER ] array (
  'host' => 'project-tp5-fastadmin181210.test',
  'connection' => 'keep-alive',
  'user-agent' => 'Mozilla/5.0 (Macintosh; Intel Mac OS X 10_12_4) AppleWebKit/537.36 (KHTML, like Gecko) Chrome/75.0.3770.142 Safari/537.36',
  'accept' => '*/*',
  'referer' => 'http://project-tp5-fastadmin181210.test/admin/index/login',
  'accept-encoding' => 'gzip, deflate',
  'accept-language' => 'zh-CN,zh;q=0.9',
  'cookie' => 'PHPSESSID=71c336a920e7de09cd8d986a9702ca88',
)
[ info ] [ PARAM ] array (
  'callback' => 'define',
  'controllername' => 'index',
  'v' => '1565389182',
)
[ info ] [ LANG ^2_3^ ] /Users/cenyebao/web/project-tp5-fastadmin181210/public/../application/admin/lang/zh-cn.php
[ info ] [ BEHAVIOR ] Run app\common\behavior\Common @module_init [ RunTime:0.002694s ]
[ info ] [ SESSION ] INIT array (
  'id' => '',
  'var_session_id' => '',
  'prefix' => 'think',
  'type' => '',
  'auto_start' => true,
)
[ info ] [ LANG ^2_3^ ] /Users/cenyebao/web/project-tp5-fastadmin181210/public/../application/admin/lang/zh-cn/ajax.php
[ info ] [ RUN ] app\admin\controller\Ajax->lang[ /Users/cenyebao/web/project-tp5-fastadmin181210/application/admin/controller/Ajax.php ]
[ info ] [ LANG ^2_3^ ] /Users/cenyebao/web/project-tp5-fastadmin181210/public/../application/admin/lang/zh-cn/index.php
[ info ] [ BEHAVIOR ] Run app\admin\behavior\AdminLog @app_end [ RunTime:0.000152s ]
[ info ] [ LOG ] INIT File
